
AVRASM ver. 2.1.30  C:\Users\ferre\Desktop\projetoFinal\parte4\Debug\List\Combustivel.asm Fri Aug 20 13:58:35 2021

                 
                 
                 ;CodeVisionAVR C Compiler V3.45 Evaluation
                 ;(C) Copyright 1998-2021 Pavel Haiduc, HP InfoTech S.R.L.
                 ;http://www.hpinfotech.ro
                 
                 ;Build configuration    : Debug
                 ;Chip type              : ATmega32
                 ;Program type           : Application
                 ;Clock frequency        : 8.000000 MHz
                 ;Memory model           : Small
                 ;Optimize for           : Size
                 ;(s)printf features     : int, width
                 ;(s)scanf features      : int, width
                 ;External RAM size      : 0
                 ;Data Stack size        : 512 byte(s)
                 ;Heap size              : 0 byte(s)
                 ;Promote 'char' to 'int': Yes
                 ;'char' is unsigned     : Yes
                 ;8 bit enums            : Yes
                 ;Global 'const' stored in FLASH: No
                 ;Enhanced function parameter passing: Mode 2
                 ;Enhanced core instructions: On
                 ;Automatic register allocation for global variables: On
                 ;Smart register allocation: On
                 
                 	#define _MODEL_SMALL_
                 
                 	#pragma AVRPART ADMIN PART_NAME ATmega32
                 	#pragma AVRPART MEMORY PROG_FLASH 32768
                 	#pragma AVRPART MEMORY EEPROM 1024
                 	#pragma AVRPART MEMORY INT_SRAM SIZE 2048
                 	#pragma AVRPART MEMORY INT_SRAM START_ADDR 0x60
                 
                 	#define CALL_SUPPORTED 1
                 
                 	.LISTMAC
                 	.EQU UDRE=0x5
                 	.EQU RXC=0x7
                 	.EQU USR=0xB
                 	.EQU UDR=0xC
                 	.EQU SPSR=0xE
                 	.EQU SPDR=0xF
                 	.EQU EERE=0x0
                 	.EQU EEWE=0x1
                 	.EQU EEMWE=0x2
                 	.EQU EECR=0x1C
                 	.EQU EEDR=0x1D
                 	.EQU EEARL=0x1E
                 	.EQU EEARH=0x1F
                 	.EQU WDTCR=0x21
                 	.EQU MCUCR=0x35
                 	.EQU GICR=0x3B
                 	.EQU SPL=0x3D
                 	.EQU SPH=0x3E
                 	.EQU SREG=0x3F
                 
                 	.DEF R0X0=R0
                 	.DEF R0X1=R1
                 	.DEF R0X2=R2
                 	.DEF R0X3=R3
                 	.DEF R0X4=R4
                 	.DEF R0X5=R5
                 	.DEF R0X6=R6
                 	.DEF R0X7=R7
                 	.DEF R0X8=R8
                 	.DEF R0X9=R9
                 	.DEF R0XA=R10
                 	.DEF R0XB=R11
                 	.DEF R0XC=R12
                 	.DEF R0XD=R13
                 	.DEF R0XE=R14
                 	.DEF R0XF=R15
                 	.DEF R0X10=R16
                 	.DEF R0X11=R17
                 	.DEF R0X12=R18
                 	.DEF R0X13=R19
                 	.DEF R0X14=R20
                 	.DEF R0X15=R21
                 	.DEF R0X16=R22
                 	.DEF R0X17=R23
                 	.DEF R0X18=R24
                 	.DEF R0X19=R25
                 	.DEF R0X1A=R26
                 	.DEF R0X1B=R27
                 	.DEF R0X1C=R28
                 	.DEF R0X1D=R29
                 	.DEF R0X1E=R30
                 	.DEF R0X1F=R31
                 
                 	.EQU __SRAM_START=0x0060
                 	.EQU __SRAM_END=0x085F
                 	.EQU __DSTACK_SIZE=0x0200
                 	.EQU __HEAP_SIZE=0x0000
                 	.EQU __CLEAR_SRAM_SIZE=__SRAM_END-__SRAM_START+1
                 
                 	.MACRO __CPD1N
                 	CPI  R30,LOW(@0)
                 	LDI  R26,HIGH(@0)
                 	CPC  R31,R26
                 	LDI  R26,BYTE3(@0)
                 	CPC  R22,R26
                 	LDI  R26,BYTE4(@0)
                 	CPC  R23,R26
                 	.ENDM
                 
                 	.MACRO __CPD2N
                 	CPI  R26,LOW(@0)
                 	LDI  R30,HIGH(@0)
                 	CPC  R27,R30
                 	LDI  R30,BYTE3(@0)
                 	CPC  R24,R30
                 	LDI  R30,BYTE4(@0)
                 	CPC  R25,R30
                 	.ENDM
                 
                 	.MACRO __CPWRR
                 	CP   R@0,R@2
                 	CPC  R@1,R@3
                 	.ENDM
                 
                 	.MACRO __CPWRN
                 	CPI  R@0,LOW(@2)
                 	LDI  R30,HIGH(@2)
                 	CPC  R@1,R30
                 	.ENDM
                 
                 	.MACRO __ADDB1MN
                 	SUBI R30,LOW(-@0-(@1))
                 	.ENDM
                 
                 	.MACRO __ADDB2MN
                 	SUBI R26,LOW(-@0-(@1))
                 	.ENDM
                 
                 	.MACRO __ADDW1MN
                 	SUBI R30,LOW(-@0-(@1))
                 	SBCI R31,HIGH(-@0-(@1))
                 	.ENDM
                 
                 	.MACRO __ADDW2MN
                 	SUBI R26,LOW(-@0-(@1))
                 	SBCI R27,HIGH(-@0-(@1))
                 	.ENDM
                 
                 	.MACRO __ADDW1FN
                 	SUBI R30,LOW(-2*@0-(@1))
                 	SBCI R31,HIGH(-2*@0-(@1))
                 	.ENDM
                 
                 	.MACRO __ADDD1FN
                 	SUBI R30,LOW(-2*@0-(@1))
                 	SBCI R31,HIGH(-2*@0-(@1))
                 	SBCI R22,BYTE3(-2*@0-(@1))
                 	.ENDM
                 
                 	.MACRO __ADDD1N
                 	SUBI R30,LOW(-@0)
                 	SBCI R31,HIGH(-@0)
                 	SBCI R22,BYTE3(-@0)
                 	SBCI R23,BYTE4(-@0)
                 	.ENDM
                 
                 	.MACRO __ADDD2N
                 	SUBI R26,LOW(-@0)
                 	SBCI R27,HIGH(-@0)
                 	SBCI R24,BYTE3(-@0)
                 	SBCI R25,BYTE4(-@0)
                 	.ENDM
                 
                 	.MACRO __SUBD1N
                 	SUBI R30,LOW(@0)
                 	SBCI R31,HIGH(@0)
                 	SBCI R22,BYTE3(@0)
                 	SBCI R23,BYTE4(@0)
                 	.ENDM
                 
                 	.MACRO __SUBD2N
                 	SUBI R26,LOW(@0)
                 	SBCI R27,HIGH(@0)
                 	SBCI R24,BYTE3(@0)
                 	SBCI R25,BYTE4(@0)
                 	.ENDM
                 
                 	.MACRO __ANDBMNN
                 	LDS  R30,@0+(@1)
                 	ANDI R30,LOW(@2)
                 	STS  @0+(@1),R30
                 	.ENDM
                 
                 	.MACRO __ANDWMNN
                 	LDS  R30,@0+(@1)
                 	ANDI R30,LOW(@2)
                 	STS  @0+(@1),R30
                 	LDS  R30,@0+(@1)+1
                 	ANDI R30,HIGH(@2)
                 	STS  @0+(@1)+1,R30
                 	.ENDM
                 
                 	.MACRO __ANDD1N
                 	ANDI R30,LOW(@0)
                 	ANDI R31,HIGH(@0)
                 	ANDI R22,BYTE3(@0)
                 	ANDI R23,BYTE4(@0)
                 	.ENDM
                 
                 	.MACRO __ANDD2N
                 	ANDI R26,LOW(@0)
                 	ANDI R27,HIGH(@0)
                 	ANDI R24,BYTE3(@0)
                 	ANDI R25,BYTE4(@0)
                 	.ENDM
                 
                 	.MACRO __ORBMNN
                 	LDS  R30,@0+(@1)
                 	ORI  R30,LOW(@2)
                 	STS  @0+(@1),R30
                 	.ENDM
                 
                 	.MACRO __ORWMNN
                 	LDS  R30,@0+(@1)
                 	ORI  R30,LOW(@2)
                 	STS  @0+(@1),R30
                 	LDS  R30,@0+(@1)+1
                 	ORI  R30,HIGH(@2)
                 	STS  @0+(@1)+1,R30
                 	.ENDM
                 
                 	.MACRO __ORD1N
                 	ORI  R30,LOW(@0)
                 	ORI  R31,HIGH(@0)
                 	ORI  R22,BYTE3(@0)
                 	ORI  R23,BYTE4(@0)
                 	.ENDM
                 
                 	.MACRO __ORD2N
                 	ORI  R26,LOW(@0)
                 	ORI  R27,HIGH(@0)
                 	ORI  R24,BYTE3(@0)
                 	ORI  R25,BYTE4(@0)
                 	.ENDM
                 
                 	.MACRO __DELAY_USB
                 	LDI  R24,LOW(@0)
                 __DELAY_USB_LOOP:
                 	DEC  R24
                 	BRNE __DELAY_USB_LOOP
                 	.ENDM
                 
                 	.MACRO __DELAY_USW
                 	LDI  R24,LOW(@0)
                 	LDI  R25,HIGH(@0)
                 __DELAY_USW_LOOP:
                 	SBIW R24,1
                 	BRNE __DELAY_USW_LOOP
                 	.ENDM
                 
                 	.MACRO __GETW1P
                 	LD   R30,X+
                 	LD   R31,X
                 	SBIW R26,1
                 	.ENDM
                 
                 	.MACRO __GETD1S
                 	LDD  R30,Y+@0
                 	LDD  R31,Y+@0+1
                 	LDD  R22,Y+@0+2
                 	LDD  R23,Y+@0+3
                 	.ENDM
                 
                 	.MACRO __GETD2S
                 	LDD  R26,Y+@0
                 	LDD  R27,Y+@0+1
                 	LDD  R24,Y+@0+2
                 	LDD  R25,Y+@0+3
                 	.ENDM
                 
                 	.MACRO __GETD1P_INC
                 	LD   R30,X+
                 	LD   R31,X+
                 	LD   R22,X+
                 	LD   R23,X+
                 	.ENDM
                 
                 	.MACRO __GETD1P_DEC
                 	LD   R23,-X
                 	LD   R22,-X
                 	LD   R31,-X
                 	LD   R30,-X
                 	.ENDM
                 
                 	.MACRO __PUTDP1
                 	ST   X+,R30
                 	ST   X+,R31
                 	ST   X+,R22
                 	ST   X,R23
                 	.ENDM
                 
                 	.MACRO __PUTDP1_DEC
                 	ST   -X,R23
                 	ST   -X,R22
                 	ST   -X,R31
                 	ST   -X,R30
                 	.ENDM
                 
                 	.MACRO __PUTD1S
                 	STD  Y+@0,R30
                 	STD  Y+@0+1,R31
                 	STD  Y+@0+2,R22
                 	STD  Y+@0+3,R23
                 	.ENDM
                 
                 	.MACRO __PUTD2S
                 	STD  Y+@0,R26
                 	STD  Y+@0+1,R27
                 	STD  Y+@0+2,R24
                 	STD  Y+@0+3,R25
                 	.ENDM
                 
                 	.MACRO __PUTDZ2
                 	STD  Z+@0,R26
                 	STD  Z+@0+1,R27
                 	STD  Z+@0+2,R24
                 	STD  Z+@0+3,R25
                 	.ENDM
                 
                 	.MACRO __CLRD1S
                 	STD  Y+@0,R30
                 	STD  Y+@0+1,R30
                 	STD  Y+@0+2,R30
                 	STD  Y+@0+3,R30
                 	.ENDM
                 
                 	.MACRO __CPD10
                 	SBIW R30,0
                 	SBCI R22,0
                 	SBCI R23,0
                 	.ENDM
                 
                 	.MACRO __CPD20
                 	SBIW R26,0
                 	SBCI R24,0
                 	SBCI R25,0
                 	.ENDM
                 
                 	.MACRO __ADDD12
                 	ADD  R30,R26
                 	ADC  R31,R27
                 	ADC  R22,R24
                 	ADC  R23,R25
                 	.ENDM
                 
                 	.MACRO __ADDD21
                 	ADD  R26,R30
                 	ADC  R27,R31
                 	ADC  R24,R22
                 	ADC  R25,R23
                 	.ENDM
                 
                 	.MACRO __SUBD12
                 	SUB  R30,R26
                 	SBC  R31,R27
                 	SBC  R22,R24
                 	SBC  R23,R25
                 	.ENDM
                 
                 	.MACRO __SUBD21
                 	SUB  R26,R30
                 	SBC  R27,R31
                 	SBC  R24,R22
                 	SBC  R25,R23
                 	.ENDM
                 
                 	.MACRO __ANDD12
                 	AND  R30,R26
                 	AND  R31,R27
                 	AND  R22,R24
                 	AND  R23,R25
                 	.ENDM
                 
                 	.MACRO __ORD12
                 	OR   R30,R26
                 	OR   R31,R27
                 	OR   R22,R24
                 	OR   R23,R25
                 	.ENDM
                 
                 	.MACRO __XORD12
                 	EOR  R30,R26
                 	EOR  R31,R27
                 	EOR  R22,R24
                 	EOR  R23,R25
                 	.ENDM
                 
                 	.MACRO __XORD21
                 	EOR  R26,R30
                 	EOR  R27,R31
                 	EOR  R24,R22
                 	EOR  R25,R23
                 	.ENDM
                 
                 	.MACRO __COMD1
                 	COM  R30
                 	COM  R31
                 	COM  R22
                 	COM  R23
                 	.ENDM
                 
                 	.MACRO __MULD2_2
                 	LSL  R26
                 	ROL  R27
                 	ROL  R24
                 	ROL  R25
                 	.ENDM
                 
                 	.MACRO __LSRD1
                 	LSR  R23
                 	ROR  R22
                 	ROR  R31
                 	ROR  R30
                 	.ENDM
                 
                 	.MACRO __LSLD1
                 	LSL  R30
                 	ROL  R31
                 	ROL  R22
                 	ROL  R23
                 	.ENDM
                 
                 	.MACRO __ASRB4
                 	ASR  R30
                 	ASR  R30
                 	ASR  R30
                 	ASR  R30
                 	.ENDM
                 
                 	.MACRO __ASRW8
                 	MOV  R30,R31
                 	CLR  R31
                 	SBRC R30,7
                 	SER  R31
                 	.ENDM
                 
                 	.MACRO __LSRD16
                 	MOV  R30,R22
                 	MOV  R31,R23
                 	LDI  R22,0
                 	LDI  R23,0
                 	.ENDM
                 
                 	.MACRO __LSLD16
                 	MOV  R22,R30
                 	MOV  R23,R31
                 	LDI  R30,0
                 	LDI  R31,0
                 	.ENDM
                 
                 	.MACRO __CWD1
                 	MOV  R22,R31
                 	ADD  R22,R22
                 	SBC  R22,R22
                 	MOV  R23,R22
                 	.ENDM
                 
                 	.MACRO __CWD2
                 	MOV  R24,R27
                 	ADD  R24,R24
                 	SBC  R24,R24
                 	MOV  R25,R24
                 	.ENDM
                 
                 	.MACRO __SETMSD1
                 	SER  R31
                 	SER  R22
                 	SER  R23
                 	.ENDM
                 
                 	.MACRO __ADDW1R15
                 	CLR  R0
                 	ADD  R30,R15
                 	ADC  R31,R0
                 	.ENDM
                 
                 	.MACRO __ADDW2R15
                 	CLR  R0
                 	ADD  R26,R15
                 	ADC  R27,R0
                 	.ENDM
                 
                 	.MACRO __EQB12
                 	CP   R30,R26
                 	LDI  R30,1
                 	BREQ PC+2
                 	CLR  R30
                 	.ENDM
                 
                 	.MACRO __NEB12
                 	CP   R30,R26
                 	LDI  R30,1
                 	BRNE PC+2
                 	CLR  R30
                 	.ENDM
                 
                 	.MACRO __LEB12
                 	CP   R30,R26
                 	LDI  R30,1
                 	BRGE PC+2
                 	CLR  R30
                 	.ENDM
                 
                 	.MACRO __GEB12
                 	CP   R26,R30
                 	LDI  R30,1
                 	BRGE PC+2
                 	CLR  R30
                 	.ENDM
                 
                 	.MACRO __LTB12
                 	CP   R26,R30
                 	LDI  R30,1
                 	BRLT PC+2
                 	CLR  R30
                 	.ENDM
                 
                 	.MACRO __GTB12
                 	CP   R30,R26
                 	LDI  R30,1
                 	BRLT PC+2
                 	CLR  R30
                 	.ENDM
                 
                 	.MACRO __LEB12U
                 	CP   R30,R26
                 	LDI  R30,1
                 	BRSH PC+2
                 	CLR  R30
                 	.ENDM
                 
                 	.MACRO __GEB12U
                 	CP   R26,R30
                 	LDI  R30,1
                 	BRSH PC+2
                 	CLR  R30
                 	.ENDM
                 
                 	.MACRO __LTB12U
                 	CP   R26,R30
                 	LDI  R30,1
                 	BRLO PC+2
                 	CLR  R30
                 	.ENDM
                 
                 	.MACRO __GTB12U
                 	CP   R30,R26
                 	LDI  R30,1
                 	BRLO PC+2
                 	CLR  R30
                 	.ENDM
                 
                 	.MACRO __CPW01
                 	CLR  R0
                 	CP   R0,R30
                 	CPC  R0,R31
                 	.ENDM
                 
                 	.MACRO __CPW02
                 	CLR  R0
                 	CP   R0,R26
                 	CPC  R0,R27
                 	.ENDM
                 
                 	.MACRO __CPD12
                 	CP   R30,R26
                 	CPC  R31,R27
                 	CPC  R22,R24
                 	CPC  R23,R25
                 	.ENDM
                 
                 	.MACRO __CPD21
                 	CP   R26,R30
                 	CPC  R27,R31
                 	CPC  R24,R22
                 	CPC  R25,R23
                 	.ENDM
                 
                 	.MACRO __BSTB1
                 	CLT
                 	TST  R30
                 	BREQ PC+2
                 	SET
                 	.ENDM
                 
                 	.MACRO __LNEGB1
                 	TST  R30
                 	LDI  R30,1
                 	BREQ PC+2
                 	CLR  R30
                 	.ENDM
                 
                 	.MACRO __LNEGW1
                 	OR   R30,R31
                 	LDI  R30,1
                 	BREQ PC+2
                 	LDI  R30,0
                 	.ENDM
                 
                 	.MACRO __POINTB1MN
                 	LDI  R30,LOW(@0+(@1))
                 	.ENDM
                 
                 	.MACRO __POINTW1MN
                 	LDI  R30,LOW(@0+(@1))
                 	LDI  R31,HIGH(@0+(@1))
                 	.ENDM
                 
                 	.MACRO __POINTD1M
                 	LDI  R30,LOW(@0)
                 	LDI  R31,HIGH(@0)
                 	LDI  R22,BYTE3(@0)
                 	LDI  R23,BYTE4(@0)
                 	.ENDM
                 
                 	.MACRO __POINTW1FN
                 	LDI  R30,LOW(2*@0+(@1))
                 	LDI  R31,HIGH(2*@0+(@1))
                 	.ENDM
                 
                 	.MACRO __POINTD1FN
                 	LDI  R30,LOW(2*@0+(@1))
                 	LDI  R31,HIGH(2*@0+(@1))
                 	LDI  R22,BYTE3(2*@0+(@1))
                 	LDI  R23,BYTE4(2*@0+(@1))
                 	.ENDM
                 
                 	.MACRO __POINTB2MN
                 	LDI  R26,LOW(@0+(@1))
                 	.ENDM
                 
                 	.MACRO __POINTW2MN
                 	LDI  R26,LOW(@0+(@1))
                 	LDI  R27,HIGH(@0+(@1))
                 	.ENDM
                 
                 	.MACRO __POINTD2M
                 	LDI  R26,LOW(@0)
                 	LDI  R27,HIGH(@0)
                 	LDI  R24,BYTE3(@0)
                 	LDI  R25,BYTE4(@0)
                 	.ENDM
                 
                 	.MACRO __POINTW2FN
                 	LDI  R26,LOW(2*@0+(@1))
                 	LDI  R27,HIGH(2*@0+(@1))
                 	.ENDM
                 
                 	.MACRO __POINTD2FN
                 	LDI  R26,LOW(2*@0+(@1))
                 	LDI  R27,HIGH(2*@0+(@1))
                 	LDI  R24,BYTE3(2*@0+(@1))
                 	LDI  R25,BYTE4(2*@0+(@1))
                 	.ENDM
                 
                 	.MACRO __POINTBRM
                 	LDI  R@0,LOW(@1)
                 	.ENDM
                 
                 	.MACRO __POINTWRM
                 	LDI  R@0,LOW(@2)
                 	LDI  R@1,HIGH(@2)
                 	.ENDM
                 
                 	.MACRO __POINTBRMN
                 	LDI  R@0,LOW(@1+(@2))
                 	.ENDM
                 
                 	.MACRO __POINTWRMN
                 	LDI  R@0,LOW(@2+(@3))
                 	LDI  R@1,HIGH(@2+(@3))
                 	.ENDM
                 
                 	.MACRO __POINTWRFN
                 	LDI  R@0,LOW(@2*2+(@3))
                 	LDI  R@1,HIGH(@2*2+(@3))
                 	.ENDM
                 
                 	.MACRO __GETD1N
                 	LDI  R30,LOW(@0)
                 	LDI  R31,HIGH(@0)
                 	LDI  R22,BYTE3(@0)
                 	LDI  R23,BYTE4(@0)
                 	.ENDM
                 
                 	.MACRO __GETD2N
                 	LDI  R26,LOW(@0)
                 	LDI  R27,HIGH(@0)
                 	LDI  R24,BYTE3(@0)
                 	LDI  R25,BYTE4(@0)
                 	.ENDM
                 
                 	.MACRO __GETB1MN
                 	LDS  R30,@0+(@1)
                 	.ENDM
                 
                 	.MACRO __GETB1HMN
                 	LDS  R31,@0+(@1)
                 	.ENDM
                 
                 	.MACRO __GETW1MN
                 	LDS  R30,@0+(@1)
                 	LDS  R31,@0+(@1)+1
                 	.ENDM
                 
                 	.MACRO __GETD1MN
                 	LDS  R30,@0+(@1)
                 	LDS  R31,@0+(@1)+1
                 	LDS  R22,@0+(@1)+2
                 	LDS  R23,@0+(@1)+3
                 	.ENDM
                 
                 	.MACRO __GETBRMN
                 	LDS  R@0,@1+(@2)
                 	.ENDM
                 
                 	.MACRO __GETWRMN
                 	LDS  R@0,@2+(@3)
                 	LDS  R@1,@2+(@3)+1
                 	.ENDM
                 
                 	.MACRO __GETWRZ
                 	LDD  R@0,Z+@2
                 	LDD  R@1,Z+@2+1
                 	.ENDM
                 
                 	.MACRO __GETD2Z
                 	LDD  R26,Z+@0
                 	LDD  R27,Z+@0+1
                 	LDD  R24,Z+@0+2
                 	LDD  R25,Z+@0+3
                 	.ENDM
                 
                 	.MACRO __GETB2MN
                 	LDS  R26,@0+(@1)
                 	.ENDM
                 
                 	.MACRO __GETW2MN
                 	LDS  R26,@0+(@1)
                 	LDS  R27,@0+(@1)+1
                 	.ENDM
                 
                 	.MACRO __GETD2MN
                 	LDS  R26,@0+(@1)
                 	LDS  R27,@0+(@1)+1
                 	LDS  R24,@0+(@1)+2
                 	LDS  R25,@0+(@1)+3
                 	.ENDM
                 
                 	.MACRO __PUTB1MN
                 	STS  @0+(@1),R30
                 	.ENDM
                 
                 	.MACRO __PUTW1MN
                 	STS  @0+(@1),R30
                 	STS  @0+(@1)+1,R31
                 	.ENDM
                 
                 	.MACRO __PUTD1MN
                 	STS  @0+(@1),R30
                 	STS  @0+(@1)+1,R31
                 	STS  @0+(@1)+2,R22
                 	STS  @0+(@1)+3,R23
                 	.ENDM
                 
                 	.MACRO __PUTB1EN
                 	LDI  R26,LOW(@0+(@1))
                 	LDI  R27,HIGH(@0+(@1))
                 	CALL __EEPROMWRB
                 	.ENDM
                 
                 	.MACRO __PUTW1EN
                 	LDI  R26,LOW(@0+(@1))
                 	LDI  R27,HIGH(@0+(@1))
                 	CALL __EEPROMWRW
                 	.ENDM
                 
                 	.MACRO __PUTD1EN
                 	LDI  R26,LOW(@0+(@1))
                 	LDI  R27,HIGH(@0+(@1))
                 	CALL __EEPROMWRD
                 	.ENDM
                 
                 	.MACRO __PUTBR0MN
                 	STS  @0+(@1),R0
                 	.ENDM
                 
                 	.MACRO __PUTBMRN
                 	STS  @0+(@1),R@2
                 	.ENDM
                 
                 	.MACRO __PUTWMRN
                 	STS  @0+(@1),R@2
                 	STS  @0+(@1)+1,R@3
                 	.ENDM
                 
                 	.MACRO __PUTBZR
                 	STD  Z+@1,R@0
                 	.ENDM
                 
                 	.MACRO __PUTWZR
                 	STD  Z+@2,R@0
                 	STD  Z+@2+1,R@1
                 	.ENDM
                 
                 	.MACRO __GETW1R
                 	MOV  R30,R@0
                 	MOV  R31,R@1
                 	.ENDM
                 
                 	.MACRO __GETW2R
                 	MOV  R26,R@0
                 	MOV  R27,R@1
                 	.ENDM
                 
                 	.MACRO __GETWRN
                 	LDI  R@0,LOW(@2)
                 	LDI  R@1,HIGH(@2)
                 	.ENDM
                 
                 	.MACRO __PUTW1R
                 	MOV  R@0,R30
                 	MOV  R@1,R31
                 	.ENDM
                 
                 	.MACRO __PUTW2R
                 	MOV  R@0,R26
                 	MOV  R@1,R27
                 	.ENDM
                 
                 	.MACRO __ADDWRN
                 	SUBI R@0,LOW(-@2)
                 	SBCI R@1,HIGH(-@2)
                 	.ENDM
                 
                 	.MACRO __ADDWRR
                 	ADD  R@0,R@2
                 	ADC  R@1,R@3
                 	.ENDM
                 
                 	.MACRO __SUBWRN
                 	SUBI R@0,LOW(@2)
                 	SBCI R@1,HIGH(@2)
                 	.ENDM
                 
                 	.MACRO __SUBWRR
                 	SUB  R@0,R@2
                 	SBC  R@1,R@3
                 	.ENDM
                 
                 	.MACRO __ANDWRN
                 	ANDI R@0,LOW(@2)
                 	ANDI R@1,HIGH(@2)
                 	.ENDM
                 
                 	.MACRO __ANDWRR
                 	AND  R@0,R@2
                 	AND  R@1,R@3
                 	.ENDM
                 
                 	.MACRO __ORWRN
                 	ORI  R@0,LOW(@2)
                 	ORI  R@1,HIGH(@2)
                 	.ENDM
                 
                 	.MACRO __ORWRR
                 	OR   R@0,R@2
                 	OR   R@1,R@3
                 	.ENDM
                 
                 	.MACRO __EORWRR
                 	EOR  R@0,R@2
                 	EOR  R@1,R@3
                 	.ENDM
                 
                 	.MACRO __GETWRS
                 	LDD  R@0,Y+@2
                 	LDD  R@1,Y+@2+1
                 	.ENDM
                 
                 	.MACRO __PUTBSR
                 	STD  Y+@1,R@0
                 	.ENDM
                 
                 	.MACRO __PUTWSR
                 	STD  Y+@2,R@0
                 	STD  Y+@2+1,R@1
                 	.ENDM
                 
                 	.MACRO __MOVEWRR
                 	MOV  R@0,R@2
                 	MOV  R@1,R@3
                 	.ENDM
                 
                 	.MACRO __INWR
                 	IN   R@0,@2
                 	IN   R@1,@2+1
                 	.ENDM
                 
                 	.MACRO __OUTWR
                 	OUT  @2+1,R@1
                 	OUT  @2,R@0
                 	.ENDM
                 
                 	.MACRO __CALL1MN
                 	LDS  R30,@0+(@1)
                 	LDS  R31,@0+(@1)+1
                 	ICALL
                 	.ENDM
                 
                 	.MACRO __CALL1FN
                 	LDI  R30,LOW(2*@0+(@1))
                 	LDI  R31,HIGH(2*@0+(@1))
                 	CALL __GETW1PF
                 	ICALL
                 	.ENDM
                 
                 	.MACRO __CALL2EN
                 	PUSH R26
                 	PUSH R27
                 	LDI  R26,LOW(@0+(@1))
                 	LDI  R27,HIGH(@0+(@1))
                 	CALL __EEPROMRDW
                 	POP  R27
                 	POP  R26
                 	ICALL
                 	.ENDM
                 
                 	.MACRO __CALL2EX
                 	SUBI R26,LOW(-@0)
                 	SBCI R27,HIGH(-@0)
                 	CALL __EEPROMRDD
                 	ICALL
                 	.ENDM
                 
                 	.MACRO __GETW1STACK
                 	IN   R30,SPL
                 	IN   R31,SPH
                 	ADIW R30,@0+1
                 	LD   R0,Z+
                 	LD   R31,Z
                 	MOV  R30,R0
                 	.ENDM
                 
                 	.MACRO __GETD1STACK
                 	IN   R30,SPL
                 	IN   R31,SPH
                 	ADIW R30,@0+1
                 	LD   R0,Z+
                 	LD   R1,Z+
                 	LD   R22,Z
                 	MOVW R30,R0
                 	.ENDM
                 
                 	.MACRO __NBST
                 	BST  R@0,@1
                 	IN   R30,SREG
                 	LDI  R31,0x40
                 	EOR  R30,R31
                 	OUT  SREG,R30
                 	.ENDM
                 
                 
                 	.MACRO __PUTB1SN
                 	LDD  R26,Y+@0
                 	LDD  R27,Y+@0+1
                 	SUBI R26,LOW(-@1)
                 	SBCI R27,HIGH(-@1)
                 	ST   X,R30
                 	.ENDM
                 
                 	.MACRO __PUTW1SN
                 	LDD  R26,Y+@0
                 	LDD  R27,Y+@0+1
                 	SUBI R26,LOW(-@1)
                 	SBCI R27,HIGH(-@1)
                 	ST   X+,R30
                 	ST   X,R31
                 	.ENDM
                 
                 	.MACRO __PUTD1SN
                 	LDD  R26,Y+@0
                 	LDD  R27,Y+@0+1
                 	SUBI R26,LOW(-@1)
                 	SBCI R27,HIGH(-@1)
                 	ST   X+,R30
                 	ST   X+,R31
                 	ST   X+,R22
                 	ST   X,R23
                 	.ENDM
                 
                 	.MACRO __PUTB1SNS
                 	LDD  R26,Y+@0
                 	LDD  R27,Y+@0+1
                 	ADIW R26,@1
                 	ST   X,R30
                 	.ENDM
                 
                 	.MACRO __PUTW1SNS
                 	LDD  R26,Y+@0
                 	LDD  R27,Y+@0+1
                 	ADIW R26,@1
                 	ST   X+,R30
                 	ST   X,R31
                 	.ENDM
                 
                 	.MACRO __PUTD1SNS
                 	LDD  R26,Y+@0
                 	LDD  R27,Y+@0+1
                 	ADIW R26,@1
                 	ST   X+,R30
                 	ST   X+,R31
                 	ST   X+,R22
                 	ST   X,R23
                 	.ENDM
                 
                 	.MACRO __PUTB1PMN
                 	LDS  R26,@0
                 	LDS  R27,@0+1
                 	SUBI R26,LOW(-@1)
                 	SBCI R27,HIGH(-@1)
                 	ST   X,R30
                 	.ENDM
                 
                 	.MACRO __PUTW1PMN
                 	LDS  R26,@0
                 	LDS  R27,@0+1
                 	SUBI R26,LOW(-@1)
                 	SBCI R27,HIGH(-@1)
                 	ST   X+,R30
                 	ST   X,R31
                 	.ENDM
                 
                 	.MACRO __PUTD1PMN
                 	LDS  R26,@0
                 	LDS  R27,@0+1
                 	SUBI R26,LOW(-@1)
                 	SBCI R27,HIGH(-@1)
                 	ST   X+,R30
                 	ST   X+,R31
                 	ST   X+,R22
                 	ST   X,R23
                 	.ENDM
                 
                 	.MACRO __PUTB1PMNS
                 	LDS  R26,@0
                 	LDS  R27,@0+1
                 	ADIW R26,@1
                 	ST   X,R30
                 	.ENDM
                 
                 	.MACRO __PUTW1PMNS
                 	LDS  R26,@0
                 	LDS  R27,@0+1
                 	ADIW R26,@1
                 	ST   X+,R30
                 	ST   X,R31
                 	.ENDM
                 
                 	.MACRO __PUTD1PMNS
                 	LDS  R26,@0
                 	LDS  R27,@0+1
                 	ADIW R26,@1
                 	ST   X+,R30
                 	ST   X+,R31
                 	ST   X+,R22
                 	ST   X,R23
                 	.ENDM
                 
                 	.MACRO __PUTB1RN
                 	MOVW R26,R@0
                 	SUBI R26,LOW(-@1)
                 	SBCI R27,HIGH(-@1)
                 	ST   X,R30
                 	.ENDM
                 
                 	.MACRO __PUTW1RN
                 	MOVW R26,R@0
                 	SUBI R26,LOW(-@1)
                 	SBCI R27,HIGH(-@1)
                 	ST   X+,R30
                 	ST   X,R31
                 	.ENDM
                 
                 	.MACRO __PUTD1RN
                 	MOVW R26,R@0
                 	SUBI R26,LOW(-@1)
                 	SBCI R27,HIGH(-@1)
                 	ST   X+,R30
                 	ST   X+,R31
                 	ST   X+,R22
                 	ST   X,R23
                 	.ENDM
                 
                 	.MACRO __PUTB1RNS
                 	MOVW R26,R@0
                 	ADIW R26,@1
                 	ST   X,R30
                 	.ENDM
                 
                 	.MACRO __PUTW1RNS
                 	MOVW R26,R@0
                 	ADIW R26,@1
                 	ST   X+,R30
                 	ST   X,R31
                 	.ENDM
                 
                 	.MACRO __PUTD1RNS
                 	MOVW R26,R@0
                 	ADIW R26,@1
                 	ST   X+,R30
                 	ST   X+,R31
                 	ST   X+,R22
                 	ST   X,R23
                 	.ENDM
                 
                 	.MACRO __PUTB1RON
                 	MOV  R26,R@0
                 	MOV  R27,R@1
                 	SUBI R26,LOW(-@2)
                 	SBCI R27,HIGH(-@2)
                 	ST   X,R30
                 	.ENDM
                 
                 	.MACRO __PUTW1RON
                 	MOV  R26,R@0
                 	MOV  R27,R@1
                 	SUBI R26,LOW(-@2)
                 	SBCI R27,HIGH(-@2)
                 	ST   X+,R30
                 	ST   X,R31
                 	.ENDM
                 
                 	.MACRO __PUTD1RON
                 	MOV  R26,R@0
                 	MOV  R27,R@1
                 	SUBI R26,LOW(-@2)
                 	SBCI R27,HIGH(-@2)
                 	ST   X+,R30
                 	ST   X+,R31
                 	ST   X+,R22
                 	ST   X,R23
                 	.ENDM
                 
                 	.MACRO __PUTB1RONS
                 	MOV  R26,R@0
                 	MOV  R27,R@1
                 	ADIW R26,@2
                 	ST   X,R30
                 	.ENDM
                 
                 	.MACRO __PUTW1RONS
                 	MOV  R26,R@0
                 	MOV  R27,R@1
                 	ADIW R26,@2
                 	ST   X+,R30
                 	ST   X,R31
                 	.ENDM
                 
                 	.MACRO __PUTD1RONS
                 	MOV  R26,R@0
                 	MOV  R27,R@1
                 	ADIW R26,@2
                 	ST   X+,R30
                 	ST   X+,R31
                 	ST   X+,R22
                 	ST   X,R23
                 	.ENDM
                 
                 
                 	.MACRO __GETB1SX
                 	MOVW R30,R28
                 	SUBI R30,LOW(-@0)
                 	SBCI R31,HIGH(-@0)
                 	LD   R30,Z
                 	.ENDM
                 
                 	.MACRO __GETB1HSX
                 	MOVW R30,R28
                 	SUBI R30,LOW(-@0)
                 	SBCI R31,HIGH(-@0)
                 	LD   R31,Z
                 	.ENDM
                 
                 	.MACRO __GETW1SX
                 	MOVW R30,R28
                 	SUBI R30,LOW(-@0)
                 	SBCI R31,HIGH(-@0)
                 	CALL __GETW1Z
                 	.ENDM
                 
                 	.MACRO __GETD1SX
                 	MOVW R30,R28
                 	SUBI R30,LOW(-@0)
                 	SBCI R31,HIGH(-@0)
                 	CALL __GETD1Z
                 	.ENDM
                 
                 	.MACRO __GETB2SX
                 	MOVW R26,R28
                 	SUBI R26,LOW(-@0)
                 	SBCI R27,HIGH(-@0)
                 	LD   R26,X
                 	.ENDM
                 
                 	.MACRO __GETW2SX
                 	MOVW R26,R28
                 	SUBI R26,LOW(-@0)
                 	SBCI R27,HIGH(-@0)
                 	CALL __GETW2X
                 	.ENDM
                 
                 	.MACRO __GETD2SX
                 	MOVW R26,R28
                 	SUBI R26,LOW(-@0)
                 	SBCI R27,HIGH(-@0)
                 	CALL __GETD2X
                 	.ENDM
                 
                 	.MACRO __GETBRSX
                 	MOVW R30,R28
                 	SUBI R30,LOW(-@1)
                 	SBCI R31,HIGH(-@1)
                 	LD   R@0,Z
                 	.ENDM
                 
                 	.MACRO __GETWRSX
                 	MOVW R30,R28
                 	SUBI R30,LOW(-@2)
                 	SBCI R31,HIGH(-@2)
                 	LD   R@0,Z+
                 	LD   R@1,Z
                 	.ENDM
                 
                 	.MACRO __GETBRSX2
                 	MOVW R26,R28
                 	SUBI R26,LOW(-@1)
                 	SBCI R27,HIGH(-@1)
                 	LD   R@0,X
                 	.ENDM
                 
                 	.MACRO __GETWRSX2
                 	MOVW R26,R28
                 	SUBI R26,LOW(-@2)
                 	SBCI R27,HIGH(-@2)
                 	LD   R@0,X+
                 	LD   R@1,X
                 	.ENDM
                 
                 	.MACRO __LSLW8SX
                 	MOVW R30,R28
                 	SUBI R30,LOW(-@0)
                 	SBCI R31,HIGH(-@0)
                 	LD   R31,Z
                 	CLR  R30
                 	.ENDM
                 
                 	.MACRO __PUTB1SX
                 	MOVW R26,R28
                 	SUBI R26,LOW(-@0)
                 	SBCI R27,HIGH(-@0)
                 	ST   X,R30
                 	.ENDM
                 
                 	.MACRO __PUTW1SX
                 	MOVW R26,R28
                 	SUBI R26,LOW(-@0)
                 	SBCI R27,HIGH(-@0)
                 	ST   X+,R30
                 	ST   X,R31
                 	.ENDM
                 
                 	.MACRO __PUTD1SX
                 	MOVW R26,R28
                 	SUBI R26,LOW(-@0)
                 	SBCI R27,HIGH(-@0)
                 	ST   X+,R30
                 	ST   X+,R31
                 	ST   X+,R22
                 	ST   X,R23
                 	.ENDM
                 
                 	.MACRO __CLRW1SX
                 	MOVW R26,R28
                 	SUBI R26,LOW(-@0)
                 	SBCI R27,HIGH(-@0)
                 	ST   X+,R30
                 	ST   X,R30
                 	.ENDM
                 
                 	.MACRO __CLRD1SX
                 	MOVW R26,R28
                 	SUBI R26,LOW(-@0)
                 	SBCI R27,HIGH(-@0)
                 	ST   X+,R30
                 	ST   X+,R30
                 	ST   X+,R30
                 	ST   X,R30
                 	.ENDM
                 
                 	.MACRO __PUTB2SX
                 	MOVW R30,R28
                 	SUBI R30,LOW(-@0)
                 	SBCI R31,HIGH(-@0)
                 	ST   Z,R26
                 	.ENDM
                 
                 	.MACRO __PUTW2SX
                 	MOVW R30,R28
                 	SUBI R30,LOW(-@0)
                 	SBCI R31,HIGH(-@0)
                 	ST   Z+,R26
                 	ST   Z,R27
                 	.ENDM
                 
                 	.MACRO __PUTD2SX
                 	MOVW R30,R28
                 	SUBI R30,LOW(-@0)
                 	SBCI R31,HIGH(-@0)
                 	ST   Z+,R26
                 	ST   Z+,R27
                 	ST   Z+,R24
                 	ST   Z,R25
                 	.ENDM
                 
                 	.MACRO __PUTBSRX
                 	MOVW R30,R28
                 	SUBI R30,LOW(-@1)
                 	SBCI R31,HIGH(-@1)
                 	ST   Z,R@0
                 	.ENDM
                 
                 	.MACRO __PUTWSRX
                 	MOVW R30,R28
                 	SUBI R30,LOW(-@2)
                 	SBCI R31,HIGH(-@2)
                 	ST   Z+,R@0
                 	ST   Z,R@1
                 	.ENDM
                 
                 	.MACRO __PUTB1SNX
                 	MOVW R26,R28
                 	SUBI R26,LOW(-@0)
                 	SBCI R27,HIGH(-@0)
                 	LD   R0,X+
                 	LD   R27,X
                 	MOV  R26,R0
                 	SUBI R26,LOW(-@1)
                 	SBCI R27,HIGH(-@1)
                 	ST   X,R30
                 	.ENDM
                 
                 	.MACRO __PUTW1SNX
                 	MOVW R26,R28
                 	SUBI R26,LOW(-@0)
                 	SBCI R27,HIGH(-@0)
                 	LD   R0,X+
                 	LD   R27,X
                 	MOV  R26,R0
                 	SUBI R26,LOW(-@1)
                 	SBCI R27,HIGH(-@1)
                 	ST   X+,R30
                 	ST   X,R31
                 	.ENDM
                 
                 	.MACRO __PUTD1SNX
                 	MOVW R26,R28
                 	SUBI R26,LOW(-@0)
                 	SBCI R27,HIGH(-@0)
                 	LD   R0,X+
                 	LD   R27,X
                 	MOV  R26,R0
                 	SUBI R26,LOW(-@1)
                 	SBCI R27,HIGH(-@1)
                 	ST   X+,R30
                 	ST   X+,R31
                 	ST   X+,R22
                 	ST   X,R23
                 	.ENDM
                 
                 	.MACRO __MULBRR
                 	MULS R@0,R@1
                 	MOVW R30,R0
                 	.ENDM
                 
                 	.MACRO __MULBRRU
                 	MUL  R@0,R@1
                 	MOVW R30,R0
                 	.ENDM
                 
                 	.MACRO __MULBRR0
                 	MULS R@0,R@1
                 	.ENDM
                 
                 	.MACRO __MULBRRU0
                 	MUL  R@0,R@1
                 	.ENDM
                 
                 	.MACRO __MULBNWRU
                 	LDI  R26,@2
                 	MUL  R26,R@0
                 	MOVW R30,R0
                 	MUL  R26,R@1
                 	ADD  R31,R0
                 	.ENDM
                 
                 	.CSEG
                 	.ORG 0x00
                 
                 ;START OF CODE MARKER
                 __START_OF_CODE:
                 
                 ;INTERRUPT VECTORS
000000 940c 004c 	JMP  __RESET
000002 940c 0067 	JMP  _ext_int0_isr
000004 940c 007c 	JMP  _ext_int1_isr
000006 940c 0000 	JMP  0x00
000008 940c 0000 	JMP  0x00
00000a 940c 0000 	JMP  0x00
00000c 940c 0000 	JMP  0x00
00000e 940c 0000 	JMP  0x00
000010 940c 0000 	JMP  0x00
000012 940c 0090 	JMP  _timer1_ovf_isr
000014 940c 0000 	JMP  0x00
000016 940c 0000 	JMP  0x00
000018 940c 0000 	JMP  0x00
00001a 940c 0000 	JMP  0x00
00001c 940c 0000 	JMP  0x00
00001e 940c 0000 	JMP  0x00
000020 940c 0000 	JMP  0x00
000022 940c 0000 	JMP  0x00
000024 940c 0000 	JMP  0x00
000026 940c 0000 	JMP  0x00
000028 940c 0000 	JMP  0x00
                 
                 _tbl10_G100:
00002a 2710
00002b 03e8
00002c 0064
00002d 000a      	.DB  0x10,0x27,0xE8,0x3,0x64,0x0,0xA,0x0
00002e 0001      	.DB  0x1,0x0
                 _tbl16_G100:
00002f 1000
000030 0100
000031 0010
000032 0001      	.DB  0x0,0x10,0x0,0x1,0x10,0x0,0x1,0x0
                 
                 _0x0:
000033 6f43
000034 626d
000035 7375
000036 ed74      	.DB  0x43,0x6F,0x6D,0x62,0x75,0x73,0x74,0xED
000037 6576
000038 206c
000039 203d
00003a 6425      	.DB  0x76,0x65,0x6C,0x20,0x3D,0x20,0x25,0x64
00003b 4100
00003c 6574
00003d e76e
00003e 6fe3      	.DB  0x0,0x41,0x74,0x65,0x6E,0xE7,0xE3,0x6F
00003f 2021
000040 6553
000041 2075
000042 6f63      	.DB  0x21,0x20,0x53,0x65,0x75,0x20,0x63,0x6F
000043 626d
000044 7375
000045 ed74
000046 6576      	.DB  0x6D,0x62,0x75,0x73,0x74,0xED,0x76,0x65
000047 206c
000048 20e9
000049 6564
00004a 2520      	.DB  0x6C,0x20,0xE9,0x20,0x64,0x65,0x20,0x25
00004b 0064      	.DB  0x64,0x0
                 __RESET:
00004c 94f8      	CLI
00004d 27ee      	CLR  R30
00004e bbec      	OUT  EECR,R30
                 
                 ;INTERRUPT VECTORS ARE PLACED
                 ;AT THE START OF FLASH
00004f e0f1      	LDI  R31,1
000050 bffb      	OUT  GICR,R31
000051 bfeb      	OUT  GICR,R30
000052 bfe5      	OUT  MCUCR,R30
                 
                 ;CLEAR R2-R14
000053 e08d      	LDI  R24,(14-2)+1
000054 e0a2      	LDI  R26,2
000055 27bb      	CLR  R27
                 __CLEAR_REG:
000056 93ed      	ST   X+,R30
000057 958a      	DEC  R24
000058 f7e9      	BRNE __CLEAR_REG
                 
                 ;CLEAR SRAM
000059 e080      	LDI  R24,LOW(__CLEAR_SRAM_SIZE)
00005a e098      	LDI  R25,HIGH(__CLEAR_SRAM_SIZE)
00005b e6a0      	LDI  R26,__SRAM_START
                 __CLEAR_SRAM:
00005c 93ed      	ST   X+,R30
00005d 9701      	SBIW R24,1
00005e f7e9      	BRNE __CLEAR_SRAM
                 
                 ;HARDWARE STACK POINTER INITIALIZATION
00005f e5ef      	LDI  R30,LOW(__SRAM_END-__HEAP_SIZE)
000060 bfed      	OUT  SPL,R30
000061 e0e8      	LDI  R30,HIGH(__SRAM_END-__HEAP_SIZE)
000062 bfee      	OUT  SPH,R30
                 
                 ;DATA STACK POINTER INITIALIZATION
000063 e6c0      	LDI  R28,LOW(__SRAM_START+__DSTACK_SIZE)
000064 e0d2      	LDI  R29,HIGH(__SRAM_START+__DSTACK_SIZE)
                 
000065 940c 00c1 	JMP  _main
                 
                 	.ESEG
                 	.ORG 0x00
                 
                 	.DSEG
                 	.ORG 0x260
                 
                 	.CSEG
                 	#ifndef __SLEEP_DEFINED__
                 	#define __SLEEP_DEFINED__
                 	.EQU __se_bit=0x80
                 	.EQU __sm_mask=0x70
                 	.EQU __sm_powerdown=0x20
                 	.EQU __sm_powersave=0x30
                 	.EQU __sm_standby=0x60
                 	.EQU __sm_ext_standby=0x70
                 	.EQU __sm_adc_noise_red=0x10
                 	.SET power_ctrl_reg=mcucr
                 	#endif
                 ;interrupt [2] void ext_int0_isr(void)
                 ; 0000 0008 {  combustivel --;
                 
                 	.CSEG
                 _ext_int0_isr:
                 ; .FSTART _ext_int0_isr
000067 d22d      	RCALL SUBOPT_0x0
000068 e0a0      	LDI  R26,LOW(_combustivel)
000069 e0b0      	LDI  R27,HIGH(_combustivel)
00006a d2a9      	RCALL __EEPROMRDW
00006b 9731      	SBIW R30,1
00006c d2b7      	RCALL __EEPROMWRW
                 ; 0000 0009 // Place your code here
                 ; 0000 000A if(PINB.3 == 1){
00006d 9bb3      	SBIS 0x16,3
00006e c005      	RJMP _0x3
                 ; 0000 000B PORTD.0 = ~PORTD.0;
00006f 9b90      	SBIS 0x12,0
000070 c002      	RJMP _0x4
000071 9890      	CBI  0x12,0
000072 c001      	RJMP _0x5
                 _0x4:
000073 9a90      	SBI  0x12,0
                 _0x5:
                 ; 0000 000C }
                 ; 0000 000D 
                 ; 0000 000E if(PINB.4 ==1){
                 _0x3:
000074 9bb4      	SBIS 0x16,4
000075 c005      	RJMP _0x6
                 ; 0000 000F PORTD.1 = ~PORTD.1;
000076 9b91      	SBIS 0x12,1
000077 c002      	RJMP _0x7
000078 9891      	CBI  0x12,1
000079 c001      	RJMP _0x8
                 _0x7:
00007a 9a91      	SBI  0x12,1
                 _0x8:
                 ; 0000 0010 }
                 ; 0000 0011 }
                 _0x6:
00007b c03c      	RJMP _0x2D
                 ; .FEND
                 ;interrupt [3] void ext_int1_isr(void){
                 ; 0000 0015 interrupt [3] void ext_int1_isr(void){
                 _ext_int1_isr:
                 ; .FSTART _ext_int1_isr
00007c d218      	RCALL SUBOPT_0x0
                 ; 0000 0016 // Place your code here
                 ; 0000 0017 
                 ; 0000 0018 
                 ; 0000 0019 if (PINB.0 == 1){
00007d 9bb0      	SBIS 0x16,0
00007e c005      	RJMP _0x9
                 ; 0000 001A PORTD.4 = ~PORTD.4;}
00007f 9b94      	SBIS 0x12,4
000080 c002      	RJMP _0xA
000081 9894      	CBI  0x12,4
000082 c001      	RJMP _0xB
                 _0xA:
000083 9a94      	SBI  0x12,4
                 _0xB:
                 ; 0000 001B 
                 ; 0000 001C if (PINB.1 == 1){
                 _0x9:
000084 9bb1      	SBIS 0x16,1
000085 c005      	RJMP _0xC
                 ; 0000 001D PORTD.6 = ~PORTD.6;}
000086 9b96      	SBIS 0x12,6
000087 c002      	RJMP _0xD
000088 9896      	CBI  0x12,6
000089 c001      	RJMP _0xE
                 _0xD:
00008a 9a96      	SBI  0x12,6
                 _0xE:
                 ; 0000 001E 
                 ; 0000 001F combustivel = combustivel - 6;
                 _0xC:
00008b d212      	RCALL SUBOPT_0x1
00008c e0a0      	LDI  R26,LOW(_combustivel)
00008d e0b0      	LDI  R27,HIGH(_combustivel)
00008e d295      	RCALL __EEPROMWRW
                 ; 0000 0020 }
00008f c028      	RJMP _0x2D
                 ; .FEND
                 ;interrupt [10] void timer1_ovf_isr(void)
                 ; 0000 0023 { combustivel = combustivel - 20;
                 _timer1_ovf_isr:
                 ; .FSTART _timer1_ovf_isr
000090 d204      	RCALL SUBOPT_0x0
000091 e0a0      	LDI  R26,LOW(_combustivel)
000092 e0b0      	LDI  R27,HIGH(_combustivel)
000093 d280      	RCALL __EEPROMRDW
000094 9774      	SBIW R30,20
000095 e0a0      	LDI  R26,LOW(_combustivel)
000096 e0b0      	LDI  R27,HIGH(_combustivel)
000097 d28c      	RCALL __EEPROMWRW
                 ; 0000 0024 if (PINB.6 == 1){
000098 9bb6      	SBIS 0x16,6
000099 c00e      	RJMP _0xF
                 ; 0000 0025 
                 ; 0000 0026 PORTA.0 = ~PORTA.0 ;
00009a 9bd8      	SBIS 0x1B,0
00009b c002      	RJMP _0x10
00009c 98d8      	CBI  0x1B,0
00009d c001      	RJMP _0x11
                 _0x10:
00009e 9ad8      	SBI  0x1B,0
                 _0x11:
                 ; 0000 0027 TCNT1H=0x1F00 >> 8;
00009f d203      	RCALL SUBOPT_0x2
                 ; 0000 0028 TCNT1L=0x1F00 & 0xFF;
                 ; 0000 0029 while(PORTA.0 == 1){
                 _0x12:
0000a0 9bd8      	SBIS 0x1B,0
0000a1 c006      	RJMP _0x14
                 ; 0000 002A PORTA.0 = 1;
0000a2 9ad8      	SBI  0x1B,0
                 ; 0000 002B if (PINB.6==0){
0000a3 99b6      	SBIC 0x16,6
0000a4 c002      	RJMP _0x17
                 ; 0000 002C PORTA.0 = 0;
0000a5 98d8      	CBI  0x1B,0
                 ; 0000 002D break;
0000a6 c001      	RJMP _0x14
                 ; 0000 002E }
                 ; 0000 002F }
                 _0x17:
0000a7 cff8      	RJMP _0x12
                 _0x14:
                 ; 0000 0030 
                 ; 0000 0031 
                 ; 0000 0032 }
                 ; 0000 0033 
                 ; 0000 0034 
                 ; 0000 0035 
                 ; 0000 0036 if (PINB.7 == 1){
                 _0xF:
0000a8 9bb7      	SBIS 0x16,7
0000a9 c00e      	RJMP _0x1A
                 ; 0000 0037 
                 ; 0000 0038 PORTA.1 = ~PORTA.1;
0000aa 9bd9      	SBIS 0x1B,1
0000ab c002      	RJMP _0x1B
0000ac 98d9      	CBI  0x1B,1
0000ad c001      	RJMP _0x1C
                 _0x1B:
0000ae 9ad9      	SBI  0x1B,1
                 _0x1C:
                 ; 0000 0039 TCNT1H=0x1F00 >> 8;
0000af d1f3      	RCALL SUBOPT_0x2
                 ; 0000 003A TCNT1L=0x1F00 & 0xFF;
                 ; 0000 003B 
                 ; 0000 003C while(PORTA.1 == 1){
                 _0x1D:
0000b0 9bd9      	SBIS 0x1B,1
0000b1 c006      	RJMP _0x1F
                 ; 0000 003D PORTA.1 = 1;
0000b2 9ad9      	SBI  0x1B,1
                 ; 0000 003E if (PINB.7==0){
0000b3 99b7      	SBIC 0x16,7
0000b4 c002      	RJMP _0x22
                 ; 0000 003F PORTA.1 = 0;
0000b5 98d9      	CBI  0x1B,1
                 ; 0000 0040 break;
0000b6 c001      	RJMP _0x1F
                 ; 0000 0041 }
                 ; 0000 0042 }
                 _0x22:
0000b7 cff8      	RJMP _0x1D
                 _0x1F:
                 ; 0000 0043 }
                 ; 0000 0044 }
                 _0x1A:
                 _0x2D:
0000b8 91e9      	LD   R30,Y+
0000b9 bfef      	OUT  SREG,R30
0000ba 91f9      	LD   R31,Y+
0000bb 91e9      	LD   R30,Y+
0000bc 91b9      	LD   R27,Y+
0000bd 91a9      	LD   R26,Y+
0000be 9199      	LD   R25,Y+
0000bf 9189      	LD   R24,Y+
0000c0 9518      	RETI
                 ; .FEND
                 ;void main(void)
                 ; 0000 004E {
                 _main:
                 ; .FSTART _main
                 ; 0000 004F 
                 ; 0000 0050 
                 ; 0000 0051 // Declare your local variables here
                 ; 0000 0052 
                 ; 0000 0053 // Input/Output Ports initialization
                 ; 0000 0054 // Port A initialization
                 ; 0000 0055 // Function: Bit7=In Bit6=In Bit5=In Bit4=In Bit3=In Bit2=In Bit1=In Bit0=In
                 ; 0000 0056 DDRA=(0<<DDA7) | (0<<DDA6) | (0<<DDA5) | (0<<DDA4) | (0<<DDA3) | (0<<DDA2) | (1<<DDA1) | (1<<DDA0);
0000c1 e0e3      	LDI  R30,LOW(3)
0000c2 bbea      	OUT  0x1A,R30
                 ; 0000 0057 // State: Bit7=T Bit6=T Bit5=T Bit4=T Bit3=T Bit2=T Bit1=0 Bit0=0
                 ; 0000 0058 PORTA=(0<<PORTA7) | (0<<PORTA6) | (0<<PORTA5) | (0<<PORTA4) | (0<<PORTA3) | (0<<PORTA2) | (0<<PORTA1) | (0<<PORTA0);
0000c3 e0e0      	LDI  R30,LOW(0)
0000c4 bbeb      	OUT  0x1B,R30
                 ; 0000 0059 
                 ; 0000 005A // Port B initialization
                 ; 0000 005B // Function: Bit7=In Bit6=In Bit5=In Bit4=In Bit3=In Bit2=In Bit1=In Bit0=In
                 ; 0000 005C DDRB=(0<<DDB7) | (0<<DDB6) | (0<<DDB5) | (0<<DDB4) | (0<<DDB3) | (0<<DDB2) | (0<<DDB1) | (0<<DDB0);
0000c5 bbe7      	OUT  0x17,R30
                 ; 0000 005D // State: Bit7=T Bit6=T Bit5=T Bit4=T Bit3=T Bit2=T Bit1=T Bit0=T
                 ; 0000 005E PORTB=(0<<PORTB7) | (0<<PORTB6) | (0<<PORTB5) | (0<<PORTB4) | (0<<PORTB3) | (0<<PORTB2) | (0<<PORTB1) | (0<<PORTB0);
0000c6 bbe8      	OUT  0x18,R30
                 ; 0000 005F 
                 ; 0000 0060 // Port C initialization
                 ; 0000 0061 // Function: Bit7=In Bit6=In Bit5=In Bit4=In Bit3=In Bit2=In Bit1=In Bit0=In
                 ; 0000 0062 DDRC=(0<<DDC7) | (0<<DDC6) | (0<<DDC5) | (0<<DDC4) | (0<<DDC3) | (0<<DDC2) | (0<<DDC1) | (0<<DDC0);
0000c7 bbe4      	OUT  0x14,R30
                 ; 0000 0063 // State: Bit7=T Bit6=T Bit5=T Bit4=T Bit3=T Bit2=T Bit1=T Bit0=T
                 ; 0000 0064 PORTC=(0<<PORTC7) | (0<<PORTC6) | (1 <<PORTC5) | (0<<PORTC4) | (0<<PORTC3) | (0<<PORTC2) | (0<<PORTC1) | (0<<PORTC0);
0000c8 e2e0      	LDI  R30,LOW(32)
0000c9 bbe5      	OUT  0x15,R30
                 ; 0000 0065 
                 ; 0000 0066 // Port D initialization
                 ; 0000 0067 // Function: Bit7=In Bit6=Out Bit5=Out Bit4=In Bit3=In Bit2=In Bit1=Out Bit0=Out
                 ; 0000 0068 DDRD=(0<<DDD7) | (1<<DDD6) | (0<<DDD5) | (1<<DDD4) | (0<<DDD3) | (0<<DDD2) | (1<<DDD1) | (1<<DDD0);
0000ca e5e3      	LDI  R30,LOW(83)
0000cb bbe1      	OUT  0x11,R30
                 ; 0000 0069 // State: Bit7=T Bit6=0 Bit5=0 Bit4=T Bit3=T Bit2=T Bit1=0 Bit0=0
                 ; 0000 006A PORTD=(0<<PORTD7) | (0<<PORTD6) | (0<<PORTD5) | (0<<PORTD4) | (0<<PORTD3) | (0<<PORTD2) | (0<<PORTD1) | (0<<PORTD0);
0000cc e0e0      	LDI  R30,LOW(0)
0000cd bbe2      	OUT  0x12,R30
                 ; 0000 006B 
                 ; 0000 006C // Timer/Counter 0 initialization
                 ; 0000 006D // Clock source: System Clock
                 ; 0000 006E // Clock value: Timer 0 Stopped
                 ; 0000 006F // Mode: Normal top=0xFF
                 ; 0000 0070 // OC0 output: Disconnected
                 ; 0000 0071 TCCR0=(0<<WGM00) | (0<<COM01) | (0<<COM00) | (0<<WGM01) | (0<<CS02) | (0<<CS01) | (0<<CS00);
0000ce bfe3      	OUT  0x33,R30
                 ; 0000 0072 TCNT0=0x00;
0000cf bfe2      	OUT  0x32,R30
                 ; 0000 0073 OCR0=0x00;
0000d0 bfec      	OUT  0x3C,R30
                 ; 0000 0074 
                 ; 0000 0075 // Timer/Counter 1 initialization
                 ; 0000 0076 // Clock source: System Clock
                 ; 0000 0077 // Clock value: 14,400 kHz
                 ; 0000 0078 // Mode: Normal top=0xFFFF
                 ; 0000 0079 // OC1A output: Toggle
                 ; 0000 007A // OC1B output: Discon.
                 ; 0000 007B // Noise Canceler: Off
                 ; 0000 007C // Input Capture on Falling Edge
                 ; 0000 007D // Timer1 Overflow Interrupt: On
                 ; 0000 007E // Input Capture Interrupt: Off
                 ; 0000 007F // Compare A Match Interrupt: Off
                 ; 0000 0080 // Compare B Match Interrupt: Off
                 ; 0000 0081 TCCR1A=0x00;
0000d1 bdef      	OUT  0x2F,R30
                 ; 0000 0082 TCCR1B=0x05;
0000d2 e0e5      	LDI  R30,LOW(5)
0000d3 bdee      	OUT  0x2E,R30
                 ; 0000 0083 TCNT1H=0x38;
0000d4 e3e8      	LDI  R30,LOW(56)
0000d5 bded      	OUT  0x2D,R30
                 ; 0000 0084 TCNT1L=0x3F;
0000d6 e3ef      	LDI  R30,LOW(63)
0000d7 bdec      	OUT  0x2C,R30
                 ; 0000 0085 ICR1H=0x00;
0000d8 e0e0      	LDI  R30,LOW(0)
0000d9 bde7      	OUT  0x27,R30
                 ; 0000 0086 ICR1L=0x00;
0000da bde6      	OUT  0x26,R30
                 ; 0000 0087 OCR1AH=0x00;
0000db bdeb      	OUT  0x2B,R30
                 ; 0000 0088 OCR1AL=0x00;
0000dc bdea      	OUT  0x2A,R30
                 ; 0000 0089 OCR1BH=0x00;
0000dd bde9      	OUT  0x29,R30
                 ; 0000 008A OCR1BL=0x00;
0000de bde8      	OUT  0x28,R30
                 ; 0000 008B 
                 ; 0000 008C // Timer/Counter 2 initialization
                 ; 0000 008D // Clock source: System Clock
                 ; 0000 008E // Clock value: Timer2 Stopped
                 ; 0000 008F // Mode: Normal top=0xFF
                 ; 0000 0090 // OC2 output: Disconnected
                 ; 0000 0091 ASSR=0<<AS2;
0000df bde2      	OUT  0x22,R30
                 ; 0000 0092 TCCR2=(0<<PWM2) | (0<<COM21) | (0<<COM20) | (0<<CTC2) | (0<<CS22) | (0<<CS21) | (0<<CS20);
0000e0 bde5      	OUT  0x25,R30
                 ; 0000 0093 TCNT2=0x00;
0000e1 bde4      	OUT  0x24,R30
                 ; 0000 0094 OCR2=0x00;
0000e2 bde3      	OUT  0x23,R30
                 ; 0000 0095 
                 ; 0000 0096 // Timer(s)/Counter(s) Interrupt(s) initialization
                 ; 0000 0097 TIMSK=0x04;
0000e3 e0e4      	LDI  R30,LOW(4)
0000e4 bfe9      	OUT  0x39,R30
                 ; 0000 0098 
                 ; 0000 0099 // External Interrupt(s) initialization
                 ; 0000 009A // INT0: On
                 ; 0000 009B // INT0 Mode: Low level
                 ; 0000 009C // INT1: On
                 ; 0000 009D // INT1 Mode: Low level
                 ; 0000 009E // INT2: Off
                 ; 0000 009F GICR|=(1<<INT1) | (1<<INT0) | (0<<INT2);
0000e5 b7eb      	IN   R30,0x3B
0000e6 6ce0      	ORI  R30,LOW(0xC0)
0000e7 bfeb      	OUT  0x3B,R30
                 ; 0000 00A0 MCUCR=(0<<ISC11) | (0<<ISC10) | (0<<ISC01) | (0<<ISC00);
0000e8 e0e0      	LDI  R30,LOW(0)
0000e9 bfe5      	OUT  0x35,R30
                 ; 0000 00A1 MCUCSR=(0<<ISC2);
0000ea bfe4      	OUT  0x34,R30
                 ; 0000 00A2 GIFR=(1<<INTF1) | (1<<INTF0) | (0<<INTF2);
0000eb ece0      	LDI  R30,LOW(192)
0000ec bfea      	OUT  0x3A,R30
                 ; 0000 00A3 
                 ; 0000 00A4 // USART initialization
                 ; 0000 00A5 // USART disabled
                 ; 0000 00A6 UCSRB=(0<<RXCIE) | (0<<TXCIE) | (0<<UDRIE) | (0<<RXEN) | (0<<TXEN) | (0<<UCSZ2) | (0<<RXB8) | (0<<TXB8);
0000ed e0e0      	LDI  R30,LOW(0)
0000ee b9ea      	OUT  0xA,R30
                 ; 0000 00A7 
                 ; 0000 00A8 // Analog Comparator initialization
                 ; 0000 00A9 // Analog Comparator: Off
                 ; 0000 00AA // The Analog Comparator's positive input is
                 ; 0000 00AB // connected to the AIN0 pin
                 ; 0000 00AC // The Analog Comparator's negative input is
                 ; 0000 00AD // connected to the AIN1 pin
                 ; 0000 00AE ACSR=(1<<ACD) | (0<<ACBG) | (0<<ACO) | (0<<ACI) | (0<<ACIE) | (0<<ACIC) | (0<<ACIS1) | (0<<ACIS0);
0000ef e8e0      	LDI  R30,LOW(128)
0000f0 b9e8      	OUT  0x8,R30
                 ; 0000 00AF SFIOR=(0<<ACME);
0000f1 e0e0      	LDI  R30,LOW(0)
0000f2 bfe0      	OUT  0x30,R30
                 ; 0000 00B0 
                 ; 0000 00B1 // ADC initialization
                 ; 0000 00B2 // ADC disabled
                 ; 0000 00B3 ADCSRA=(0<<ADEN) | (0<<ADSC) | (0<<ADATE) | (0<<ADIF) | (0<<ADIE) | (0<<ADPS2) | (0<<ADPS1) | (0<<ADPS0);
0000f3 b9e6      	OUT  0x6,R30
                 ; 0000 00B4 
                 ; 0000 00B5 // SPI initialization
                 ; 0000 00B6 // SPI disabled
                 ; 0000 00B7 SPCR=(0<<SPIE) | (0<<SPE) | (0<<DORD) | (0<<MSTR) | (0<<CPOL) | (0<<CPHA) | (0<<SPR1) | (0<<SPR0);
0000f4 b9ed      	OUT  0xD,R30
                 ; 0000 00B8 
                 ; 0000 00B9 // TWI initialization
                 ; 0000 00BA // TWI disabled
                 ; 0000 00BB TWCR=(0<<TWEA) | (0<<TWSTA) | (0<<TWSTO) | (0<<TWEN) | (0<<TWIE);
0000f5 bfe6      	OUT  0x36,R30
                 ; 0000 00BC 
                 ; 0000 00BD 
                 ; 0000 00BE 
                 ; 0000 00BF 
                 ; 0000 00C0 // Globally enable interrupts
                 ; 0000 00C1 #asm("sei")
0000f6 9478      	SEI
                 ; 0000 00C2 
                 ; 0000 00C3 while (1){
                 _0x25:
                 ; 0000 00C4 
                 ; 0000 00C5 //POR ALGUM MOTIVO N VI OS PRINTS NO MONITOR
                 ; 0000 00C6 printf("Combustvel = %d", combustivel);
                +
0000f7 e6e6     +LDI R30 , LOW ( 2 * _0x0 + ( 0 ) )
0000f8 e0f0     +LDI R31 , HIGH ( 2 * _0x0 + ( 0 ) )
                 	__POINTW1FN _0x0,0
0000f9 d1ae      	RCALL SUBOPT_0x3
                 ; 0000 00C7 if(combustivel/1000<=10){
0000fa e0a0      	LDI  R26,LOW(_combustivel)
0000fb e0b0      	LDI  R27,HIGH(_combustivel)
0000fc d217      	RCALL __EEPROMRDW
0000fd 01df      	MOVW R26,R30
0000fe eee8      	LDI  R30,LOW(1000)
0000ff e0f3      	LDI  R31,HIGH(1000)
000100 d1f7      	RCALL __DIVW21
000101 973b      	SBIW R30,11
000102 f41c      	BRGE _0x28
                 ; 0000 00C8 printf("Ateno! Seu combustvel  de %d",combustivel);}
                +
000103 e7e7     +LDI R30 , LOW ( 2 * _0x0 + ( 17 ) )
000104 e0f0     +LDI R31 , HIGH ( 2 * _0x0 + ( 17 ) )
                 	__POINTW1FN _0x0,17
000105 d1a2      	RCALL SUBOPT_0x3
                 ; 0000 00C9 while(combustivel <=5){
                 _0x28:
                 _0x29:
000106 d197      	RCALL SUBOPT_0x1
000107 f474      	BRGE _0x2B
                 ; 0000 00CA PORTA = 0x00;
000108 e0e0      	LDI  R30,LOW(0)
000109 bbeb      	OUT  0x1B,R30
                 ; 0000 00CB PORTB = 0x00;
00010a bbe8      	OUT  0x18,R30
                 ; 0000 00CC PORTC = 0x00;
00010b bbe5      	OUT  0x15,R30
                 ; 0000 00CD PORTD = 0x00;
00010c bbe2      	OUT  0x12,R30
                 ; 0000 00CE 
                 ; 0000 00CF PINA  = 0x00;
00010d bbe9      	OUT  0x19,R30
                 ; 0000 00D0 PINB  = 0x00;
00010e bbe6      	OUT  0x16,R30
                 ; 0000 00D1 PINC  = 0x00;
00010f bbe3      	OUT  0x13,R30
                 ; 0000 00D2 PIND  = 0x00;
000110 bbe0      	OUT  0x10,R30
                 ; 0000 00D3 
                 ; 0000 00D4 DDRA  = 0x00;
000111 bbea      	OUT  0x1A,R30
                 ; 0000 00D5 DDRB  = 0x00;
000112 bbe7      	OUT  0x17,R30
                 ; 0000 00D6 DDRC  = 0x00;
000113 bbe4      	OUT  0x14,R30
                 ; 0000 00D7 DDRD  = 0x00;
000114 bbe1      	OUT  0x11,R30
                 ; 0000 00D8 //PRINTAR NA TELA REABASTECER E PEGAR LEITURA DO TECLADO E COLOCAR NA VARIAVEL COMBUSTIVEL
                 ; 0000 00D9 }
000115 cff0      	RJMP _0x29
                 _0x2B:
                 ; 0000 00DA 
                 ; 0000 00DB 
                 ; 0000 00DC 
                 ; 0000 00DD }
000116 cfe0      	RJMP _0x25
                 ; 0000 00DE }
                 _0x2C:
000117 cfff      	RJMP _0x2C
                 ; .FEND
                 	#ifndef __SLEEP_DEFINED__
                 	#endif
                 
                 	.CSEG
                 _putchar:
                 ; .FSTART _putchar
000118 93aa      	ST   -Y,R26
                 putchar0:
000119 9b5d           sbis usr,udre
00011a cffe           rjmp putchar0
00011b 81e8           ld   r30,y
00011c b9ec           out  udr,r30
00011d 9621      	ADIW R28,1
00011e 9508      	RET
                 ; .FEND
                 _put_usart_G100:
                 ; .FSTART _put_usart_G100
00011f d1b5      	RCALL __SAVELOCR4
000120 018d      	MOVW R16,R26
000121 813c      	LDD  R19,Y+4
000122 2fa3      	MOV  R26,R19
000123 dff4      	RCALL _putchar
000124 01d8      	MOVW R26,R16
000125 91ed      	LD   R30,X+
000126 91fd      	LD   R31,X+
000127 9631      	ADIW R30,1
000128 93fe      	ST   -X,R31
000129 93ee      	ST   -X,R30
00012a d1b1      	RCALL __LOADLOCR4
00012b 9625      	ADIW R28,5
00012c 9508      	RET
                 ; .FEND
                 __print_G100:
                 ; .FSTART __print_G100
00012d 93ba      	ST   -Y,R27
00012e 93aa      	ST   -Y,R26
00012f 9726      	SBIW R28,6
000130 d1a2      	RCALL __SAVELOCR6
000131 e010      	LDI  R17,0
000132 85ac      	LDD  R26,Y+12
000133 85bd      	LDD  R27,Y+12+1
000134 e0e0      	LDI  R30,LOW(0)
000135 e0f0      	LDI  R31,HIGH(0)
000136 93ed      	ST   X+,R30
000137 93fc      	ST   X,R31
                 _0x2000016:
000138 89ea      	LDD  R30,Y+18
000139 89fb      	LDD  R31,Y+18+1
00013a 9631      	ADIW R30,1
00013b 8bea      	STD  Y+18,R30
00013c 8bfb      	STD  Y+18+1,R31
00013d 9731      	SBIW R30,1
00013e 91e4      	LPM  R30,Z
00013f 2f2e      	MOV  R18,R30
000140 30e0      	CPI  R30,0
000141 f409      	BRNE PC+2
000142 c10b      	RJMP _0x2000018
000143 2fe1      	MOV  R30,R17
000144 30e0      	CPI  R30,0
000145 f431      	BRNE _0x200001C
000146 3225      	CPI  R18,37
000147 f411      	BRNE _0x200001D
000148 e011      	LDI  R17,LOW(1)
000149 c001      	RJMP _0x200001E
                 _0x200001D:
00014a d16b      	RCALL SUBOPT_0x4
                 _0x200001E:
00014b c101      	RJMP _0x200001B
                 _0x200001C:
00014c 30e1      	CPI  R30,LOW(0x1)
00014d f4a1      	BRNE _0x200001F
00014e 3225      	CPI  R18,37
00014f f411      	BRNE _0x2000020
000150 d165      	RCALL SUBOPT_0x4
000151 c0fa      	RJMP _0x20000CC
                 _0x2000020:
000152 e012      	LDI  R17,LOW(2)
000153 e040      	LDI  R20,LOW(0)
000154 e000      	LDI  R16,LOW(0)
000155 322d      	CPI  R18,45
000156 f411      	BRNE _0x2000021
000157 e001      	LDI  R16,LOW(1)
000158 c0f4      	RJMP _0x200001B
                 _0x2000021:
000159 322b      	CPI  R18,43
00015a f411      	BRNE _0x2000022
00015b e24b      	LDI  R20,LOW(43)
00015c c0f0      	RJMP _0x200001B
                 _0x2000022:
00015d 3220      	CPI  R18,32
00015e f411      	BRNE _0x2000023
00015f e240      	LDI  R20,LOW(32)
000160 c0ec      	RJMP _0x200001B
                 _0x2000023:
000161 c002      	RJMP _0x2000024
                 _0x200001F:
000162 30e2      	CPI  R30,LOW(0x2)
000163 f439      	BRNE _0x2000025
                 _0x2000024:
000164 e050      	LDI  R21,LOW(0)
000165 e013      	LDI  R17,LOW(3)
000166 3320      	CPI  R18,48
000167 f411      	BRNE _0x2000026
000168 6800      	ORI  R16,LOW(128)
000169 c0e3      	RJMP _0x200001B
                 _0x2000026:
00016a c003      	RJMP _0x2000027
                 _0x2000025:
00016b 30e3      	CPI  R30,LOW(0x3)
00016c f009      	BREQ PC+2
00016d c0df      	RJMP _0x200001B
                 _0x2000027:
00016e 3320      	CPI  R18,48
00016f f010      	BRLO _0x200002A
000170 332a      	CPI  R18,58
000171 f008      	BRLO _0x200002B
                 _0x200002A:
000172 c007      	RJMP _0x2000029
                 _0x200002B:
000173 e0aa      	LDI  R26,LOW(10)
000174 9f5a      	MUL  R21,R26
000175 2d50      	MOV  R21,R0
000176 2fe2      	MOV  R30,R18
000177 53e0      	SUBI R30,LOW(48)
000178 0f5e      	ADD  R21,R30
000179 c0d3      	RJMP _0x200001B
                 _0x2000029:
00017a 2fe2      	MOV  R30,R18
00017b 36e3      	CPI  R30,LOW(0x63)
00017c f439      	BRNE _0x200002F
00017d d13f      	RCALL SUBOPT_0x5
00017e 89e8      	LDD  R30,Y+16
00017f 89f9      	LDD  R31,Y+16+1
000180 81a4      	LDD  R26,Z+4
000181 93aa      	ST   -Y,R26
000182 d140      	RCALL SUBOPT_0x6
000183 c0c8      	RJMP _0x2000030
                 _0x200002F:
000184 37e3      	CPI  R30,LOW(0x73)
000185 f429      	BRNE _0x2000032
000186 d136      	RCALL SUBOPT_0x5
000187 d141      	RCALL SUBOPT_0x7
000188 d0f3      	RCALL _strlen
000189 2f1e      	MOV  R17,R30
00018a c007      	RJMP _0x2000033
                 _0x2000032:
00018b 37e0      	CPI  R30,LOW(0x70)
00018c f449      	BRNE _0x2000035
00018d d12f      	RCALL SUBOPT_0x5
00018e d13a      	RCALL SUBOPT_0x7
00018f d0f8      	RCALL _strlenf
000190 2f1e      	MOV  R17,R30
000191 6008      	ORI  R16,LOW(8)
                 _0x2000033:
000192 6002      	ORI  R16,LOW(2)
000193 770f      	ANDI R16,LOW(127)
000194 e030      	LDI  R19,LOW(0)
000195 c03a      	RJMP _0x2000036
                 _0x2000035:
000196 36e4      	CPI  R30,LOW(0x64)
000197 f011      	BREQ _0x2000039
000198 36e9      	CPI  R30,LOW(0x69)
000199 f411      	BRNE _0x200003A
                 _0x2000039:
00019a 6004      	ORI  R16,LOW(4)
00019b c002      	RJMP _0x200003B
                 _0x200003A:
00019c 37e5      	CPI  R30,LOW(0x75)
00019d f431      	BRNE _0x200003C
                 _0x200003B:
00019e e5e4      	LDI  R30,LOW(_tbl10_G100*2)
00019f e0f0      	LDI  R31,HIGH(_tbl10_G100*2)
0001a0 83ee      	STD  Y+6,R30
0001a1 83ff      	STD  Y+6+1,R31
0001a2 e015      	LDI  R17,LOW(5)
0001a3 c00c      	RJMP _0x200003D
                 _0x200003C:
0001a4 35e8      	CPI  R30,LOW(0x58)
0001a5 f411      	BRNE _0x200003F
0001a6 6008      	ORI  R16,LOW(8)
0001a7 c003      	RJMP _0x2000040
                 _0x200003F:
0001a8 37e8      	CPI  R30,LOW(0x78)
0001a9 f009      	BREQ PC+2
0001aa c0a1      	RJMP _0x2000071
                 _0x2000040:
0001ab e5ee      	LDI  R30,LOW(_tbl16_G100*2)
0001ac e0f0      	LDI  R31,HIGH(_tbl16_G100*2)
0001ad 83ee      	STD  Y+6,R30
0001ae 83ff      	STD  Y+6+1,R31
0001af e014      	LDI  R17,LOW(4)
                 _0x200003D:
0001b0 ff02      	SBRS R16,2
0001b1 c015      	RJMP _0x2000042
0001b2 d10a      	RCALL SUBOPT_0x5
0001b3 89a8      	LDD  R26,Y+16
0001b4 89b9      	LDD  R27,Y+16+1
0001b5 9614      	ADIW R26,4
0001b6 91ed      	LD   R30,X+
0001b7 91fd      	LD   R31,X+
0001b8 87ea      	STD  Y+10,R30
0001b9 87fb      	STD  Y+10+1,R31
0001ba 85ab      	LDD  R26,Y+11
0001bb 23aa      	TST  R26
0001bc f422      	BRPL _0x2000043
0001bd d123      	RCALL __ANEGW1
0001be 87ea      	STD  Y+10,R30
0001bf 87fb      	STD  Y+10+1,R31
0001c0 e24d      	LDI  R20,LOW(45)
                 _0x2000043:
0001c1 3040      	CPI  R20,0
0001c2 f011      	BREQ _0x2000044
0001c3 5f1f      	SUBI R17,-LOW(1)
0001c4 c001      	RJMP _0x2000045
                 _0x2000044:
0001c5 7f0b      	ANDI R16,LOW(251)
                 _0x2000045:
0001c6 c009      	RJMP _0x2000046
                 _0x2000042:
0001c7 d0f5      	RCALL SUBOPT_0x5
0001c8 89a8      	LDD  R26,Y+16
0001c9 89b9      	LDD  R27,Y+16+1
0001ca 9614      	ADIW R26,4
                +
0001cb 91ed     +LD R30 , X +
0001cc 91fc     +LD R31 , X
0001cd 9711     +SBIW R26 , 1
                 	__GETW1P
0001ce 87ea      	STD  Y+10,R30
0001cf 87fb      	STD  Y+10+1,R31
                 _0x2000046:
                 _0x2000036:
0001d0 fd00      	SBRC R16,0
0001d1 c010      	RJMP _0x2000047
                 _0x2000048:
0001d2 1715      	CP   R17,R21
0001d3 f470      	BRSH _0x200004A
0001d4 ff07      	SBRS R16,7
0001d5 c008      	RJMP _0x200004B
0001d6 ff02      	SBRS R16,2
0001d7 c004      	RJMP _0x200004C
0001d8 7f0b      	ANDI R16,LOW(251)
0001d9 2f24      	MOV  R18,R20
0001da 5011      	SUBI R17,LOW(1)
0001db c001      	RJMP _0x200004D
                 _0x200004C:
0001dc e320      	LDI  R18,LOW(48)
                 _0x200004D:
0001dd c001      	RJMP _0x200004E
                 _0x200004B:
0001de e220      	LDI  R18,LOW(32)
                 _0x200004E:
0001df d0d6      	RCALL SUBOPT_0x4
0001e0 5051      	SUBI R21,LOW(1)
0001e1 cff0      	RJMP _0x2000048
                 _0x200004A:
                 _0x2000047:
0001e2 2f31      	MOV  R19,R17
0001e3 ff01      	SBRS R16,1
0001e4 c016      	RJMP _0x200004F
                 _0x2000050:
0001e5 3030      	CPI  R19,0
0001e6 f099      	BREQ _0x2000052
0001e7 ff03      	SBRS R16,3
0001e8 c006      	RJMP _0x2000053
0001e9 81ee      	LDD  R30,Y+6
0001ea 81ff      	LDD  R31,Y+6+1
0001eb 9125      	LPM  R18,Z+
0001ec 83ee      	STD  Y+6,R30
0001ed 83ff      	STD  Y+6+1,R31
0001ee c005      	RJMP _0x2000054
                 _0x2000053:
0001ef 81ae      	LDD  R26,Y+6
0001f0 81bf      	LDD  R27,Y+6+1
0001f1 912d      	LD   R18,X+
0001f2 83ae      	STD  Y+6,R26
0001f3 83bf      	STD  Y+6+1,R27
                 _0x2000054:
0001f4 d0c1      	RCALL SUBOPT_0x4
0001f5 3050      	CPI  R21,0
0001f6 f009      	BREQ _0x2000055
0001f7 5051      	SUBI R21,LOW(1)
                 _0x2000055:
0001f8 5031      	SUBI R19,LOW(1)
0001f9 cfeb      	RJMP _0x2000050
                 _0x2000052:
0001fa c048      	RJMP _0x2000056
                 _0x200004F:
                 _0x2000058:
0001fb e320      	LDI  R18,LOW(48)
0001fc 81ee      	LDD  R30,Y+6
0001fd 81ff      	LDD  R31,Y+6+1
0001fe d10c      	RCALL __GETW1PF
0001ff 87e8      	STD  Y+8,R30
000200 87f9      	STD  Y+8+1,R31
000201 81ee      	LDD  R30,Y+6
000202 81ff      	LDD  R31,Y+6+1
000203 9632      	ADIW R30,2
000204 83ee      	STD  Y+6,R30
000205 83ff      	STD  Y+6+1,R31
                 _0x200005A:
000206 85e8      	LDD  R30,Y+8
000207 85f9      	LDD  R31,Y+8+1
000208 85aa      	LDD  R26,Y+10
000209 85bb      	LDD  R27,Y+10+1
00020a 17ae      	CP   R26,R30
00020b 07bf      	CPC  R27,R31
00020c f050      	BRLO _0x200005C
00020d 5f2f      	SUBI R18,-LOW(1)
00020e 85a8      	LDD  R26,Y+8
00020f 85b9      	LDD  R27,Y+8+1
000210 85ea      	LDD  R30,Y+10
000211 85fb      	LDD  R31,Y+10+1
000212 1bea      	SUB  R30,R26
000213 0bfb      	SBC  R31,R27
000214 87ea      	STD  Y+10,R30
000215 87fb      	STD  Y+10+1,R31
000216 cfef      	RJMP _0x200005A
                 _0x200005C:
000217 332a      	CPI  R18,58
000218 f028      	BRLO _0x200005D
000219 ff03      	SBRS R16,3
00021a c002      	RJMP _0x200005E
00021b 5f29      	SUBI R18,-LOW(7)
00021c c001      	RJMP _0x200005F
                 _0x200005E:
00021d 5d29      	SUBI R18,-LOW(39)
                 _0x200005F:
                 _0x200005D:
00021e fd04      	SBRC R16,4
00021f c019      	RJMP _0x2000061
000220 3321      	CPI  R18,49
000221 f420      	BRSH _0x2000063
000222 85a8      	LDD  R26,Y+8
000223 85b9      	LDD  R27,Y+8+1
000224 9711      	SBIW R26,1
000225 f409      	BRNE _0x2000062
                 _0x2000063:
000226 c009      	RJMP _0x20000CD
                 _0x2000062:
000227 1753      	CP   R21,R19
000228 f010      	BRLO _0x2000067
000229 ff00      	SBRS R16,0
00022a c001      	RJMP _0x2000068
                 _0x2000067:
00022b c011      	RJMP _0x2000066
                 _0x2000068:
00022c e220      	LDI  R18,LOW(32)
00022d ff07      	SBRS R16,7
00022e c00a      	RJMP _0x2000069
00022f e320      	LDI  R18,LOW(48)
                 _0x20000CD:
000230 6100      	ORI  R16,LOW(16)
000231 ff02      	SBRS R16,2
000232 c006      	RJMP _0x200006A
000233 7f0b      	ANDI R16,LOW(251)
000234 934a      	ST   -Y,R20
000235 d08d      	RCALL SUBOPT_0x6
000236 3050      	CPI  R21,0
000237 f009      	BREQ _0x200006B
000238 5051      	SUBI R21,LOW(1)
                 _0x200006B:
                 _0x200006A:
                 _0x2000069:
                 _0x2000061:
000239 d07c      	RCALL SUBOPT_0x4
00023a 3050      	CPI  R21,0
00023b f009      	BREQ _0x200006C
00023c 5051      	SUBI R21,LOW(1)
                 _0x200006C:
                 _0x2000066:
00023d 5031      	SUBI R19,LOW(1)
00023e 85a8      	LDD  R26,Y+8
00023f 85b9      	LDD  R27,Y+8+1
000240 9712      	SBIW R26,2
000241 f008      	BRLO _0x2000059
000242 cfb8      	RJMP _0x2000058
                 _0x2000059:
                 _0x2000056:
000243 ff00      	SBRS R16,0
000244 c007      	RJMP _0x200006D
                 _0x200006E:
000245 3050      	CPI  R21,0
000246 f029      	BREQ _0x2000070
000247 5051      	SUBI R21,LOW(1)
000248 e2e0      	LDI  R30,LOW(32)
000249 93ea      	ST   -Y,R30
00024a d078      	RCALL SUBOPT_0x6
00024b cff9      	RJMP _0x200006E
                 _0x2000070:
                 _0x200006D:
                 _0x2000071:
                 _0x2000030:
                 _0x20000CC:
00024c e010      	LDI  R17,LOW(0)
                 _0x200001B:
00024d ceea      	RJMP _0x2000016
                 _0x2000018:
00024e 85ac      	LDD  R26,Y+12
00024f 85bd      	LDD  R27,Y+12+1
000250 91ed      	LD   R30,X+
000251 91fd      	LD   R31,X+
000252 d087      	RCALL __LOADLOCR6
000253 9664      	ADIW R28,20
000254 9508      	RET
                 ; .FEND
                 _printf:
                 ; .FSTART _printf
000255 92ff      	PUSH R15
000256 2ef8      	MOV  R15,R24
000257 9726      	SBIW R28,6
000258 931a      	ST   -Y,R17
000259 930a      	ST   -Y,R16
00025a 01de      	MOVW R26,R28
00025b 9614      	ADIW R26,4
                +
00025c 2400     +CLR R0
00025d 0daf     +ADD R26 , R15
00025e 1db0     +ADC R27 , R0
                 	__ADDW2R15
00025f 018d      	MOVW R16,R26
000260 e0e0      	LDI  R30,LOW(0)
000261 83ec      	STD  Y+4,R30
000262 83ed      	STD  Y+4+1,R30
000263 83ee      	STD  Y+6,R30
000264 83ef      	STD  Y+6+1,R30
000265 01de      	MOVW R26,R28
000266 9618      	ADIW R26,8
                +
000267 2400     +CLR R0
000268 0daf     +ADD R26 , R15
000269 1db0     +ADC R27 , R0
                 	__ADDW2R15
00026a 91ed      	LD   R30,X+
00026b 91fd      	LD   R31,X+
00026c 93fa      	ST   -Y,R31
00026d 93ea      	ST   -Y,R30
00026e 931a      	ST   -Y,R17
00026f 930a      	ST   -Y,R16
000270 e1ef      	LDI  R30,LOW(_put_usart_G100)
000271 e0f1      	LDI  R31,HIGH(_put_usart_G100)
000272 93fa      	ST   -Y,R31
000273 93ea      	ST   -Y,R30
000274 01de      	MOVW R26,R28
000275 9618      	ADIW R26,8
000276 deb6      	RCALL __print_G100
000277 8119      	LDD  R17,Y+1
000278 8108      	LDD  R16,Y+0
000279 9628      	ADIW R28,8
00027a 90ff      	POP  R15
00027b 9508      	RET
                 ; .FEND
                 
                 	.CSEG
                 
                 	.CSEG
                 _strlen:
                 ; .FSTART _strlen
00027c 93ba      	ST   -Y,R27
00027d 93aa      	ST   -Y,R26
00027e 91a9          ld   r26,y+
00027f 91b9          ld   r27,y+
000280 27ee          clr  r30
000281 27ff          clr  r31
                 strlen0:
000282 916d          ld   r22,x+
000283 2366          tst  r22
000284 f011          breq strlen1
000285 9631          adiw r30,1
000286 cffb          rjmp strlen0
                 strlen1:
000287 9508          ret
                 ; .FEND
                 _strlenf:
                 ; .FSTART _strlenf
000288 93ba      	ST   -Y,R27
000289 93aa      	ST   -Y,R26
00028a 27aa          clr  r26
00028b 27bb          clr  r27
00028c 91e9          ld   r30,y+
00028d 91f9          ld   r31,y+
                 strlenf0:
00028e 9005      	lpm  r0,z+
00028f 2000          tst  r0
000290 f011          breq strlenf1
000291 9611          adiw r26,1
000292 cffb          rjmp strlenf0
                 strlenf1:
000293 01fd          movw r30,r26
000294 9508          ret
                 ; .FEND
                 
                 	.ESEG
                 _combustivel:
000000 00
000001 00        	.DB  0x0,0x0
                 
                 	.CSEG
                 ;OPTIMIZER ADDED SUBROUTINE, CALLED 3 TIMES, CODE SIZE REDUCTION:12 WORDS
                 SUBOPT_0x0:
000295 938a      	ST   -Y,R24
000296 939a      	ST   -Y,R25
000297 93aa      	ST   -Y,R26
000298 93ba      	ST   -Y,R27
000299 93ea      	ST   -Y,R30
00029a 93fa      	ST   -Y,R31
00029b b7ef      	IN   R30,SREG
00029c 93ea      	ST   -Y,R30
00029d 9508      	RET
                 
                 ;OPTIMIZER ADDED SUBROUTINE, CALLED 2 TIMES, CODE SIZE REDUCTION:1 WORDS
                 SUBOPT_0x1:
00029e e0a0      	LDI  R26,LOW(_combustivel)
00029f e0b0      	LDI  R27,HIGH(_combustivel)
0002a0 d073      	RCALL __EEPROMRDW
0002a1 9736      	SBIW R30,6
0002a2 9508      	RET
                 
                 ;OPTIMIZER ADDED SUBROUTINE, CALLED 2 TIMES, CODE SIZE REDUCTION:1 WORDS
                 SUBOPT_0x2:
0002a3 e1ef      	LDI  R30,LOW(31)
0002a4 bded      	OUT  0x2D,R30
0002a5 e0e0      	LDI  R30,LOW(0)
0002a6 bdec      	OUT  0x2C,R30
0002a7 9508      	RET
                 
                 ;OPTIMIZER ADDED SUBROUTINE, CALLED 2 TIMES, CODE SIZE REDUCTION:10 WORDS
                 SUBOPT_0x3:
0002a8 93fa      	ST   -Y,R31
0002a9 93ea      	ST   -Y,R30
0002aa e0a0      	LDI  R26,LOW(_combustivel)
0002ab e0b0      	LDI  R27,HIGH(_combustivel)
0002ac d067      	RCALL __EEPROMRDW
                +
0002ad 2f6f     +MOV R22 , R31
0002ae 0f66     +ADD R22 , R22
0002af 0b66     +SBC R22 , R22
0002b0 2f76     +MOV R23 , R22
                 	__CWD1
0002b1 d05d      	RCALL __PUTPARD1
0002b2 e084      	LDI  R24,4
0002b3 dfa1      	RCALL _printf
0002b4 9626      	ADIW R28,6
0002b5 9508      	RET
                 
                 ;OPTIMIZER ADDED SUBROUTINE, CALLED 5 TIMES, CODE SIZE REDUCTION:18 WORDS
                 SUBOPT_0x4:
0002b6 932a      	ST   -Y,R18
0002b7 85ad      	LDD  R26,Y+13
0002b8 85be      	LDD  R27,Y+13+1
0002b9 85ef      	LDD  R30,Y+15
0002ba 89f8      	LDD  R31,Y+15+1
0002bb 9509      	ICALL
0002bc 9508      	RET
                 
                 ;OPTIMIZER ADDED SUBROUTINE, CALLED 5 TIMES, CODE SIZE REDUCTION:14 WORDS
                 SUBOPT_0x5:
0002bd 89e8      	LDD  R30,Y+16
0002be 89f9      	LDD  R31,Y+16+1
0002bf 9734      	SBIW R30,4
0002c0 8be8      	STD  Y+16,R30
0002c1 8bf9      	STD  Y+16+1,R31
0002c2 9508      	RET
                 
                 ;OPTIMIZER ADDED SUBROUTINE, CALLED 3 TIMES, CODE SIZE REDUCTION:6 WORDS
                 SUBOPT_0x6:
0002c3 85ad      	LDD  R26,Y+13
0002c4 85be      	LDD  R27,Y+13+1
0002c5 85ef      	LDD  R30,Y+15
0002c6 89f8      	LDD  R31,Y+15+1
0002c7 9509      	ICALL
0002c8 9508      	RET
                 
                 ;OPTIMIZER ADDED SUBROUTINE, CALLED 2 TIMES, CODE SIZE REDUCTION:6 WORDS
                 SUBOPT_0x7:
0002c9 89a8      	LDD  R26,Y+16
0002ca 89b9      	LDD  R27,Y+16+1
0002cb 9614      	ADIW R26,4
0002cc 91ed      	LD   R30,X+
0002cd 91fd      	LD   R31,X+
0002ce 83ee      	STD  Y+6,R30
0002cf 83ff      	STD  Y+6+1,R31
0002d0 81ae      	LDD  R26,Y+6
0002d1 81bf      	LDD  R27,Y+6+1
0002d2 9508      	RET
                 
                 ;RUNTIME LIBRARY
                 
                 	.CSEG
                 __SAVELOCR6:
0002d3 935a      	ST   -Y,R21
                 __SAVELOCR5:
0002d4 934a      	ST   -Y,R20
                 __SAVELOCR4:
0002d5 933a      	ST   -Y,R19
                 __SAVELOCR3:
0002d6 932a      	ST   -Y,R18
                 __SAVELOCR2:
0002d7 931a      	ST   -Y,R17
0002d8 930a      	ST   -Y,R16
0002d9 9508      	RET
                 
                 __LOADLOCR6:
0002da 815d      	LDD  R21,Y+5
                 __LOADLOCR5:
0002db 814c      	LDD  R20,Y+4
                 __LOADLOCR4:
0002dc 813b      	LDD  R19,Y+3
                 __LOADLOCR3:
0002dd 812a      	LDD  R18,Y+2
                 __LOADLOCR2:
0002de 8119      	LDD  R17,Y+1
0002df 8108      	LD   R16,Y
0002e0 9508      	RET
                 
                 __ANEGW1:
0002e1 95f1      	NEG  R31
0002e2 95e1      	NEG  R30
0002e3 40f0      	SBCI R31,0
0002e4 9508      	RET
                 
                 __DIVW21U:
0002e5 2400      	CLR  R0
0002e6 2411      	CLR  R1
0002e7 e190      	LDI  R25,16
                 __DIVW21U1:
0002e8 0faa      	LSL  R26
0002e9 1fbb      	ROL  R27
0002ea 1c00      	ROL  R0
0002eb 1c11      	ROL  R1
0002ec 1a0e      	SUB  R0,R30
0002ed 0a1f      	SBC  R1,R31
0002ee f418      	BRCC __DIVW21U2
0002ef 0e0e      	ADD  R0,R30
0002f0 1e1f      	ADC  R1,R31
0002f1 c001      	RJMP __DIVW21U3
                 __DIVW21U2:
0002f2 60a1      	SBR  R26,1
                 __DIVW21U3:
0002f3 959a      	DEC  R25
0002f4 f799      	BRNE __DIVW21U1
0002f5 01fd      	MOVW R30,R26
0002f6 01d0      	MOVW R26,R0
0002f7 9508      	RET
                 
                 __DIVW21:
0002f8 d004      	RCALL __CHKSIGNW
0002f9 dfeb      	RCALL __DIVW21U
0002fa f40e      	BRTC __DIVW211
0002fb dfe5      	RCALL __ANEGW1
                 __DIVW211:
0002fc 9508      	RET
                 
                 __CHKSIGNW:
0002fd 94e8      	CLT
0002fe fff7      	SBRS R31,7
0002ff c002      	RJMP __CHKSW1
000300 dfe0      	RCALL __ANEGW1
000301 9468      	SET
                 __CHKSW1:
000302 ffb7      	SBRS R27,7
000303 c006      	RJMP __CHKSW2
000304 95b1      	NEG  R27
000305 95a1      	NEG  R26
000306 40b0      	SBCI R27,0
000307 f800      	BLD  R0,0
000308 9403      	INC  R0
000309 fa00      	BST  R0,0
                 __CHKSW2:
00030a 9508      	RET
                 
                 __GETW1PF:
00030b 9005      	LPM  R0,Z+
00030c 91f4      	LPM  R31,Z
00030d 2de0      	MOV  R30,R0
00030e 9508      	RET
                 
                 __PUTPARD1:
00030f 937a      	ST   -Y,R23
000310 936a      	ST   -Y,R22
000311 93fa      	ST   -Y,R31
000312 93ea      	ST   -Y,R30
000313 9508      	RET
                 
                 __EEPROMRDW:
000314 9611      	ADIW R26,1
000315 d002      	RCALL __EEPROMRDB
000316 2ffe      	MOV  R31,R30
000317 9711      	SBIW R26,1
                 
                 __EEPROMRDB:
000318 99e1      	SBIC EECR,EEWE
000319 cffe      	RJMP __EEPROMRDB
00031a 93ff      	PUSH R31
00031b b7ff      	IN   R31,SREG
00031c 94f8      	CLI
00031d bbae      	OUT  EEARL,R26
00031e bbbf      	OUT  EEARH,R27
00031f 9ae0      	SBI  EECR,EERE
000320 b3ed      	IN   R30,EEDR
000321 bfff      	OUT  SREG,R31
000322 91ff      	POP  R31
000323 9508      	RET
                 
                 __EEPROMWRW:
000324 d007      	RCALL __EEPROMWRB
000325 9611      	ADIW R26,1
000326 93ef      	PUSH R30
000327 2fef      	MOV  R30,R31
000328 d003      	RCALL __EEPROMWRB
000329 91ef      	POP  R30
00032a 9711      	SBIW R26,1
00032b 9508      	RET
                 
                 __EEPROMWRB:
00032c 9be1      	SBIS EECR,EEWE
00032d c002      	RJMP __EEPROMWRB1
00032e 95a8      	WDR
00032f cffc      	RJMP __EEPROMWRB
                 __EEPROMWRB1:
000330 b79f      	IN   R25,SREG
000331 94f8      	CLI
000332 bbae      	OUT  EEARL,R26
000333 bbbf      	OUT  EEARH,R27
000334 9ae0      	SBI  EECR,EERE
000335 b38d      	IN   R24,EEDR
000336 17e8      	CP   R30,R24
000337 f019      	BREQ __EEPROMWRB0
000338 bbed      	OUT  EEDR,R30
000339 9ae2      	SBI  EECR,EEMWE
00033a 9ae1      	SBI  EECR,EEWE
                 __EEPROMWRB0:
00033b bf9f      	OUT  SREG,R25
00033c 9508      	RET
                 
                 ;END OF CODE MARKER
                 __END_OF_CODE:


RESOURCE USE INFORMATION
------------------------

Notice:
The register and instruction counts are symbol table hit counts,
and hence implicitly used resources are not counted, eg, the
'lpm' instruction without operands implicitly uses r0 and z,
none of which are counted.

x,y,z are separate entities in the symbol table and are
counted separately from r26..r31 here.

.dseg memory usage only counts static data declared with .byte

ATmega32 register use summary:
r0 :  17 r1 :   4 r2 :   0 r3 :   0 r4 :   0 r5 :   0 r6 :   0 r7 :   0 
r8 :   0 r9 :   0 r10:   0 r11:   0 r12:   0 r13:   0 r14:   0 r15:   5 
r16:  32 r17:  19 r18:  27 r19:  10 r20:   9 r21:  17 r22:   9 r23:   2 
r24:  10 r25:   7 r26:  71 r27:  39 r28:  11 r29:   1 r30: 186 r31:  62 
x  :  20 y  : 136 z  :   6 
Registers used: 22 out of 35 (62.9%)

ATmega32 instruction use summary:
.lds  :   0 .lds.l:   0 .sts  :   0 .sts.l:   0 adc   :   3 add   :   5 
adiw  :  18 and   :   0 andi  :   4 asr   :   0 bclr  :   0 bld   :   1 
brbc  :   0 brbs  :   0 brcc  :   1 brcs  :   0 break :   0 breq  :  12 
brge  :   2 brhc  :   0 brhs  :   0 brid  :   0 brie  :   0 brlo  :   6 
brlt  :   0 brmi  :   0 brne  :  20 brpl  :   1 brsh  :   2 brtc  :   1 
brts  :   0 brvc  :   0 brvs  :   0 bset  :   0 bst   :   1 call  :   0 
cbi   :   8 cbr   :   0 clc   :   0 clh   :   0 cli   :   3 cln   :   0 
clr   :  10 cls   :   0 clt   :   1 clv   :   0 clz   :   0 com   :   0 
cp    :   4 cpc   :   1 cpi   :  29 cpse  :   0 dec   :   2 des   :   0 
eor   :   0 fmul  :   0 fmuls :   0 fmulsu:   0 icall :   2 ijmp  :   0 
in    :   6 inc   :   1 jmp   :  22 ld    :  27 ldd   :  56 ldi   :  81 
lds   :   0 lpm   :   7 lsl   :   1 lsr   :   0 mov   :  16 movw  :  10 
mul   :   1 muls  :   0 mulsu :   0 neg   :   4 nop   :   0 or    :   0 
ori   :   7 out   :  65 pop   :   3 push  :   3 rcall :  52 ret   :  25 
reti  :   1 rjmp  :  87 rol   :   3 ror   :   0 sbc   :   3 sbci  :   2 
sbi   :  12 sbic  :   3 sbis  :  16 sbiw  :  14 sbr   :   1 sbrc  :   2 
sbrs  :  12 sec   :   0 seh   :   0 sei   :   1 sen   :   0 ser   :   0 
ses   :   0 set   :   1 sev   :   0 sez   :   0 sleep :   0 spm   :   0 
st    :  44 std   :  30 sts   :   0 sub   :   2 subi  :  13 swap  :   0 
tst   :   3 wdr   :   1 
Instructions used: 61 out of 116 (52.6%)

ATmega32 memory use summary [bytes]:
Segment   Begin    End      Code   Data   Used    Size   Use%
---------------------------------------------------------------
[.cseg] 0x000000 0x00067a   1590     68   1658   32768   5.1%
[.dseg] 0x000060 0x000260      0      0      0    2048   0.0%
[.eseg] 0x000000 0x000002      0      2      2    1024   0.2%

Assembly complete, 0 errors, 0 warnings
