
AVRASM ver. 2.1.30  C:\Users\ferre\Desktop\projetoFinal\parte3\Debug\List\Janelas.asm Fri Aug 20 01:08:50 2021

                 
                 
                 ;CodeVisionAVR C Compiler V3.45 
                 ;(C) Copyright 1998-2021 Pavel Haiduc, HP InfoTech S.R.L.
                 ;http://www.hpinfotech.ro
                 
                 ;Build configuration    : Debug
                 ;Chip type              : ATmega32
                 ;Program type           : Application
                 ;Clock frequency        : 8.000000 MHz
                 ;Memory model           : Small
                 ;Optimize for           : Size
                 ;(s)printf features     : int, width
                 ;(s)scanf features      : int, width
                 ;External RAM size      : 0
                 ;Data Stack size        : 512 byte(s)
                 ;Heap size              : 0 byte(s)
                 ;Promote 'char' to 'int': Yes
                 ;'char' is unsigned     : Yes
                 ;8 bit enums            : Yes
                 ;Global 'const' stored in FLASH: No
                 ;Enhanced function parameter passing: Mode 2
                 ;Enhanced core instructions: On
                 ;Automatic register allocation for global variables: On
                 ;Smart register allocation: On
                 
                 	#define _MODEL_SMALL_
                 
                 	#pragma AVRPART ADMIN PART_NAME ATmega32
                 	#pragma AVRPART MEMORY PROG_FLASH 32768
                 	#pragma AVRPART MEMORY EEPROM 1024
                 	#pragma AVRPART MEMORY INT_SRAM SIZE 2048
                 	#pragma AVRPART MEMORY INT_SRAM START_ADDR 0x60
                 
                 	#define CALL_SUPPORTED 1
                 
                 	.LISTMAC
                 	.EQU UDRE=0x5
                 	.EQU RXC=0x7
                 	.EQU USR=0xB
                 	.EQU UDR=0xC
                 	.EQU SPSR=0xE
                 	.EQU SPDR=0xF
                 	.EQU EERE=0x0
                 	.EQU EEWE=0x1
                 	.EQU EEMWE=0x2
                 	.EQU EECR=0x1C
                 	.EQU EEDR=0x1D
                 	.EQU EEARL=0x1E
                 	.EQU EEARH=0x1F
                 	.EQU WDTCR=0x21
                 	.EQU MCUCR=0x35
                 	.EQU GICR=0x3B
                 	.EQU SPL=0x3D
                 	.EQU SPH=0x3E
                 	.EQU SREG=0x3F
                 
                 	.DEF R0X0=R0
                 	.DEF R0X1=R1
                 	.DEF R0X2=R2
                 	.DEF R0X3=R3
                 	.DEF R0X4=R4
                 	.DEF R0X5=R5
                 	.DEF R0X6=R6
                 	.DEF R0X7=R7
                 	.DEF R0X8=R8
                 	.DEF R0X9=R9
                 	.DEF R0XA=R10
                 	.DEF R0XB=R11
                 	.DEF R0XC=R12
                 	.DEF R0XD=R13
                 	.DEF R0XE=R14
                 	.DEF R0XF=R15
                 	.DEF R0X10=R16
                 	.DEF R0X11=R17
                 	.DEF R0X12=R18
                 	.DEF R0X13=R19
                 	.DEF R0X14=R20
                 	.DEF R0X15=R21
                 	.DEF R0X16=R22
                 	.DEF R0X17=R23
                 	.DEF R0X18=R24
                 	.DEF R0X19=R25
                 	.DEF R0X1A=R26
                 	.DEF R0X1B=R27
                 	.DEF R0X1C=R28
                 	.DEF R0X1D=R29
                 	.DEF R0X1E=R30
                 	.DEF R0X1F=R31
                 
                 	.EQU __SRAM_START=0x0060
                 	.EQU __SRAM_END=0x085F
                 	.EQU __DSTACK_SIZE=0x0200
                 	.EQU __HEAP_SIZE=0x0000
                 	.EQU __CLEAR_SRAM_SIZE=__SRAM_END-__SRAM_START+1
                 
                 	.MACRO __CPD1N
                 	CPI  R30,LOW(@0)
                 	LDI  R26,HIGH(@0)
                 	CPC  R31,R26
                 	LDI  R26,BYTE3(@0)
                 	CPC  R22,R26
                 	LDI  R26,BYTE4(@0)
                 	CPC  R23,R26
                 	.ENDM
                 
                 	.MACRO __CPD2N
                 	CPI  R26,LOW(@0)
                 	LDI  R30,HIGH(@0)
                 	CPC  R27,R30
                 	LDI  R30,BYTE3(@0)
                 	CPC  R24,R30
                 	LDI  R30,BYTE4(@0)
                 	CPC  R25,R30
                 	.ENDM
                 
                 	.MACRO __CPWRR
                 	CP   R@0,R@2
                 	CPC  R@1,R@3
                 	.ENDM
                 
                 	.MACRO __CPWRN
                 	CPI  R@0,LOW(@2)
                 	LDI  R30,HIGH(@2)
                 	CPC  R@1,R30
                 	.ENDM
                 
                 	.MACRO __ADDB1MN
                 	SUBI R30,LOW(-@0-(@1))
                 	.ENDM
                 
                 	.MACRO __ADDB2MN
                 	SUBI R26,LOW(-@0-(@1))
                 	.ENDM
                 
                 	.MACRO __ADDW1MN
                 	SUBI R30,LOW(-@0-(@1))
                 	SBCI R31,HIGH(-@0-(@1))
                 	.ENDM
                 
                 	.MACRO __ADDW2MN
                 	SUBI R26,LOW(-@0-(@1))
                 	SBCI R27,HIGH(-@0-(@1))
                 	.ENDM
                 
                 	.MACRO __ADDW1FN
                 	SUBI R30,LOW(-2*@0-(@1))
                 	SBCI R31,HIGH(-2*@0-(@1))
                 	.ENDM
                 
                 	.MACRO __ADDD1FN
                 	SUBI R30,LOW(-2*@0-(@1))
                 	SBCI R31,HIGH(-2*@0-(@1))
                 	SBCI R22,BYTE3(-2*@0-(@1))
                 	.ENDM
                 
                 	.MACRO __ADDD1N
                 	SUBI R30,LOW(-@0)
                 	SBCI R31,HIGH(-@0)
                 	SBCI R22,BYTE3(-@0)
                 	SBCI R23,BYTE4(-@0)
                 	.ENDM
                 
                 	.MACRO __ADDD2N
                 	SUBI R26,LOW(-@0)
                 	SBCI R27,HIGH(-@0)
                 	SBCI R24,BYTE3(-@0)
                 	SBCI R25,BYTE4(-@0)
                 	.ENDM
                 
                 	.MACRO __SUBD1N
                 	SUBI R30,LOW(@0)
                 	SBCI R31,HIGH(@0)
                 	SBCI R22,BYTE3(@0)
                 	SBCI R23,BYTE4(@0)
                 	.ENDM
                 
                 	.MACRO __SUBD2N
                 	SUBI R26,LOW(@0)
                 	SBCI R27,HIGH(@0)
                 	SBCI R24,BYTE3(@0)
                 	SBCI R25,BYTE4(@0)
                 	.ENDM
                 
                 	.MACRO __ANDBMNN
                 	LDS  R30,@0+(@1)
                 	ANDI R30,LOW(@2)
                 	STS  @0+(@1),R30
                 	.ENDM
                 
                 	.MACRO __ANDWMNN
                 	LDS  R30,@0+(@1)
                 	ANDI R30,LOW(@2)
                 	STS  @0+(@1),R30
                 	LDS  R30,@0+(@1)+1
                 	ANDI R30,HIGH(@2)
                 	STS  @0+(@1)+1,R30
                 	.ENDM
                 
                 	.MACRO __ANDD1N
                 	ANDI R30,LOW(@0)
                 	ANDI R31,HIGH(@0)
                 	ANDI R22,BYTE3(@0)
                 	ANDI R23,BYTE4(@0)
                 	.ENDM
                 
                 	.MACRO __ANDD2N
                 	ANDI R26,LOW(@0)
                 	ANDI R27,HIGH(@0)
                 	ANDI R24,BYTE3(@0)
                 	ANDI R25,BYTE4(@0)
                 	.ENDM
                 
                 	.MACRO __ORBMNN
                 	LDS  R30,@0+(@1)
                 	ORI  R30,LOW(@2)
                 	STS  @0+(@1),R30
                 	.ENDM
                 
                 	.MACRO __ORWMNN
                 	LDS  R30,@0+(@1)
                 	ORI  R30,LOW(@2)
                 	STS  @0+(@1),R30
                 	LDS  R30,@0+(@1)+1
                 	ORI  R30,HIGH(@2)
                 	STS  @0+(@1)+1,R30
                 	.ENDM
                 
                 	.MACRO __ORD1N
                 	ORI  R30,LOW(@0)
                 	ORI  R31,HIGH(@0)
                 	ORI  R22,BYTE3(@0)
                 	ORI  R23,BYTE4(@0)
                 	.ENDM
                 
                 	.MACRO __ORD2N
                 	ORI  R26,LOW(@0)
                 	ORI  R27,HIGH(@0)
                 	ORI  R24,BYTE3(@0)
                 	ORI  R25,BYTE4(@0)
                 	.ENDM
                 
                 	.MACRO __DELAY_USB
                 	LDI  R24,LOW(@0)
                 __DELAY_USB_LOOP:
                 	DEC  R24
                 	BRNE __DELAY_USB_LOOP
                 	.ENDM
                 
                 	.MACRO __DELAY_USW
                 	LDI  R24,LOW(@0)
                 	LDI  R25,HIGH(@0)
                 __DELAY_USW_LOOP:
                 	SBIW R24,1
                 	BRNE __DELAY_USW_LOOP
                 	.ENDM
                 
                 	.MACRO __GETW1P
                 	LD   R30,X+
                 	LD   R31,X
                 	SBIW R26,1
                 	.ENDM
                 
                 	.MACRO __GETD1S
                 	LDD  R30,Y+@0
                 	LDD  R31,Y+@0+1
                 	LDD  R22,Y+@0+2
                 	LDD  R23,Y+@0+3
                 	.ENDM
                 
                 	.MACRO __GETD2S
                 	LDD  R26,Y+@0
                 	LDD  R27,Y+@0+1
                 	LDD  R24,Y+@0+2
                 	LDD  R25,Y+@0+3
                 	.ENDM
                 
                 	.MACRO __GETD1P_INC
                 	LD   R30,X+
                 	LD   R31,X+
                 	LD   R22,X+
                 	LD   R23,X+
                 	.ENDM
                 
                 	.MACRO __GETD1P_DEC
                 	LD   R23,-X
                 	LD   R22,-X
                 	LD   R31,-X
                 	LD   R30,-X
                 	.ENDM
                 
                 	.MACRO __PUTDP1
                 	ST   X+,R30
                 	ST   X+,R31
                 	ST   X+,R22
                 	ST   X,R23
                 	.ENDM
                 
                 	.MACRO __PUTDP1_DEC
                 	ST   -X,R23
                 	ST   -X,R22
                 	ST   -X,R31
                 	ST   -X,R30
                 	.ENDM
                 
                 	.MACRO __PUTD1S
                 	STD  Y+@0,R30
                 	STD  Y+@0+1,R31
                 	STD  Y+@0+2,R22
                 	STD  Y+@0+3,R23
                 	.ENDM
                 
                 	.MACRO __PUTD2S
                 	STD  Y+@0,R26
                 	STD  Y+@0+1,R27
                 	STD  Y+@0+2,R24
                 	STD  Y+@0+3,R25
                 	.ENDM
                 
                 	.MACRO __PUTDZ2
                 	STD  Z+@0,R26
                 	STD  Z+@0+1,R27
                 	STD  Z+@0+2,R24
                 	STD  Z+@0+3,R25
                 	.ENDM
                 
                 	.MACRO __CLRD1S
                 	STD  Y+@0,R30
                 	STD  Y+@0+1,R30
                 	STD  Y+@0+2,R30
                 	STD  Y+@0+3,R30
                 	.ENDM
                 
                 	.MACRO __CPD10
                 	SBIW R30,0
                 	SBCI R22,0
                 	SBCI R23,0
                 	.ENDM
                 
                 	.MACRO __CPD20
                 	SBIW R26,0
                 	SBCI R24,0
                 	SBCI R25,0
                 	.ENDM
                 
                 	.MACRO __ADDD12
                 	ADD  R30,R26
                 	ADC  R31,R27
                 	ADC  R22,R24
                 	ADC  R23,R25
                 	.ENDM
                 
                 	.MACRO __ADDD21
                 	ADD  R26,R30
                 	ADC  R27,R31
                 	ADC  R24,R22
                 	ADC  R25,R23
                 	.ENDM
                 
                 	.MACRO __SUBD12
                 	SUB  R30,R26
                 	SBC  R31,R27
                 	SBC  R22,R24
                 	SBC  R23,R25
                 	.ENDM
                 
                 	.MACRO __SUBD21
                 	SUB  R26,R30
                 	SBC  R27,R31
                 	SBC  R24,R22
                 	SBC  R25,R23
                 	.ENDM
                 
                 	.MACRO __ANDD12
                 	AND  R30,R26
                 	AND  R31,R27
                 	AND  R22,R24
                 	AND  R23,R25
                 	.ENDM
                 
                 	.MACRO __ORD12
                 	OR   R30,R26
                 	OR   R31,R27
                 	OR   R22,R24
                 	OR   R23,R25
                 	.ENDM
                 
                 	.MACRO __XORD12
                 	EOR  R30,R26
                 	EOR  R31,R27
                 	EOR  R22,R24
                 	EOR  R23,R25
                 	.ENDM
                 
                 	.MACRO __XORD21
                 	EOR  R26,R30
                 	EOR  R27,R31
                 	EOR  R24,R22
                 	EOR  R25,R23
                 	.ENDM
                 
                 	.MACRO __COMD1
                 	COM  R30
                 	COM  R31
                 	COM  R22
                 	COM  R23
                 	.ENDM
                 
                 	.MACRO __MULD2_2
                 	LSL  R26
                 	ROL  R27
                 	ROL  R24
                 	ROL  R25
                 	.ENDM
                 
                 	.MACRO __LSRD1
                 	LSR  R23
                 	ROR  R22
                 	ROR  R31
                 	ROR  R30
                 	.ENDM
                 
                 	.MACRO __LSLD1
                 	LSL  R30
                 	ROL  R31
                 	ROL  R22
                 	ROL  R23
                 	.ENDM
                 
                 	.MACRO __ASRB4
                 	ASR  R30
                 	ASR  R30
                 	ASR  R30
                 	ASR  R30
                 	.ENDM
                 
                 	.MACRO __ASRW8
                 	MOV  R30,R31
                 	CLR  R31
                 	SBRC R30,7
                 	SER  R31
                 	.ENDM
                 
                 	.MACRO __LSRD16
                 	MOV  R30,R22
                 	MOV  R31,R23
                 	LDI  R22,0
                 	LDI  R23,0
                 	.ENDM
                 
                 	.MACRO __LSLD16
                 	MOV  R22,R30
                 	MOV  R23,R31
                 	LDI  R30,0
                 	LDI  R31,0
                 	.ENDM
                 
                 	.MACRO __CWD1
                 	MOV  R22,R31
                 	ADD  R22,R22
                 	SBC  R22,R22
                 	MOV  R23,R22
                 	.ENDM
                 
                 	.MACRO __CWD2
                 	MOV  R24,R27
                 	ADD  R24,R24
                 	SBC  R24,R24
                 	MOV  R25,R24
                 	.ENDM
                 
                 	.MACRO __SETMSD1
                 	SER  R31
                 	SER  R22
                 	SER  R23
                 	.ENDM
                 
                 	.MACRO __ADDW1R15
                 	CLR  R0
                 	ADD  R30,R15
                 	ADC  R31,R0
                 	.ENDM
                 
                 	.MACRO __ADDW2R15
                 	CLR  R0
                 	ADD  R26,R15
                 	ADC  R27,R0
                 	.ENDM
                 
                 	.MACRO __EQB12
                 	CP   R30,R26
                 	LDI  R30,1
                 	BREQ PC+2
                 	CLR  R30
                 	.ENDM
                 
                 	.MACRO __NEB12
                 	CP   R30,R26
                 	LDI  R30,1
                 	BRNE PC+2
                 	CLR  R30
                 	.ENDM
                 
                 	.MACRO __LEB12
                 	CP   R30,R26
                 	LDI  R30,1
                 	BRGE PC+2
                 	CLR  R30
                 	.ENDM
                 
                 	.MACRO __GEB12
                 	CP   R26,R30
                 	LDI  R30,1
                 	BRGE PC+2
                 	CLR  R30
                 	.ENDM
                 
                 	.MACRO __LTB12
                 	CP   R26,R30
                 	LDI  R30,1
                 	BRLT PC+2
                 	CLR  R30
                 	.ENDM
                 
                 	.MACRO __GTB12
                 	CP   R30,R26
                 	LDI  R30,1
                 	BRLT PC+2
                 	CLR  R30
                 	.ENDM
                 
                 	.MACRO __LEB12U
                 	CP   R30,R26
                 	LDI  R30,1
                 	BRSH PC+2
                 	CLR  R30
                 	.ENDM
                 
                 	.MACRO __GEB12U
                 	CP   R26,R30
                 	LDI  R30,1
                 	BRSH PC+2
                 	CLR  R30
                 	.ENDM
                 
                 	.MACRO __LTB12U
                 	CP   R26,R30
                 	LDI  R30,1
                 	BRLO PC+2
                 	CLR  R30
                 	.ENDM
                 
                 	.MACRO __GTB12U
                 	CP   R30,R26
                 	LDI  R30,1
                 	BRLO PC+2
                 	CLR  R30
                 	.ENDM
                 
                 	.MACRO __CPW01
                 	CLR  R0
                 	CP   R0,R30
                 	CPC  R0,R31
                 	.ENDM
                 
                 	.MACRO __CPW02
                 	CLR  R0
                 	CP   R0,R26
                 	CPC  R0,R27
                 	.ENDM
                 
                 	.MACRO __CPD12
                 	CP   R30,R26
                 	CPC  R31,R27
                 	CPC  R22,R24
                 	CPC  R23,R25
                 	.ENDM
                 
                 	.MACRO __CPD21
                 	CP   R26,R30
                 	CPC  R27,R31
                 	CPC  R24,R22
                 	CPC  R25,R23
                 	.ENDM
                 
                 	.MACRO __BSTB1
                 	CLT
                 	TST  R30
                 	BREQ PC+2
                 	SET
                 	.ENDM
                 
                 	.MACRO __LNEGB1
                 	TST  R30
                 	LDI  R30,1
                 	BREQ PC+2
                 	CLR  R30
                 	.ENDM
                 
                 	.MACRO __LNEGW1
                 	OR   R30,R31
                 	LDI  R30,1
                 	BREQ PC+2
                 	LDI  R30,0
                 	.ENDM
                 
                 	.MACRO __POINTB1MN
                 	LDI  R30,LOW(@0+(@1))
                 	.ENDM
                 
                 	.MACRO __POINTW1MN
                 	LDI  R30,LOW(@0+(@1))
                 	LDI  R31,HIGH(@0+(@1))
                 	.ENDM
                 
                 	.MACRO __POINTD1M
                 	LDI  R30,LOW(@0)
                 	LDI  R31,HIGH(@0)
                 	LDI  R22,BYTE3(@0)
                 	LDI  R23,BYTE4(@0)
                 	.ENDM
                 
                 	.MACRO __POINTW1FN
                 	LDI  R30,LOW(2*@0+(@1))
                 	LDI  R31,HIGH(2*@0+(@1))
                 	.ENDM
                 
                 	.MACRO __POINTD1FN
                 	LDI  R30,LOW(2*@0+(@1))
                 	LDI  R31,HIGH(2*@0+(@1))
                 	LDI  R22,BYTE3(2*@0+(@1))
                 	LDI  R23,BYTE4(2*@0+(@1))
                 	.ENDM
                 
                 	.MACRO __POINTB2MN
                 	LDI  R26,LOW(@0+(@1))
                 	.ENDM
                 
                 	.MACRO __POINTW2MN
                 	LDI  R26,LOW(@0+(@1))
                 	LDI  R27,HIGH(@0+(@1))
                 	.ENDM
                 
                 	.MACRO __POINTD2M
                 	LDI  R26,LOW(@0)
                 	LDI  R27,HIGH(@0)
                 	LDI  R24,BYTE3(@0)
                 	LDI  R25,BYTE4(@0)
                 	.ENDM
                 
                 	.MACRO __POINTW2FN
                 	LDI  R26,LOW(2*@0+(@1))
                 	LDI  R27,HIGH(2*@0+(@1))
                 	.ENDM
                 
                 	.MACRO __POINTD2FN
                 	LDI  R26,LOW(2*@0+(@1))
                 	LDI  R27,HIGH(2*@0+(@1))
                 	LDI  R24,BYTE3(2*@0+(@1))
                 	LDI  R25,BYTE4(2*@0+(@1))
                 	.ENDM
                 
                 	.MACRO __POINTBRM
                 	LDI  R@0,LOW(@1)
                 	.ENDM
                 
                 	.MACRO __POINTWRM
                 	LDI  R@0,LOW(@2)
                 	LDI  R@1,HIGH(@2)
                 	.ENDM
                 
                 	.MACRO __POINTBRMN
                 	LDI  R@0,LOW(@1+(@2))
                 	.ENDM
                 
                 	.MACRO __POINTWRMN
                 	LDI  R@0,LOW(@2+(@3))
                 	LDI  R@1,HIGH(@2+(@3))
                 	.ENDM
                 
                 	.MACRO __POINTWRFN
                 	LDI  R@0,LOW(@2*2+(@3))
                 	LDI  R@1,HIGH(@2*2+(@3))
                 	.ENDM
                 
                 	.MACRO __GETD1N
                 	LDI  R30,LOW(@0)
                 	LDI  R31,HIGH(@0)
                 	LDI  R22,BYTE3(@0)
                 	LDI  R23,BYTE4(@0)
                 	.ENDM
                 
                 	.MACRO __GETD2N
                 	LDI  R26,LOW(@0)
                 	LDI  R27,HIGH(@0)
                 	LDI  R24,BYTE3(@0)
                 	LDI  R25,BYTE4(@0)
                 	.ENDM
                 
                 	.MACRO __GETB1MN
                 	LDS  R30,@0+(@1)
                 	.ENDM
                 
                 	.MACRO __GETB1HMN
                 	LDS  R31,@0+(@1)
                 	.ENDM
                 
                 	.MACRO __GETW1MN
                 	LDS  R30,@0+(@1)
                 	LDS  R31,@0+(@1)+1
                 	.ENDM
                 
                 	.MACRO __GETD1MN
                 	LDS  R30,@0+(@1)
                 	LDS  R31,@0+(@1)+1
                 	LDS  R22,@0+(@1)+2
                 	LDS  R23,@0+(@1)+3
                 	.ENDM
                 
                 	.MACRO __GETBRMN
                 	LDS  R@0,@1+(@2)
                 	.ENDM
                 
                 	.MACRO __GETWRMN
                 	LDS  R@0,@2+(@3)
                 	LDS  R@1,@2+(@3)+1
                 	.ENDM
                 
                 	.MACRO __GETWRZ
                 	LDD  R@0,Z+@2
                 	LDD  R@1,Z+@2+1
                 	.ENDM
                 
                 	.MACRO __GETD2Z
                 	LDD  R26,Z+@0
                 	LDD  R27,Z+@0+1
                 	LDD  R24,Z+@0+2
                 	LDD  R25,Z+@0+3
                 	.ENDM
                 
                 	.MACRO __GETB2MN
                 	LDS  R26,@0+(@1)
                 	.ENDM
                 
                 	.MACRO __GETW2MN
                 	LDS  R26,@0+(@1)
                 	LDS  R27,@0+(@1)+1
                 	.ENDM
                 
                 	.MACRO __GETD2MN
                 	LDS  R26,@0+(@1)
                 	LDS  R27,@0+(@1)+1
                 	LDS  R24,@0+(@1)+2
                 	LDS  R25,@0+(@1)+3
                 	.ENDM
                 
                 	.MACRO __PUTB1MN
                 	STS  @0+(@1),R30
                 	.ENDM
                 
                 	.MACRO __PUTW1MN
                 	STS  @0+(@1),R30
                 	STS  @0+(@1)+1,R31
                 	.ENDM
                 
                 	.MACRO __PUTD1MN
                 	STS  @0+(@1),R30
                 	STS  @0+(@1)+1,R31
                 	STS  @0+(@1)+2,R22
                 	STS  @0+(@1)+3,R23
                 	.ENDM
                 
                 	.MACRO __PUTB1EN
                 	LDI  R26,LOW(@0+(@1))
                 	LDI  R27,HIGH(@0+(@1))
                 	CALL __EEPROMWRB
                 	.ENDM
                 
                 	.MACRO __PUTW1EN
                 	LDI  R26,LOW(@0+(@1))
                 	LDI  R27,HIGH(@0+(@1))
                 	CALL __EEPROMWRW
                 	.ENDM
                 
                 	.MACRO __PUTD1EN
                 	LDI  R26,LOW(@0+(@1))
                 	LDI  R27,HIGH(@0+(@1))
                 	CALL __EEPROMWRD
                 	.ENDM
                 
                 	.MACRO __PUTBR0MN
                 	STS  @0+(@1),R0
                 	.ENDM
                 
                 	.MACRO __PUTBMRN
                 	STS  @0+(@1),R@2
                 	.ENDM
                 
                 	.MACRO __PUTWMRN
                 	STS  @0+(@1),R@2
                 	STS  @0+(@1)+1,R@3
                 	.ENDM
                 
                 	.MACRO __PUTBZR
                 	STD  Z+@1,R@0
                 	.ENDM
                 
                 	.MACRO __PUTWZR
                 	STD  Z+@2,R@0
                 	STD  Z+@2+1,R@1
                 	.ENDM
                 
                 	.MACRO __GETW1R
                 	MOV  R30,R@0
                 	MOV  R31,R@1
                 	.ENDM
                 
                 	.MACRO __GETW2R
                 	MOV  R26,R@0
                 	MOV  R27,R@1
                 	.ENDM
                 
                 	.MACRO __GETWRN
                 	LDI  R@0,LOW(@2)
                 	LDI  R@1,HIGH(@2)
                 	.ENDM
                 
                 	.MACRO __PUTW1R
                 	MOV  R@0,R30
                 	MOV  R@1,R31
                 	.ENDM
                 
                 	.MACRO __PUTW2R
                 	MOV  R@0,R26
                 	MOV  R@1,R27
                 	.ENDM
                 
                 	.MACRO __ADDWRN
                 	SUBI R@0,LOW(-@2)
                 	SBCI R@1,HIGH(-@2)
                 	.ENDM
                 
                 	.MACRO __ADDWRR
                 	ADD  R@0,R@2
                 	ADC  R@1,R@3
                 	.ENDM
                 
                 	.MACRO __SUBWRN
                 	SUBI R@0,LOW(@2)
                 	SBCI R@1,HIGH(@2)
                 	.ENDM
                 
                 	.MACRO __SUBWRR
                 	SUB  R@0,R@2
                 	SBC  R@1,R@3
                 	.ENDM
                 
                 	.MACRO __ANDWRN
                 	ANDI R@0,LOW(@2)
                 	ANDI R@1,HIGH(@2)
                 	.ENDM
                 
                 	.MACRO __ANDWRR
                 	AND  R@0,R@2
                 	AND  R@1,R@3
                 	.ENDM
                 
                 	.MACRO __ORWRN
                 	ORI  R@0,LOW(@2)
                 	ORI  R@1,HIGH(@2)
                 	.ENDM
                 
                 	.MACRO __ORWRR
                 	OR   R@0,R@2
                 	OR   R@1,R@3
                 	.ENDM
                 
                 	.MACRO __EORWRR
                 	EOR  R@0,R@2
                 	EOR  R@1,R@3
                 	.ENDM
                 
                 	.MACRO __GETWRS
                 	LDD  R@0,Y+@2
                 	LDD  R@1,Y+@2+1
                 	.ENDM
                 
                 	.MACRO __PUTBSR
                 	STD  Y+@1,R@0
                 	.ENDM
                 
                 	.MACRO __PUTWSR
                 	STD  Y+@2,R@0
                 	STD  Y+@2+1,R@1
                 	.ENDM
                 
                 	.MACRO __MOVEWRR
                 	MOV  R@0,R@2
                 	MOV  R@1,R@3
                 	.ENDM
                 
                 	.MACRO __INWR
                 	IN   R@0,@2
                 	IN   R@1,@2+1
                 	.ENDM
                 
                 	.MACRO __OUTWR
                 	OUT  @2+1,R@1
                 	OUT  @2,R@0
                 	.ENDM
                 
                 	.MACRO __CALL1MN
                 	LDS  R30,@0+(@1)
                 	LDS  R31,@0+(@1)+1
                 	ICALL
                 	.ENDM
                 
                 	.MACRO __CALL1FN
                 	LDI  R30,LOW(2*@0+(@1))
                 	LDI  R31,HIGH(2*@0+(@1))
                 	CALL __GETW1PF
                 	ICALL
                 	.ENDM
                 
                 	.MACRO __CALL2EN
                 	PUSH R26
                 	PUSH R27
                 	LDI  R26,LOW(@0+(@1))
                 	LDI  R27,HIGH(@0+(@1))
                 	CALL __EEPROMRDW
                 	POP  R27
                 	POP  R26
                 	ICALL
                 	.ENDM
                 
                 	.MACRO __CALL2EX
                 	SUBI R26,LOW(-@0)
                 	SBCI R27,HIGH(-@0)
                 	CALL __EEPROMRDD
                 	ICALL
                 	.ENDM
                 
                 	.MACRO __GETW1STACK
                 	IN   R30,SPL
                 	IN   R31,SPH
                 	ADIW R30,@0+1
                 	LD   R0,Z+
                 	LD   R31,Z
                 	MOV  R30,R0
                 	.ENDM
                 
                 	.MACRO __GETD1STACK
                 	IN   R30,SPL
                 	IN   R31,SPH
                 	ADIW R30,@0+1
                 	LD   R0,Z+
                 	LD   R1,Z+
                 	LD   R22,Z
                 	MOVW R30,R0
                 	.ENDM
                 
                 	.MACRO __NBST
                 	BST  R@0,@1
                 	IN   R30,SREG
                 	LDI  R31,0x40
                 	EOR  R30,R31
                 	OUT  SREG,R30
                 	.ENDM
                 
                 
                 	.MACRO __PUTB1SN
                 	LDD  R26,Y+@0
                 	LDD  R27,Y+@0+1
                 	SUBI R26,LOW(-@1)
                 	SBCI R27,HIGH(-@1)
                 	ST   X,R30
                 	.ENDM
                 
                 	.MACRO __PUTW1SN
                 	LDD  R26,Y+@0
                 	LDD  R27,Y+@0+1
                 	SUBI R26,LOW(-@1)
                 	SBCI R27,HIGH(-@1)
                 	ST   X+,R30
                 	ST   X,R31
                 	.ENDM
                 
                 	.MACRO __PUTD1SN
                 	LDD  R26,Y+@0
                 	LDD  R27,Y+@0+1
                 	SUBI R26,LOW(-@1)
                 	SBCI R27,HIGH(-@1)
                 	ST   X+,R30
                 	ST   X+,R31
                 	ST   X+,R22
                 	ST   X,R23
                 	.ENDM
                 
                 	.MACRO __PUTB1SNS
                 	LDD  R26,Y+@0
                 	LDD  R27,Y+@0+1
                 	ADIW R26,@1
                 	ST   X,R30
                 	.ENDM
                 
                 	.MACRO __PUTW1SNS
                 	LDD  R26,Y+@0
                 	LDD  R27,Y+@0+1
                 	ADIW R26,@1
                 	ST   X+,R30
                 	ST   X,R31
                 	.ENDM
                 
                 	.MACRO __PUTD1SNS
                 	LDD  R26,Y+@0
                 	LDD  R27,Y+@0+1
                 	ADIW R26,@1
                 	ST   X+,R30
                 	ST   X+,R31
                 	ST   X+,R22
                 	ST   X,R23
                 	.ENDM
                 
                 	.MACRO __PUTB1PMN
                 	LDS  R26,@0
                 	LDS  R27,@0+1
                 	SUBI R26,LOW(-@1)
                 	SBCI R27,HIGH(-@1)
                 	ST   X,R30
                 	.ENDM
                 
                 	.MACRO __PUTW1PMN
                 	LDS  R26,@0
                 	LDS  R27,@0+1
                 	SUBI R26,LOW(-@1)
                 	SBCI R27,HIGH(-@1)
                 	ST   X+,R30
                 	ST   X,R31
                 	.ENDM
                 
                 	.MACRO __PUTD1PMN
                 	LDS  R26,@0
                 	LDS  R27,@0+1
                 	SUBI R26,LOW(-@1)
                 	SBCI R27,HIGH(-@1)
                 	ST   X+,R30
                 	ST   X+,R31
                 	ST   X+,R22
                 	ST   X,R23
                 	.ENDM
                 
                 	.MACRO __PUTB1PMNS
                 	LDS  R26,@0
                 	LDS  R27,@0+1
                 	ADIW R26,@1
                 	ST   X,R30
                 	.ENDM
                 
                 	.MACRO __PUTW1PMNS
                 	LDS  R26,@0
                 	LDS  R27,@0+1
                 	ADIW R26,@1
                 	ST   X+,R30
                 	ST   X,R31
                 	.ENDM
                 
                 	.MACRO __PUTD1PMNS
                 	LDS  R26,@0
                 	LDS  R27,@0+1
                 	ADIW R26,@1
                 	ST   X+,R30
                 	ST   X+,R31
                 	ST   X+,R22
                 	ST   X,R23
                 	.ENDM
                 
                 	.MACRO __PUTB1RN
                 	MOVW R26,R@0
                 	SUBI R26,LOW(-@1)
                 	SBCI R27,HIGH(-@1)
                 	ST   X,R30
                 	.ENDM
                 
                 	.MACRO __PUTW1RN
                 	MOVW R26,R@0
                 	SUBI R26,LOW(-@1)
                 	SBCI R27,HIGH(-@1)
                 	ST   X+,R30
                 	ST   X,R31
                 	.ENDM
                 
                 	.MACRO __PUTD1RN
                 	MOVW R26,R@0
                 	SUBI R26,LOW(-@1)
                 	SBCI R27,HIGH(-@1)
                 	ST   X+,R30
                 	ST   X+,R31
                 	ST   X+,R22
                 	ST   X,R23
                 	.ENDM
                 
                 	.MACRO __PUTB1RNS
                 	MOVW R26,R@0
                 	ADIW R26,@1
                 	ST   X,R30
                 	.ENDM
                 
                 	.MACRO __PUTW1RNS
                 	MOVW R26,R@0
                 	ADIW R26,@1
                 	ST   X+,R30
                 	ST   X,R31
                 	.ENDM
                 
                 	.MACRO __PUTD1RNS
                 	MOVW R26,R@0
                 	ADIW R26,@1
                 	ST   X+,R30
                 	ST   X+,R31
                 	ST   X+,R22
                 	ST   X,R23
                 	.ENDM
                 
                 	.MACRO __PUTB1RON
                 	MOV  R26,R@0
                 	MOV  R27,R@1
                 	SUBI R26,LOW(-@2)
                 	SBCI R27,HIGH(-@2)
                 	ST   X,R30
                 	.ENDM
                 
                 	.MACRO __PUTW1RON
                 	MOV  R26,R@0
                 	MOV  R27,R@1
                 	SUBI R26,LOW(-@2)
                 	SBCI R27,HIGH(-@2)
                 	ST   X+,R30
                 	ST   X,R31
                 	.ENDM
                 
                 	.MACRO __PUTD1RON
                 	MOV  R26,R@0
                 	MOV  R27,R@1
                 	SUBI R26,LOW(-@2)
                 	SBCI R27,HIGH(-@2)
                 	ST   X+,R30
                 	ST   X+,R31
                 	ST   X+,R22
                 	ST   X,R23
                 	.ENDM
                 
                 	.MACRO __PUTB1RONS
                 	MOV  R26,R@0
                 	MOV  R27,R@1
                 	ADIW R26,@2
                 	ST   X,R30
                 	.ENDM
                 
                 	.MACRO __PUTW1RONS
                 	MOV  R26,R@0
                 	MOV  R27,R@1
                 	ADIW R26,@2
                 	ST   X+,R30
                 	ST   X,R31
                 	.ENDM
                 
                 	.MACRO __PUTD1RONS
                 	MOV  R26,R@0
                 	MOV  R27,R@1
                 	ADIW R26,@2
                 	ST   X+,R30
                 	ST   X+,R31
                 	ST   X+,R22
                 	ST   X,R23
                 	.ENDM
                 
                 
                 	.MACRO __GETB1SX
                 	MOVW R30,R28
                 	SUBI R30,LOW(-@0)
                 	SBCI R31,HIGH(-@0)
                 	LD   R30,Z
                 	.ENDM
                 
                 	.MACRO __GETB1HSX
                 	MOVW R30,R28
                 	SUBI R30,LOW(-@0)
                 	SBCI R31,HIGH(-@0)
                 	LD   R31,Z
                 	.ENDM
                 
                 	.MACRO __GETW1SX
                 	MOVW R30,R28
                 	SUBI R30,LOW(-@0)
                 	SBCI R31,HIGH(-@0)
                 	CALL __GETW1Z
                 	.ENDM
                 
                 	.MACRO __GETD1SX
                 	MOVW R30,R28
                 	SUBI R30,LOW(-@0)
                 	SBCI R31,HIGH(-@0)
                 	CALL __GETD1Z
                 	.ENDM
                 
                 	.MACRO __GETB2SX
                 	MOVW R26,R28
                 	SUBI R26,LOW(-@0)
                 	SBCI R27,HIGH(-@0)
                 	LD   R26,X
                 	.ENDM
                 
                 	.MACRO __GETW2SX
                 	MOVW R26,R28
                 	SUBI R26,LOW(-@0)
                 	SBCI R27,HIGH(-@0)
                 	CALL __GETW2X
                 	.ENDM
                 
                 	.MACRO __GETD2SX
                 	MOVW R26,R28
                 	SUBI R26,LOW(-@0)
                 	SBCI R27,HIGH(-@0)
                 	CALL __GETD2X
                 	.ENDM
                 
                 	.MACRO __GETBRSX
                 	MOVW R30,R28
                 	SUBI R30,LOW(-@1)
                 	SBCI R31,HIGH(-@1)
                 	LD   R@0,Z
                 	.ENDM
                 
                 	.MACRO __GETWRSX
                 	MOVW R30,R28
                 	SUBI R30,LOW(-@2)
                 	SBCI R31,HIGH(-@2)
                 	LD   R@0,Z+
                 	LD   R@1,Z
                 	.ENDM
                 
                 	.MACRO __GETBRSX2
                 	MOVW R26,R28
                 	SUBI R26,LOW(-@1)
                 	SBCI R27,HIGH(-@1)
                 	LD   R@0,X
                 	.ENDM
                 
                 	.MACRO __GETWRSX2
                 	MOVW R26,R28
                 	SUBI R26,LOW(-@2)
                 	SBCI R27,HIGH(-@2)
                 	LD   R@0,X+
                 	LD   R@1,X
                 	.ENDM
                 
                 	.MACRO __LSLW8SX
                 	MOVW R30,R28
                 	SUBI R30,LOW(-@0)
                 	SBCI R31,HIGH(-@0)
                 	LD   R31,Z
                 	CLR  R30
                 	.ENDM
                 
                 	.MACRO __PUTB1SX
                 	MOVW R26,R28
                 	SUBI R26,LOW(-@0)
                 	SBCI R27,HIGH(-@0)
                 	ST   X,R30
                 	.ENDM
                 
                 	.MACRO __PUTW1SX
                 	MOVW R26,R28
                 	SUBI R26,LOW(-@0)
                 	SBCI R27,HIGH(-@0)
                 	ST   X+,R30
                 	ST   X,R31
                 	.ENDM
                 
                 	.MACRO __PUTD1SX
                 	MOVW R26,R28
                 	SUBI R26,LOW(-@0)
                 	SBCI R27,HIGH(-@0)
                 	ST   X+,R30
                 	ST   X+,R31
                 	ST   X+,R22
                 	ST   X,R23
                 	.ENDM
                 
                 	.MACRO __CLRW1SX
                 	MOVW R26,R28
                 	SUBI R26,LOW(-@0)
                 	SBCI R27,HIGH(-@0)
                 	ST   X+,R30
                 	ST   X,R30
                 	.ENDM
                 
                 	.MACRO __CLRD1SX
                 	MOVW R26,R28
                 	SUBI R26,LOW(-@0)
                 	SBCI R27,HIGH(-@0)
                 	ST   X+,R30
                 	ST   X+,R30
                 	ST   X+,R30
                 	ST   X,R30
                 	.ENDM
                 
                 	.MACRO __PUTB2SX
                 	MOVW R30,R28
                 	SUBI R30,LOW(-@0)
                 	SBCI R31,HIGH(-@0)
                 	ST   Z,R26
                 	.ENDM
                 
                 	.MACRO __PUTW2SX
                 	MOVW R30,R28
                 	SUBI R30,LOW(-@0)
                 	SBCI R31,HIGH(-@0)
                 	ST   Z+,R26
                 	ST   Z,R27
                 	.ENDM
                 
                 	.MACRO __PUTD2SX
                 	MOVW R30,R28
                 	SUBI R30,LOW(-@0)
                 	SBCI R31,HIGH(-@0)
                 	ST   Z+,R26
                 	ST   Z+,R27
                 	ST   Z+,R24
                 	ST   Z,R25
                 	.ENDM
                 
                 	.MACRO __PUTBSRX
                 	MOVW R30,R28
                 	SUBI R30,LOW(-@1)
                 	SBCI R31,HIGH(-@1)
                 	ST   Z,R@0
                 	.ENDM
                 
                 	.MACRO __PUTWSRX
                 	MOVW R30,R28
                 	SUBI R30,LOW(-@2)
                 	SBCI R31,HIGH(-@2)
                 	ST   Z+,R@0
                 	ST   Z,R@1
                 	.ENDM
                 
                 	.MACRO __PUTB1SNX
                 	MOVW R26,R28
                 	SUBI R26,LOW(-@0)
                 	SBCI R27,HIGH(-@0)
                 	LD   R0,X+
                 	LD   R27,X
                 	MOV  R26,R0
                 	SUBI R26,LOW(-@1)
                 	SBCI R27,HIGH(-@1)
                 	ST   X,R30
                 	.ENDM
                 
                 	.MACRO __PUTW1SNX
                 	MOVW R26,R28
                 	SUBI R26,LOW(-@0)
                 	SBCI R27,HIGH(-@0)
                 	LD   R0,X+
                 	LD   R27,X
                 	MOV  R26,R0
                 	SUBI R26,LOW(-@1)
                 	SBCI R27,HIGH(-@1)
                 	ST   X+,R30
                 	ST   X,R31
                 	.ENDM
                 
                 	.MACRO __PUTD1SNX
                 	MOVW R26,R28
                 	SUBI R26,LOW(-@0)
                 	SBCI R27,HIGH(-@0)
                 	LD   R0,X+
                 	LD   R27,X
                 	MOV  R26,R0
                 	SUBI R26,LOW(-@1)
                 	SBCI R27,HIGH(-@1)
                 	ST   X+,R30
                 	ST   X+,R31
                 	ST   X+,R22
                 	ST   X,R23
                 	.ENDM
                 
                 	.MACRO __MULBRR
                 	MULS R@0,R@1
                 	MOVW R30,R0
                 	.ENDM
                 
                 	.MACRO __MULBRRU
                 	MUL  R@0,R@1
                 	MOVW R30,R0
                 	.ENDM
                 
                 	.MACRO __MULBRR0
                 	MULS R@0,R@1
                 	.ENDM
                 
                 	.MACRO __MULBRRU0
                 	MUL  R@0,R@1
                 	.ENDM
                 
                 	.MACRO __MULBNWRU
                 	LDI  R26,@2
                 	MUL  R26,R@0
                 	MOVW R30,R0
                 	MUL  R26,R@1
                 	ADD  R31,R0
                 	.ENDM
                 
                 	.CSEG
                 	.ORG 0x00
                 
                 ;START OF CODE MARKER
                 __START_OF_CODE:
                 
                 ;INTERRUPT VECTORS
000000 940c 0048 	JMP  __RESET
000002 940c 0000 	JMP  0x00
000004 940c 0000 	JMP  0x00
000006 940c 0000 	JMP  0x00
000008 940c 0000 	JMP  0x00
00000a 940c 0000 	JMP  0x00
00000c 940c 0000 	JMP  0x00
00000e 940c 0000 	JMP  0x00
000010 940c 0000 	JMP  0x00
000012 940c 0063 	JMP  _timer1_ovf_isr
000014 940c 0000 	JMP  0x00
000016 940c 0000 	JMP  0x00
000018 940c 0000 	JMP  0x00
00001a 940c 0000 	JMP  0x00
00001c 940c 0000 	JMP  0x00
00001e 940c 0000 	JMP  0x00
000020 940c 0000 	JMP  0x00
000022 940c 0000 	JMP  0x00
000024 940c 0000 	JMP  0x00
000026 940c 0000 	JMP  0x00
000028 940c 0000 	JMP  0x00
                 
                 _tbl10_G100:
00002a 2710
00002b 03e8
00002c 0064
00002d 000a      	.DB  0x10,0x27,0xE8,0x3,0x64,0x0,0xA,0x0
00002e 0001      	.DB  0x1,0x0
                 _tbl16_G100:
00002f 1000
000030 0100
000031 0010
000032 0001      	.DB  0x0,0x10,0x0,0x1,0x10,0x0,0x1,0x0
                 
                 _0x0:
000033 6c41
000034 7265
000035 6174
000036 202e      	.DB  0x41,0x6C,0x65,0x72,0x74,0x61,0x2E,0x20
000037 6241
000038 7361
000039 6574
00003a 61e7      	.DB  0x41,0x62,0x61,0x73,0x74,0x65,0xE7,0x61
00003b 2021
00003c 6553
00003d 2075
00003e 6f63      	.DB  0x21,0x20,0x53,0x65,0x75,0x20,0x63,0x6F
00003f 626d
000040 7375
000041 ed74
000042 6576      	.DB  0x6D,0x62,0x75,0x73,0x74,0xED,0x76,0x65
000043 206c
000044 20e9
000045 6564
000046 2520      	.DB  0x6C,0x20,0xE9,0x20,0x64,0x65,0x20,0x25
000047 0064      	.DB  0x64,0x0
                 __RESET:
000048 94f8      	CLI
000049 27ee      	CLR  R30
00004a bbec      	OUT  EECR,R30
                 
                 ;INTERRUPT VECTORS ARE PLACED
                 ;AT THE START OF FLASH
00004b e0f1      	LDI  R31,1
00004c bffb      	OUT  GICR,R31
00004d bfeb      	OUT  GICR,R30
00004e bfe5      	OUT  MCUCR,R30
                 
                 ;CLEAR R2-R14
00004f e08d      	LDI  R24,(14-2)+1
000050 e0a2      	LDI  R26,2
000051 27bb      	CLR  R27
                 __CLEAR_REG:
000052 93ed      	ST   X+,R30
000053 958a      	DEC  R24
000054 f7e9      	BRNE __CLEAR_REG
                 
                 ;CLEAR SRAM
000055 e080      	LDI  R24,LOW(__CLEAR_SRAM_SIZE)
000056 e098      	LDI  R25,HIGH(__CLEAR_SRAM_SIZE)
000057 e6a0      	LDI  R26,__SRAM_START
                 __CLEAR_SRAM:
000058 93ed      	ST   X+,R30
000059 9701      	SBIW R24,1
00005a f7e9      	BRNE __CLEAR_SRAM
                 
                 ;HARDWARE STACK POINTER INITIALIZATION
00005b e5ef      	LDI  R30,LOW(__SRAM_END-__HEAP_SIZE)
00005c bfed      	OUT  SPL,R30
00005d e0e8      	LDI  R30,HIGH(__SRAM_END-__HEAP_SIZE)
00005e bfee      	OUT  SPH,R30
                 
                 ;DATA STACK POINTER INITIALIZATION
00005f e6c0      	LDI  R28,LOW(__SRAM_START+__DSTACK_SIZE)
000060 e0d2      	LDI  R29,HIGH(__SRAM_START+__DSTACK_SIZE)
                 
000061 940c 009b 	JMP  _main
                 
                 	.ESEG
                 	.ORG 0x00
                 
                 	.DSEG
                 	.ORG 0x260
                 
                 	.CSEG
                 	#ifndef __SLEEP_DEFINED__
                 	#define __SLEEP_DEFINED__
                 	.EQU __se_bit=0x80
                 	.EQU __sm_mask=0x70
                 	.EQU __sm_powerdown=0x20
                 	.EQU __sm_powersave=0x30
                 	.EQU __sm_standby=0x60
                 	.EQU __sm_ext_standby=0x70
                 	.EQU __sm_adc_noise_red=0x10
                 	.SET power_ctrl_reg=mcucr
                 	#endif
                 ;interrupt [10] void timer1_ovf_isr(void)
                 ; 0000 0007 { combustivel = combustivel - 20;
                 
                 	.CSEG
                 _timer1_ovf_isr:
                 ; .FSTART _timer1_ovf_isr
000063 938a      	ST   -Y,R24
000064 939a      	ST   -Y,R25
000065 93aa      	ST   -Y,R26
000066 93ba      	ST   -Y,R27
000067 93ea      	ST   -Y,R30
000068 93fa      	ST   -Y,R31
000069 b7ef      	IN   R30,SREG
00006a 93ea      	ST   -Y,R30
00006b e0a0      	LDI  R26,LOW(_combustivel)
00006c e0b0      	LDI  R27,HIGH(_combustivel)
00006d d25d      	RCALL __EEPROMRDW
00006e 9774      	SBIW R30,20
00006f e0a0      	LDI  R26,LOW(_combustivel)
000070 e0b0      	LDI  R27,HIGH(_combustivel)
000071 d269      	RCALL __EEPROMWRW
                 ; 0000 0008 if (PINB.6 == 1){
000072 9bb6      	SBIS 0x16,6
000073 c00e      	RJMP _0x3
                 ; 0000 0009 
                 ; 0000 000A PORTA.0 = ~PORTA.0 ;
000074 9bd8      	SBIS 0x1B,0
000075 c002      	RJMP _0x4
000076 98d8      	CBI  0x1B,0
000077 c001      	RJMP _0x5
                 _0x4:
000078 9ad8      	SBI  0x1B,0
                 _0x5:
                 ; 0000 000B TCNT1H=0x1F00 >> 8;
000079 d1ee      	RCALL SUBOPT_0x0
                 ; 0000 000C TCNT1L=0x1F00 & 0xFF;
                 ; 0000 000D while(PORTA.0 == 1){
                 _0x6:
00007a 9bd8      	SBIS 0x1B,0
00007b c006      	RJMP _0x8
                 ; 0000 000E PORTA.0 = 1;
00007c 9ad8      	SBI  0x1B,0
                 ; 0000 000F if (PINB.6==0){
00007d 99b6      	SBIC 0x16,6
00007e c002      	RJMP _0xB
                 ; 0000 0010 PORTA.0 = 0;
00007f 98d8      	CBI  0x1B,0
                 ; 0000 0011 break;
000080 c001      	RJMP _0x8
                 ; 0000 0012 }
                 ; 0000 0013 }
                 _0xB:
000081 cff8      	RJMP _0x6
                 _0x8:
                 ; 0000 0014 
                 ; 0000 0015 
                 ; 0000 0016 }
                 ; 0000 0017 
                 ; 0000 0018 
                 ; 0000 0019 
                 ; 0000 001A if (PINB.7 == 1){
                 _0x3:
000082 9bb7      	SBIS 0x16,7
000083 c00e      	RJMP _0xE
                 ; 0000 001B 
                 ; 0000 001C PORTA.1 = ~PORTA.1;
000084 9bd9      	SBIS 0x1B,1
000085 c002      	RJMP _0xF
000086 98d9      	CBI  0x1B,1
000087 c001      	RJMP _0x10
                 _0xF:
000088 9ad9      	SBI  0x1B,1
                 _0x10:
                 ; 0000 001D TCNT1H=0x1F00 >> 8;
000089 d1de      	RCALL SUBOPT_0x0
                 ; 0000 001E TCNT1L=0x1F00 & 0xFF;
                 ; 0000 001F 
                 ; 0000 0020 while(PORTA.1 == 1){
                 _0x11:
00008a 9bd9      	SBIS 0x1B,1
00008b c006      	RJMP _0x13
                 ; 0000 0021 PORTA.1 = 1;
00008c 9ad9      	SBI  0x1B,1
                 ; 0000 0022 if (PINB.7==0){
00008d 99b7      	SBIC 0x16,7
00008e c002      	RJMP _0x16
                 ; 0000 0023 PORTA.1 = 0;
00008f 98d9      	CBI  0x1B,1
                 ; 0000 0024 break;
000090 c001      	RJMP _0x13
                 ; 0000 0025 }
                 ; 0000 0026 }
                 _0x16:
000091 cff8      	RJMP _0x11
                 _0x13:
                 ; 0000 0027 }
                 ; 0000 0028 }
                 _0xE:
000092 91e9      	LD   R30,Y+
000093 bfef      	OUT  SREG,R30
000094 91f9      	LD   R31,Y+
000095 91e9      	LD   R30,Y+
000096 91b9      	LD   R27,Y+
000097 91a9      	LD   R26,Y+
000098 9199      	LD   R25,Y+
000099 9189      	LD   R24,Y+
00009a 9518      	RETI
                 ; .FEND
                 ;void main(void)
                 ; 0000 0032 {
                 _main:
                 ; .FSTART _main
                 ; 0000 0033 // Declare your local variables here
                 ; 0000 0034 PORTA=0x00;
00009b e0e0      	LDI  R30,LOW(0)
00009c bbeb      	OUT  0x1B,R30
                 ; 0000 0035 DDRA=0x03;
00009d e0e3      	LDI  R30,LOW(3)
00009e bbea      	OUT  0x1A,R30
                 ; 0000 0036 // Input/Output Ports initialization
                 ; 0000 0037 // Port B initialization
                 ; 0000 0038 // Func7=In Func6=In Func5=In Func4=In Func3=In Func2=In Func1=Out Func0=Out
                 ; 0000 0039 // State7=T State6=T State5=T State4=T State3=T State2=T State1=0 State0=0
                 ; 0000 003A PORTB=0x00;
00009f e0e0      	LDI  R30,LOW(0)
0000a0 bbe8      	OUT  0x18,R30
                 ; 0000 003B DDRB=0x00;
0000a1 bbe7      	OUT  0x17,R30
                 ; 0000 003C 
                 ; 0000 003D // Port C initialization
                 ; 0000 003E // Func6=In Func5=In Func4=In Func3=In Func2=In Func1=In Func0=In
                 ; 0000 003F // State6=T State5=T State4=T State3=T State2=T State1=T State0=T
                 ; 0000 0040 PORTC=0x00;
0000a2 bbe5      	OUT  0x15,R30
                 ; 0000 0041 DDRC=0x00;
0000a3 bbe4      	OUT  0x14,R30
                 ; 0000 0042 
                 ; 0000 0043 // Port D initialization
                 ; 0000 0044 // Func7=In Func6=In Func5=In Func4=In Func3=In Func2=In Func1=In Func0=In
                 ; 0000 0045 // State7=T State6=T State5=T State4=T State3=T State2=T State1=T State0=T
                 ; 0000 0046 PORTD=0x00;
0000a4 bbe2      	OUT  0x12,R30
                 ; 0000 0047 DDRD=0x00;
0000a5 bbe1      	OUT  0x11,R30
                 ; 0000 0048 
                 ; 0000 0049 // Timer/Counter 0 initialization
                 ; 0000 004A // Clock source: System Clock
                 ; 0000 004B // Clock value: Timer 0 Stopped
                 ; 0000 004C TCCR0=0x00;
0000a6 bfe3      	OUT  0x33,R30
                 ; 0000 004D TCNT0=0x00;
0000a7 bfe2      	OUT  0x32,R30
                 ; 0000 004E 
                 ; 0000 004F // Timer/Counter 1 initialization
                 ; 0000 0050 // Clock source: System Clock
                 ; 0000 0051 // Clock value: 14,400 kHz
                 ; 0000 0052 // Mode: Normal top=0xFFFF
                 ; 0000 0053 // OC1A output: Toggle
                 ; 0000 0054 // OC1B output: Discon.
                 ; 0000 0055 // Noise Canceler: Off
                 ; 0000 0056 // Input Capture on Falling Edge
                 ; 0000 0057 // Timer1 Overflow Interrupt: On
                 ; 0000 0058 // Input Capture Interrupt: Off
                 ; 0000 0059 // Compare A Match Interrupt: On
                 ; 0000 005A // Compare B Match Interrupt: Off
                 ; 0000 005B TCCR1A=0x40;
0000a8 e4e0      	LDI  R30,LOW(64)
0000a9 bdef      	OUT  0x2F,R30
                 ; 0000 005C TCCR1B=0x05;
0000aa e0e5      	LDI  R30,LOW(5)
0000ab bdee      	OUT  0x2E,R30
                 ; 0000 005D TCNT1H=0x38;
0000ac e3e8      	LDI  R30,LOW(56)
0000ad bded      	OUT  0x2D,R30
                 ; 0000 005E TCNT1L=0x3F;
0000ae e3ef      	LDI  R30,LOW(63)
0000af bdec      	OUT  0x2C,R30
                 ; 0000 005F ICR1H=0x00;
0000b0 e0e0      	LDI  R30,LOW(0)
0000b1 bde7      	OUT  0x27,R30
                 ; 0000 0060 ICR1L=0x00;
0000b2 bde6      	OUT  0x26,R30
                 ; 0000 0061 OCR1AH=0xFF;
0000b3 efef      	LDI  R30,LOW(255)
0000b4 bdeb      	OUT  0x2B,R30
                 ; 0000 0062 OCR1AL=0xFF;
0000b5 bdea      	OUT  0x2A,R30
                 ; 0000 0063 OCR1BH=0x00;
0000b6 e0e0      	LDI  R30,LOW(0)
0000b7 bde9      	OUT  0x29,R30
                 ; 0000 0064 OCR1BL=0x00;
0000b8 bde8      	OUT  0x28,R30
                 ; 0000 0065 
                 ; 0000 0066 // Timer/Counter 2 initialization
                 ; 0000 0067 // Clock source: System Clock
                 ; 0000 0068 // Clock value: Timer2 Stopped
                 ; 0000 0069 // Mode: Normal top=0xFF
                 ; 0000 006A // OC2 output: Disconnected
                 ; 0000 006B ASSR=0x00;
0000b9 bde2      	OUT  0x22,R30
                 ; 0000 006C TCCR2=0x00;
0000ba bde5      	OUT  0x25,R30
                 ; 0000 006D TCNT2=0x00;
0000bb bde4      	OUT  0x24,R30
                 ; 0000 006E OCR2=0x00;
0000bc bde3      	OUT  0x23,R30
                 ; 0000 006F 
                 ; 0000 0070 
                 ; 0000 0071 // External Interrupt(s) initialization
                 ; 0000 0072 // INT0: Off
                 ; 0000 0073 // INT1: Off
                 ; 0000 0074 // INT2: On
                 ; 0000 0075 // INT2 Mode: Falling Edge
                 ; 0000 0076 GICR|=(0<<INT1) | (0<<INT0) | (1<<INT2);
0000bd b7eb      	IN   R30,0x3B
0000be 62e0      	ORI  R30,0x20
0000bf bfeb      	OUT  0x3B,R30
                 ; 0000 0077 MCUCR=(0<<ISC11) | (0<<ISC10) | (0<<ISC01) | (0<<ISC00);
0000c0 e0e0      	LDI  R30,LOW(0)
0000c1 bfe5      	OUT  0x35,R30
                 ; 0000 0078 MCUCSR=(0<<ISC2);
0000c2 bfe4      	OUT  0x34,R30
                 ; 0000 0079 GIFR=(0<<INTF1) | (0<<INTF0) | (1<<INTF2);
0000c3 e2e0      	LDI  R30,LOW(32)
0000c4 bfea      	OUT  0x3A,R30
                 ; 0000 007A 
                 ; 0000 007B // Timer(s)/Counter(s) Interrupt(s) initialization
                 ; 0000 007C TIMSK=0x04;
0000c5 e0e4      	LDI  R30,LOW(4)
0000c6 bfe9      	OUT  0x39,R30
                 ; 0000 007D 
                 ; 0000 007E // USART initialization
                 ; 0000 007F // USART disabled
                 ; 0000 0080 UCSRB=0x00;
0000c7 e0e0      	LDI  R30,LOW(0)
0000c8 b9ea      	OUT  0xA,R30
                 ; 0000 0081 
                 ; 0000 0082 // Analog Comparator initialization
                 ; 0000 0083 // Analog Comparator: Off
                 ; 0000 0084 // Analog Comparator Input Capture by Timer/Counter 1: Off
                 ; 0000 0085 ACSR=0x80;
0000c9 e8e0      	LDI  R30,LOW(128)
0000ca b9e8      	OUT  0x8,R30
                 ; 0000 0086 SFIOR=0x00;
0000cb e0e0      	LDI  R30,LOW(0)
0000cc bfe0      	OUT  0x30,R30
                 ; 0000 0087 
                 ; 0000 0088 // ADC initialization
                 ; 0000 0089 // ADC disabled
                 ; 0000 008A ADCSRA=0x00;
0000cd b9e6      	OUT  0x6,R30
                 ; 0000 008B 
                 ; 0000 008C // SPI initialization
                 ; 0000 008D // SPI disabled
                 ; 0000 008E SPCR=0x00;
0000ce b9ed      	OUT  0xD,R30
                 ; 0000 008F 
                 ; 0000 0090 // TWI initialization
                 ; 0000 0091 // TWI disabled
                 ; 0000 0092 TWCR=0x00;
0000cf bfe6      	OUT  0x36,R30
                 ; 0000 0093 
                 ; 0000 0094 // Global enable interrupts
                 ; 0000 0095 #asm("sei")
0000d0 9478      	SEI
                 ; 0000 0096 
                 ; 0000 0097 
                 ; 0000 0098 while (1)
                 _0x19:
                 ; 0000 0099 {
                 ; 0000 009A if (combustivel/1000 <=10)
0000d1 e0a0      	LDI  R26,LOW(_combustivel)
0000d2 e0b0      	LDI  R27,HIGH(_combustivel)
0000d3 d1f7      	RCALL __EEPROMRDW
0000d4 01df      	MOVW R26,R30
0000d5 eee8      	LDI  R30,LOW(1000)
0000d6 e0f3      	LDI  R31,HIGH(1000)
0000d7 d1d7      	RCALL __DIVW21
0000d8 973b      	SBIW R30,11
0000d9 f47c      	BRGE _0x1C
                 ; 0000 009B {
                 ; 0000 009C printf("Alerta. Abastea! Seu combustvel  de %d", combustivel);
                +
0000da e6e6     +LDI R30 , LOW ( 2 * _0x0 + ( 0 ) )
0000db e0f0     +LDI R31 , HIGH ( 2 * _0x0 + ( 0 ) )
                 	__POINTW1FN _0x0,0
0000dc 93fa      	ST   -Y,R31
0000dd 93ea      	ST   -Y,R30
0000de e0a0      	LDI  R26,LOW(_combustivel)
0000df e0b0      	LDI  R27,HIGH(_combustivel)
0000e0 d1ea      	RCALL __EEPROMRDW
                +
0000e1 2f6f     +MOV R22 , R31
0000e2 0f66     +ADD R22 , R22
0000e3 0b66     +SBC R22 , R22
0000e4 2f76     +MOV R23 , R22
                 	__CWD1
0000e5 d1e0      	RCALL __PUTPARD1
0000e6 e084      	LDI  R24,4
0000e7 d140      	RCALL _printf
0000e8 9626      	ADIW R28,6
                 ; 0000 009D }
                 ; 0000 009E }
                 _0x1C:
0000e9 cfe7      	RJMP _0x19
                 ; 0000 009F }
                 _0x1D:
0000ea cfff      	RJMP _0x1D
                 ; .FEND
                 	#ifndef __SLEEP_DEFINED__
                 	#endif
                 
                 	.CSEG
                 _putchar:
                 ; .FSTART _putchar
0000eb 93aa      	ST   -Y,R26
                 putchar0:
0000ec 9b5d           sbis usr,udre
0000ed cffe           rjmp putchar0
0000ee 81e8           ld   r30,y
0000ef b9ec           out  udr,r30
0000f0 9621      	ADIW R28,1
0000f1 9508      	RET
                 ; .FEND
                 _put_usart_G100:
                 ; .FSTART _put_usart_G100
0000f2 d199      	RCALL __SAVELOCR4
0000f3 018d      	MOVW R16,R26
0000f4 813c      	LDD  R19,Y+4
0000f5 2fa3      	MOV  R26,R19
0000f6 dff4      	RCALL _putchar
0000f7 01d8      	MOVW R26,R16
0000f8 91ed      	LD   R30,X+
0000f9 91fd      	LD   R31,X+
0000fa 9631      	ADIW R30,1
0000fb 93fe      	ST   -X,R31
0000fc 93ee      	ST   -X,R30
0000fd d195      	RCALL __LOADLOCR4
0000fe 9625      	ADIW R28,5
0000ff 9508      	RET
                 ; .FEND
                 __print_G100:
                 ; .FSTART __print_G100
000100 93ba      	ST   -Y,R27
000101 93aa      	ST   -Y,R26
000102 9726      	SBIW R28,6
000103 d186      	RCALL __SAVELOCR6
000104 e010      	LDI  R17,0
000105 85ac      	LDD  R26,Y+12
000106 85bd      	LDD  R27,Y+12+1
000107 e0e0      	LDI  R30,LOW(0)
000108 e0f0      	LDI  R31,HIGH(0)
000109 93ed      	ST   X+,R30
00010a 93fc      	ST   X,R31
                 _0x2000016:
00010b 89ea      	LDD  R30,Y+18
00010c 89fb      	LDD  R31,Y+18+1
00010d 9631      	ADIW R30,1
00010e 8bea      	STD  Y+18,R30
00010f 8bfb      	STD  Y+18+1,R31
000110 9731      	SBIW R30,1
000111 91e4      	LPM  R30,Z
000112 2f2e      	MOV  R18,R30
000113 30e0      	CPI  R30,0
000114 f409      	BRNE PC+2
000115 c10b      	RJMP _0x2000018
000116 2fe1      	MOV  R30,R17
000117 30e0      	CPI  R30,0
000118 f431      	BRNE _0x200001C
000119 3225      	CPI  R18,37
00011a f411      	BRNE _0x200001D
00011b e011      	LDI  R17,LOW(1)
00011c c001      	RJMP _0x200001E
                 _0x200001D:
00011d d14f      	RCALL SUBOPT_0x1
                 _0x200001E:
00011e c101      	RJMP _0x200001B
                 _0x200001C:
00011f 30e1      	CPI  R30,LOW(0x1)
000120 f4a1      	BRNE _0x200001F
000121 3225      	CPI  R18,37
000122 f411      	BRNE _0x2000020
000123 d149      	RCALL SUBOPT_0x1
000124 c0fa      	RJMP _0x20000CC
                 _0x2000020:
000125 e012      	LDI  R17,LOW(2)
000126 e040      	LDI  R20,LOW(0)
000127 e000      	LDI  R16,LOW(0)
000128 322d      	CPI  R18,45
000129 f411      	BRNE _0x2000021
00012a e001      	LDI  R16,LOW(1)
00012b c0f4      	RJMP _0x200001B
                 _0x2000021:
00012c 322b      	CPI  R18,43
00012d f411      	BRNE _0x2000022
00012e e24b      	LDI  R20,LOW(43)
00012f c0f0      	RJMP _0x200001B
                 _0x2000022:
000130 3220      	CPI  R18,32
000131 f411      	BRNE _0x2000023
000132 e240      	LDI  R20,LOW(32)
000133 c0ec      	RJMP _0x200001B
                 _0x2000023:
000134 c002      	RJMP _0x2000024
                 _0x200001F:
000135 30e2      	CPI  R30,LOW(0x2)
000136 f439      	BRNE _0x2000025
                 _0x2000024:
000137 e050      	LDI  R21,LOW(0)
000138 e013      	LDI  R17,LOW(3)
000139 3320      	CPI  R18,48
00013a f411      	BRNE _0x2000026
00013b 6800      	ORI  R16,LOW(128)
00013c c0e3      	RJMP _0x200001B
                 _0x2000026:
00013d c003      	RJMP _0x2000027
                 _0x2000025:
00013e 30e3      	CPI  R30,LOW(0x3)
00013f f009      	BREQ PC+2
000140 c0df      	RJMP _0x200001B
                 _0x2000027:
000141 3320      	CPI  R18,48
000142 f010      	BRLO _0x200002A
000143 332a      	CPI  R18,58
000144 f008      	BRLO _0x200002B
                 _0x200002A:
000145 c007      	RJMP _0x2000029
                 _0x200002B:
000146 e0aa      	LDI  R26,LOW(10)
000147 9f5a      	MUL  R21,R26
000148 2d50      	MOV  R21,R0
000149 2fe2      	MOV  R30,R18
00014a 53e0      	SUBI R30,LOW(48)
00014b 0f5e      	ADD  R21,R30
00014c c0d3      	RJMP _0x200001B
                 _0x2000029:
00014d 2fe2      	MOV  R30,R18
00014e 36e3      	CPI  R30,LOW(0x63)
00014f f439      	BRNE _0x200002F
000150 d123      	RCALL SUBOPT_0x2
000151 89e8      	LDD  R30,Y+16
000152 89f9      	LDD  R31,Y+16+1
000153 81a4      	LDD  R26,Z+4
000154 93aa      	ST   -Y,R26
000155 d124      	RCALL SUBOPT_0x3
000156 c0c8      	RJMP _0x2000030
                 _0x200002F:
000157 37e3      	CPI  R30,LOW(0x73)
000158 f429      	BRNE _0x2000032
000159 d11a      	RCALL SUBOPT_0x2
00015a d125      	RCALL SUBOPT_0x4
00015b d0f3      	RCALL _strlen
00015c 2f1e      	MOV  R17,R30
00015d c007      	RJMP _0x2000033
                 _0x2000032:
00015e 37e0      	CPI  R30,LOW(0x70)
00015f f449      	BRNE _0x2000035
000160 d113      	RCALL SUBOPT_0x2
000161 d11e      	RCALL SUBOPT_0x4
000162 d0f8      	RCALL _strlenf
000163 2f1e      	MOV  R17,R30
000164 6008      	ORI  R16,LOW(8)
                 _0x2000033:
000165 6002      	ORI  R16,LOW(2)
000166 770f      	ANDI R16,LOW(127)
000167 e030      	LDI  R19,LOW(0)
000168 c03a      	RJMP _0x2000036
                 _0x2000035:
000169 36e4      	CPI  R30,LOW(0x64)
00016a f011      	BREQ _0x2000039
00016b 36e9      	CPI  R30,LOW(0x69)
00016c f411      	BRNE _0x200003A
                 _0x2000039:
00016d 6004      	ORI  R16,LOW(4)
00016e c002      	RJMP _0x200003B
                 _0x200003A:
00016f 37e5      	CPI  R30,LOW(0x75)
000170 f431      	BRNE _0x200003C
                 _0x200003B:
000171 e5e4      	LDI  R30,LOW(_tbl10_G100*2)
000172 e0f0      	LDI  R31,HIGH(_tbl10_G100*2)
000173 83ee      	STD  Y+6,R30
000174 83ff      	STD  Y+6+1,R31
000175 e015      	LDI  R17,LOW(5)
000176 c00c      	RJMP _0x200003D
                 _0x200003C:
000177 35e8      	CPI  R30,LOW(0x58)
000178 f411      	BRNE _0x200003F
000179 6008      	ORI  R16,LOW(8)
00017a c003      	RJMP _0x2000040
                 _0x200003F:
00017b 37e8      	CPI  R30,LOW(0x78)
00017c f009      	BREQ PC+2
00017d c0a1      	RJMP _0x2000071
                 _0x2000040:
00017e e5ee      	LDI  R30,LOW(_tbl16_G100*2)
00017f e0f0      	LDI  R31,HIGH(_tbl16_G100*2)
000180 83ee      	STD  Y+6,R30
000181 83ff      	STD  Y+6+1,R31
000182 e014      	LDI  R17,LOW(4)
                 _0x200003D:
000183 ff02      	SBRS R16,2
000184 c015      	RJMP _0x2000042
000185 d0ee      	RCALL SUBOPT_0x2
000186 89a8      	LDD  R26,Y+16
000187 89b9      	LDD  R27,Y+16+1
000188 9614      	ADIW R26,4
000189 91ed      	LD   R30,X+
00018a 91fd      	LD   R31,X+
00018b 87ea      	STD  Y+10,R30
00018c 87fb      	STD  Y+10+1,R31
00018d 85ab      	LDD  R26,Y+11
00018e 23aa      	TST  R26
00018f f422      	BRPL _0x2000043
000190 d107      	RCALL __ANEGW1
000191 87ea      	STD  Y+10,R30
000192 87fb      	STD  Y+10+1,R31
000193 e24d      	LDI  R20,LOW(45)
                 _0x2000043:
000194 3040      	CPI  R20,0
000195 f011      	BREQ _0x2000044
000196 5f1f      	SUBI R17,-LOW(1)
000197 c001      	RJMP _0x2000045
                 _0x2000044:
000198 7f0b      	ANDI R16,LOW(251)
                 _0x2000045:
000199 c009      	RJMP _0x2000046
                 _0x2000042:
00019a d0d9      	RCALL SUBOPT_0x2
00019b 89a8      	LDD  R26,Y+16
00019c 89b9      	LDD  R27,Y+16+1
00019d 9614      	ADIW R26,4
                +
00019e 91ed     +LD R30 , X +
00019f 91fc     +LD R31 , X
0001a0 9711     +SBIW R26 , 1
                 	__GETW1P
0001a1 87ea      	STD  Y+10,R30
0001a2 87fb      	STD  Y+10+1,R31
                 _0x2000046:
                 _0x2000036:
0001a3 fd00      	SBRC R16,0
0001a4 c010      	RJMP _0x2000047
                 _0x2000048:
0001a5 1715      	CP   R17,R21
0001a6 f470      	BRSH _0x200004A
0001a7 ff07      	SBRS R16,7
0001a8 c008      	RJMP _0x200004B
0001a9 ff02      	SBRS R16,2
0001aa c004      	RJMP _0x200004C
0001ab 7f0b      	ANDI R16,LOW(251)
0001ac 2f24      	MOV  R18,R20
0001ad 5011      	SUBI R17,LOW(1)
0001ae c001      	RJMP _0x200004D
                 _0x200004C:
0001af e320      	LDI  R18,LOW(48)
                 _0x200004D:
0001b0 c001      	RJMP _0x200004E
                 _0x200004B:
0001b1 e220      	LDI  R18,LOW(32)
                 _0x200004E:
0001b2 d0ba      	RCALL SUBOPT_0x1
0001b3 5051      	SUBI R21,LOW(1)
0001b4 cff0      	RJMP _0x2000048
                 _0x200004A:
                 _0x2000047:
0001b5 2f31      	MOV  R19,R17
0001b6 ff01      	SBRS R16,1
0001b7 c016      	RJMP _0x200004F
                 _0x2000050:
0001b8 3030      	CPI  R19,0
0001b9 f099      	BREQ _0x2000052
0001ba ff03      	SBRS R16,3
0001bb c006      	RJMP _0x2000053
0001bc 81ee      	LDD  R30,Y+6
0001bd 81ff      	LDD  R31,Y+6+1
0001be 9125      	LPM  R18,Z+
0001bf 83ee      	STD  Y+6,R30
0001c0 83ff      	STD  Y+6+1,R31
0001c1 c005      	RJMP _0x2000054
                 _0x2000053:
0001c2 81ae      	LDD  R26,Y+6
0001c3 81bf      	LDD  R27,Y+6+1
0001c4 912d      	LD   R18,X+
0001c5 83ae      	STD  Y+6,R26
0001c6 83bf      	STD  Y+6+1,R27
                 _0x2000054:
0001c7 d0a5      	RCALL SUBOPT_0x1
0001c8 3050      	CPI  R21,0
0001c9 f009      	BREQ _0x2000055
0001ca 5051      	SUBI R21,LOW(1)
                 _0x2000055:
0001cb 5031      	SUBI R19,LOW(1)
0001cc cfeb      	RJMP _0x2000050
                 _0x2000052:
0001cd c048      	RJMP _0x2000056
                 _0x200004F:
                 _0x2000058:
0001ce e320      	LDI  R18,LOW(48)
0001cf 81ee      	LDD  R30,Y+6
0001d0 81ff      	LDD  R31,Y+6+1
0001d1 d0f0      	RCALL __GETW1PF
0001d2 87e8      	STD  Y+8,R30
0001d3 87f9      	STD  Y+8+1,R31
0001d4 81ee      	LDD  R30,Y+6
0001d5 81ff      	LDD  R31,Y+6+1
0001d6 9632      	ADIW R30,2
0001d7 83ee      	STD  Y+6,R30
0001d8 83ff      	STD  Y+6+1,R31
                 _0x200005A:
0001d9 85e8      	LDD  R30,Y+8
0001da 85f9      	LDD  R31,Y+8+1
0001db 85aa      	LDD  R26,Y+10
0001dc 85bb      	LDD  R27,Y+10+1
0001dd 17ae      	CP   R26,R30
0001de 07bf      	CPC  R27,R31
0001df f050      	BRLO _0x200005C
0001e0 5f2f      	SUBI R18,-LOW(1)
0001e1 85a8      	LDD  R26,Y+8
0001e2 85b9      	LDD  R27,Y+8+1
0001e3 85ea      	LDD  R30,Y+10
0001e4 85fb      	LDD  R31,Y+10+1
0001e5 1bea      	SUB  R30,R26
0001e6 0bfb      	SBC  R31,R27
0001e7 87ea      	STD  Y+10,R30
0001e8 87fb      	STD  Y+10+1,R31
0001e9 cfef      	RJMP _0x200005A
                 _0x200005C:
0001ea 332a      	CPI  R18,58
0001eb f028      	BRLO _0x200005D
0001ec ff03      	SBRS R16,3
0001ed c002      	RJMP _0x200005E
0001ee 5f29      	SUBI R18,-LOW(7)
0001ef c001      	RJMP _0x200005F
                 _0x200005E:
0001f0 5d29      	SUBI R18,-LOW(39)
                 _0x200005F:
                 _0x200005D:
0001f1 fd04      	SBRC R16,4
0001f2 c019      	RJMP _0x2000061
0001f3 3321      	CPI  R18,49
0001f4 f420      	BRSH _0x2000063
0001f5 85a8      	LDD  R26,Y+8
0001f6 85b9      	LDD  R27,Y+8+1
0001f7 9711      	SBIW R26,1
0001f8 f409      	BRNE _0x2000062
                 _0x2000063:
0001f9 c009      	RJMP _0x20000CD
                 _0x2000062:
0001fa 1753      	CP   R21,R19
0001fb f010      	BRLO _0x2000067
0001fc ff00      	SBRS R16,0
0001fd c001      	RJMP _0x2000068
                 _0x2000067:
0001fe c011      	RJMP _0x2000066
                 _0x2000068:
0001ff e220      	LDI  R18,LOW(32)
000200 ff07      	SBRS R16,7
000201 c00a      	RJMP _0x2000069
000202 e320      	LDI  R18,LOW(48)
                 _0x20000CD:
000203 6100      	ORI  R16,LOW(16)
000204 ff02      	SBRS R16,2
000205 c006      	RJMP _0x200006A
000206 7f0b      	ANDI R16,LOW(251)
000207 934a      	ST   -Y,R20
000208 d071      	RCALL SUBOPT_0x3
000209 3050      	CPI  R21,0
00020a f009      	BREQ _0x200006B
00020b 5051      	SUBI R21,LOW(1)
                 _0x200006B:
                 _0x200006A:
                 _0x2000069:
                 _0x2000061:
00020c d060      	RCALL SUBOPT_0x1
00020d 3050      	CPI  R21,0
00020e f009      	BREQ _0x200006C
00020f 5051      	SUBI R21,LOW(1)
                 _0x200006C:
                 _0x2000066:
000210 5031      	SUBI R19,LOW(1)
000211 85a8      	LDD  R26,Y+8
000212 85b9      	LDD  R27,Y+8+1
000213 9712      	SBIW R26,2
000214 f008      	BRLO _0x2000059
000215 cfb8      	RJMP _0x2000058
                 _0x2000059:
                 _0x2000056:
000216 ff00      	SBRS R16,0
000217 c007      	RJMP _0x200006D
                 _0x200006E:
000218 3050      	CPI  R21,0
000219 f029      	BREQ _0x2000070
00021a 5051      	SUBI R21,LOW(1)
00021b e2e0      	LDI  R30,LOW(32)
00021c 93ea      	ST   -Y,R30
00021d d05c      	RCALL SUBOPT_0x3
00021e cff9      	RJMP _0x200006E
                 _0x2000070:
                 _0x200006D:
                 _0x2000071:
                 _0x2000030:
                 _0x20000CC:
00021f e010      	LDI  R17,LOW(0)
                 _0x200001B:
000220 ceea      	RJMP _0x2000016
                 _0x2000018:
000221 85ac      	LDD  R26,Y+12
000222 85bd      	LDD  R27,Y+12+1
000223 91ed      	LD   R30,X+
000224 91fd      	LD   R31,X+
000225 d06b      	RCALL __LOADLOCR6
000226 9664      	ADIW R28,20
000227 9508      	RET
                 ; .FEND
                 _printf:
                 ; .FSTART _printf
000228 92ff      	PUSH R15
000229 2ef8      	MOV  R15,R24
00022a 9726      	SBIW R28,6
00022b 931a      	ST   -Y,R17
00022c 930a      	ST   -Y,R16
00022d 01de      	MOVW R26,R28
00022e 9614      	ADIW R26,4
                +
00022f 2400     +CLR R0
000230 0daf     +ADD R26 , R15
000231 1db0     +ADC R27 , R0
                 	__ADDW2R15
000232 018d      	MOVW R16,R26
000233 e0e0      	LDI  R30,LOW(0)
000234 83ec      	STD  Y+4,R30
000235 83ed      	STD  Y+4+1,R30
000236 83ee      	STD  Y+6,R30
000237 83ef      	STD  Y+6+1,R30
000238 01de      	MOVW R26,R28
000239 9618      	ADIW R26,8
                +
00023a 2400     +CLR R0
00023b 0daf     +ADD R26 , R15
00023c 1db0     +ADC R27 , R0
                 	__ADDW2R15
00023d 91ed      	LD   R30,X+
00023e 91fd      	LD   R31,X+
00023f 93fa      	ST   -Y,R31
000240 93ea      	ST   -Y,R30
000241 931a      	ST   -Y,R17
000242 930a      	ST   -Y,R16
000243 efe2      	LDI  R30,LOW(_put_usart_G100)
000244 e0f0      	LDI  R31,HIGH(_put_usart_G100)
000245 93fa      	ST   -Y,R31
000246 93ea      	ST   -Y,R30
000247 01de      	MOVW R26,R28
000248 9618      	ADIW R26,8
000249 deb6      	RCALL __print_G100
00024a 8119      	LDD  R17,Y+1
00024b 8108      	LDD  R16,Y+0
00024c 9628      	ADIW R28,8
00024d 90ff      	POP  R15
00024e 9508      	RET
                 ; .FEND
                 
                 	.CSEG
                 
                 	.CSEG
                 _strlen:
                 ; .FSTART _strlen
00024f 93ba      	ST   -Y,R27
000250 93aa      	ST   -Y,R26
000251 91a9          ld   r26,y+
000252 91b9          ld   r27,y+
000253 27ee          clr  r30
000254 27ff          clr  r31
                 strlen0:
000255 916d          ld   r22,x+
000256 2366          tst  r22
000257 f011          breq strlen1
000258 9631          adiw r30,1
000259 cffb          rjmp strlen0
                 strlen1:
00025a 9508          ret
                 ; .FEND
                 _strlenf:
                 ; .FSTART _strlenf
00025b 93ba      	ST   -Y,R27
00025c 93aa      	ST   -Y,R26
00025d 27aa          clr  r26
00025e 27bb          clr  r27
00025f 91e9          ld   r30,y+
000260 91f9          ld   r31,y+
                 strlenf0:
000261 9005      	lpm  r0,z+
000262 2000          tst  r0
000263 f011          breq strlenf1
000264 9611          adiw r26,1
000265 cffb          rjmp strlenf0
                 strlenf1:
000266 01fd          movw r30,r26
000267 9508          ret
                 ; .FEND
                 
                 	.ESEG
                 _combustivel:
000000 00
000001 00        	.DB  0x0,0x0
                 
                 	.CSEG
                 ;OPTIMIZER ADDED SUBROUTINE, CALLED 2 TIMES, CODE SIZE REDUCTION:1 WORDS
                 SUBOPT_0x0:
000268 e1ef      	LDI  R30,LOW(31)
000269 bded      	OUT  0x2D,R30
00026a e0e0      	LDI  R30,LOW(0)
00026b bdec      	OUT  0x2C,R30
00026c 9508      	RET
                 
                 ;OPTIMIZER ADDED SUBROUTINE, CALLED 5 TIMES, CODE SIZE REDUCTION:18 WORDS
                 SUBOPT_0x1:
00026d 932a      	ST   -Y,R18
00026e 85ad      	LDD  R26,Y+13
00026f 85be      	LDD  R27,Y+13+1
000270 85ef      	LDD  R30,Y+15
000271 89f8      	LDD  R31,Y+15+1
000272 9509      	ICALL
000273 9508      	RET
                 
                 ;OPTIMIZER ADDED SUBROUTINE, CALLED 5 TIMES, CODE SIZE REDUCTION:14 WORDS
                 SUBOPT_0x2:
000274 89e8      	LDD  R30,Y+16
000275 89f9      	LDD  R31,Y+16+1
000276 9734      	SBIW R30,4
000277 8be8      	STD  Y+16,R30
000278 8bf9      	STD  Y+16+1,R31
000279 9508      	RET
                 
                 ;OPTIMIZER ADDED SUBROUTINE, CALLED 3 TIMES, CODE SIZE REDUCTION:6 WORDS
                 SUBOPT_0x3:
00027a 85ad      	LDD  R26,Y+13
00027b 85be      	LDD  R27,Y+13+1
00027c 85ef      	LDD  R30,Y+15
00027d 89f8      	LDD  R31,Y+15+1
00027e 9509      	ICALL
00027f 9508      	RET
                 
                 ;OPTIMIZER ADDED SUBROUTINE, CALLED 2 TIMES, CODE SIZE REDUCTION:6 WORDS
                 SUBOPT_0x4:
000280 89a8      	LDD  R26,Y+16
000281 89b9      	LDD  R27,Y+16+1
000282 9614      	ADIW R26,4
000283 91ed      	LD   R30,X+
000284 91fd      	LD   R31,X+
000285 83ee      	STD  Y+6,R30
000286 83ff      	STD  Y+6+1,R31
000287 81ae      	LDD  R26,Y+6
000288 81bf      	LDD  R27,Y+6+1
000289 9508      	RET
                 
                 ;RUNTIME LIBRARY
                 
                 	.CSEG
                 __SAVELOCR6:
00028a 935a      	ST   -Y,R21
                 __SAVELOCR5:
00028b 934a      	ST   -Y,R20
                 __SAVELOCR4:
00028c 933a      	ST   -Y,R19
                 __SAVELOCR3:
00028d 932a      	ST   -Y,R18
                 __SAVELOCR2:
00028e 931a      	ST   -Y,R17
00028f 930a      	ST   -Y,R16
000290 9508      	RET
                 
                 __LOADLOCR6:
000291 815d      	LDD  R21,Y+5
                 __LOADLOCR5:
000292 814c      	LDD  R20,Y+4
                 __LOADLOCR4:
000293 813b      	LDD  R19,Y+3
                 __LOADLOCR3:
000294 812a      	LDD  R18,Y+2
                 __LOADLOCR2:
000295 8119      	LDD  R17,Y+1
000296 8108      	LD   R16,Y
000297 9508      	RET
                 
                 __ANEGW1:
000298 95f1      	NEG  R31
000299 95e1      	NEG  R30
00029a 40f0      	SBCI R31,0
00029b 9508      	RET
                 
                 __DIVW21U:
00029c 2400      	CLR  R0
00029d 2411      	CLR  R1
00029e e190      	LDI  R25,16
                 __DIVW21U1:
00029f 0faa      	LSL  R26
0002a0 1fbb      	ROL  R27
0002a1 1c00      	ROL  R0
0002a2 1c11      	ROL  R1
0002a3 1a0e      	SUB  R0,R30
0002a4 0a1f      	SBC  R1,R31
0002a5 f418      	BRCC __DIVW21U2
0002a6 0e0e      	ADD  R0,R30
0002a7 1e1f      	ADC  R1,R31
0002a8 c001      	RJMP __DIVW21U3
                 __DIVW21U2:
0002a9 60a1      	SBR  R26,1
                 __DIVW21U3:
0002aa 959a      	DEC  R25
0002ab f799      	BRNE __DIVW21U1
0002ac 01fd      	MOVW R30,R26
0002ad 01d0      	MOVW R26,R0
0002ae 9508      	RET
                 
                 __DIVW21:
0002af d004      	RCALL __CHKSIGNW
0002b0 dfeb      	RCALL __DIVW21U
0002b1 f40e      	BRTC __DIVW211
0002b2 dfe5      	RCALL __ANEGW1
                 __DIVW211:
0002b3 9508      	RET
                 
                 __CHKSIGNW:
0002b4 94e8      	CLT
0002b5 fff7      	SBRS R31,7
0002b6 c002      	RJMP __CHKSW1
0002b7 dfe0      	RCALL __ANEGW1
0002b8 9468      	SET
                 __CHKSW1:
0002b9 ffb7      	SBRS R27,7
0002ba c006      	RJMP __CHKSW2
0002bb 95b1      	NEG  R27
0002bc 95a1      	NEG  R26
0002bd 40b0      	SBCI R27,0
0002be f800      	BLD  R0,0
0002bf 9403      	INC  R0
0002c0 fa00      	BST  R0,0
                 __CHKSW2:
0002c1 9508      	RET
                 
                 __GETW1PF:
0002c2 9005      	LPM  R0,Z+
0002c3 91f4      	LPM  R31,Z
0002c4 2de0      	MOV  R30,R0
0002c5 9508      	RET
                 
                 __PUTPARD1:
0002c6 937a      	ST   -Y,R23
0002c7 936a      	ST   -Y,R22
0002c8 93fa      	ST   -Y,R31
0002c9 93ea      	ST   -Y,R30
0002ca 9508      	RET
                 
                 __EEPROMRDW:
0002cb 9611      	ADIW R26,1
0002cc d002      	RCALL __EEPROMRDB
0002cd 2ffe      	MOV  R31,R30
0002ce 9711      	SBIW R26,1
                 
                 __EEPROMRDB:
0002cf 99e1      	SBIC EECR,EEWE
0002d0 cffe      	RJMP __EEPROMRDB
0002d1 93ff      	PUSH R31
0002d2 b7ff      	IN   R31,SREG
0002d3 94f8      	CLI
0002d4 bbae      	OUT  EEARL,R26
0002d5 bbbf      	OUT  EEARH,R27
0002d6 9ae0      	SBI  EECR,EERE
0002d7 b3ed      	IN   R30,EEDR
0002d8 bfff      	OUT  SREG,R31
0002d9 91ff      	POP  R31
0002da 9508      	RET
                 
                 __EEPROMWRW:
0002db d007      	RCALL __EEPROMWRB
0002dc 9611      	ADIW R26,1
0002dd 93ef      	PUSH R30
0002de 2fef      	MOV  R30,R31
0002df d003      	RCALL __EEPROMWRB
0002e0 91ef      	POP  R30
0002e1 9711      	SBIW R26,1
0002e2 9508      	RET
                 
                 __EEPROMWRB:
0002e3 9be1      	SBIS EECR,EEWE
0002e4 c002      	RJMP __EEPROMWRB1
0002e5 95a8      	WDR
0002e6 cffc      	RJMP __EEPROMWRB
                 __EEPROMWRB1:
0002e7 b79f      	IN   R25,SREG
0002e8 94f8      	CLI
0002e9 bbae      	OUT  EEARL,R26
0002ea bbbf      	OUT  EEARH,R27
0002eb 9ae0      	SBI  EECR,EERE
0002ec b38d      	IN   R24,EEDR
0002ed 17e8      	CP   R30,R24
0002ee f019      	BREQ __EEPROMWRB0
0002ef bbed      	OUT  EEDR,R30
0002f0 9ae2      	SBI  EECR,EEMWE
0002f1 9ae1      	SBI  EECR,EEWE
                 __EEPROMWRB0:
0002f2 bf9f      	OUT  SREG,R25
0002f3 9508      	RET
                 
                 ;END OF CODE MARKER
                 __END_OF_CODE:


RESOURCE USE INFORMATION
------------------------

Notice:
The register and instruction counts are symbol table hit counts,
and hence implicitly used resources are not counted, eg, the
'lpm' instruction without operands implicitly uses r0 and z,
none of which are counted.

x,y,z are separate entities in the symbol table and are
counted separately from r26..r31 here.

.dseg memory usage only counts static data declared with .byte

ATmega32 register use summary:
r0 :  17 r1 :   4 r2 :   0 r3 :   0 r4 :   0 r5 :   0 r6 :   0 r7 :   0 
r8 :   0 r9 :   0 r10:   0 r11:   0 r12:   0 r13:   0 r14:   0 r15:   5 
r16:  32 r17:  19 r18:  27 r19:  10 r20:   9 r21:  17 r22:   9 r23:   2 
r24:  10 r25:   7 r26:  68 r27:  36 r28:  11 r29:   1 r30: 170 r31:  61 
x  :  20 y  : 136 z  :   6 
Registers used: 22 out of 35 (62.9%)

ATmega32 instruction use summary:
.lds  :   0 .lds.l:   0 .sts  :   0 .sts.l:   0 adc   :   3 add   :   5 
adiw  :  18 and   :   0 andi  :   4 asr   :   0 bclr  :   0 bld   :   1 
brbc  :   0 brbs  :   0 brcc  :   1 brcs  :   0 break :   0 breq  :  12 
brge  :   1 brhc  :   0 brhs  :   0 brid  :   0 brie  :   0 brlo  :   6 
brlt  :   0 brmi  :   0 brne  :  20 brpl  :   1 brsh  :   2 brtc  :   1 
brts  :   0 brvc  :   0 brvs  :   0 bset  :   0 bst   :   1 call  :   0 
cbi   :   4 cbr   :   0 clc   :   0 clh   :   0 cli   :   3 cln   :   0 
clr   :  10 cls   :   0 clt   :   1 clv   :   0 clz   :   0 com   :   0 
cp    :   4 cpc   :   1 cpi   :  29 cpse  :   0 dec   :   2 des   :   0 
eor   :   0 fmul  :   0 fmuls :   0 fmulsu:   0 icall :   2 ijmp  :   0 
in    :   6 inc   :   1 jmp   :  22 ld    :  27 ldd   :  56 ldi   :  73 
lds   :   0 lpm   :   7 lsl   :   1 lsr   :   0 mov   :  16 movw  :  10 
mul   :   1 muls  :   0 mulsu :   0 neg   :   4 nop   :   0 or    :   0 
ori   :   7 out   :  52 pop   :   3 push  :   3 rcall :  41 ret   :  22 
reti  :   1 rjmp  :  72 rol   :   3 ror   :   0 sbc   :   3 sbci  :   2 
sbi   :   8 sbic  :   3 sbis  :   8 sbiw  :  12 sbr   :   1 sbrc  :   2 
sbrs  :  12 sec   :   0 seh   :   0 sei   :   1 sen   :   0 ser   :   0 
ses   :   0 set   :   1 sev   :   0 sez   :   0 sleep :   0 spm   :   0 
st    :  44 std   :  30 sts   :   0 sub   :   2 subi  :  13 swap  :   0 
tst   :   3 wdr   :   1 
Instructions used: 61 out of 116 (52.6%)

ATmega32 memory use summary [bytes]:
Segment   Begin    End      Code   Data   Used    Size   Use%
---------------------------------------------------------------
[.cseg] 0x000000 0x0005e8   1452     60   1512   32768   4.6%
[.dseg] 0x000060 0x000260      0      0      0    2048   0.0%
[.eseg] 0x000000 0x000002      0      2      2    1024   0.2%

Assembly complete, 0 errors, 0 warnings
